INFO 2023-10-07 03:54:42,541 autoreload 13796 9652 Watching for file changes with StatReloader
INFO 2023-10-07 03:57:14,495 autoreload 2028 14292 Watching for file changes with StatReloader
INFO 2023-10-07 03:58:13,069 autoreload 10644 9436 Watching for file changes with StatReloader
WARNING 2023-10-07 03:58:15,044 log 10644 11492 Not Found: /
WARNING 2023-10-07 03:58:15,044 basehttp 10644 11492 "GET / HTTP/1.1" 404 2429
INFO 2023-10-07 03:58:19,864 basehttp 10644 11492 "GET /apps HTTP/1.1" 301 0
INFO 2023-10-07 03:58:19,867 basehttp 10644 12696 "GET /apps/ HTTP/1.1" 200 40
INFO 2023-10-07 04:31:28,606 autoreload 10644 9436 F:\projects_1\my_testing_project\softapp\urls.py changed, reloading.
INFO 2023-10-07 04:31:29,085 autoreload 10568 8252 Watching for file changes with StatReloader
INFO 2023-10-07 04:33:13,031 basehttp 10568 6812 "GET /apps/ HTTP/1.1" 200 40
INFO 2023-10-07 05:40:22,100 autoreload 7404 11964 Watching for file changes with StatReloader
INFO 2023-10-07 05:40:44,988 autoreload 5808 12324 Watching for file changes with StatReloader
WARNING 2023-10-07 05:40:50,744 log 5808 5840 Not Found: /
WARNING 2023-10-07 05:40:50,744 basehttp 5808 5840 "GET / HTTP/1.1" 404 2429
ERROR 2023-10-07 05:41:04,696 log 5808 5840 Internal Server Error: /apps/
Traceback (most recent call last):
  File "F:\projects_1\my_testing_project\venv\lib\site-packages\django\core\handlers\exception.py", line 55, in inner
    response = get_response(request)
  File "F:\projects_1\my_testing_project\venv\lib\site-packages\django\core\handlers\base.py", line 197, in _get_response
    response = wrapped_callback(request, *callback_args, **callback_kwargs)
  File "F:\projects_1\my_testing_project\softapp\views.py", line 16, in index
    form = SoftappForm()
  File "F:\projects_1\my_testing_project\venv\lib\site-packages\django\forms\models.py", line 350, in __init__
    raise ValueError("ModelForm has no model class specified.")
ValueError: ModelForm has no model class specified.
ERROR 2023-10-07 05:41:04,696 basehttp 5808 5840 "GET /apps/ HTTP/1.1" 500 80593
INFO 2023-10-07 05:41:36,990 autoreload 9940 14208 Watching for file changes with StatReloader
ERROR 2023-10-07 05:41:47,148 log 9940 8580 Internal Server Error: /apps/
Traceback (most recent call last):
  File "F:\projects_1\my_testing_project\venv\lib\site-packages\django\core\handlers\exception.py", line 55, in inner
    response = get_response(request)
  File "F:\projects_1\my_testing_project\venv\lib\site-packages\django\core\handlers\base.py", line 197, in _get_response
    response = wrapped_callback(request, *callback_args, **callback_kwargs)
  File "F:\projects_1\my_testing_project\softapp\views.py", line 16, in index
    form = SoftappForm()
  File "F:\projects_1\my_testing_project\venv\lib\site-packages\django\forms\models.py", line 350, in __init__
    raise ValueError("ModelForm has no model class specified.")
ValueError: ModelForm has no model class specified.
ERROR 2023-10-07 05:41:47,149 basehttp 9940 8580 "GET /apps/ HTTP/1.1" 500 80730
INFO 2023-10-07 05:42:57,016 autoreload 13356 4164 Watching for file changes with StatReloader
INFO 2023-10-07 05:46:31,878 autoreload 9560 8392 Watching for file changes with StatReloader
ERROR 2023-10-07 05:46:38,787 log 9560 7916 Internal Server Error: /apps/
Traceback (most recent call last):
  File "F:\projects_1\my_testing_project\venv\lib\site-packages\django\core\handlers\exception.py", line 55, in inner
    response = get_response(request)
  File "F:\projects_1\my_testing_project\venv\lib\site-packages\django\core\handlers\base.py", line 197, in _get_response
    response = wrapped_callback(request, *callback_args, **callback_kwargs)
  File "F:\projects_1\my_testing_project\softapp\views.py", line 15, in index
    return render(request, 'softapp/index.html')
  File "F:\projects_1\my_testing_project\venv\lib\site-packages\django\shortcuts.py", line 24, in render
    content = loader.render_to_string(template_name, context, request, using=using)
  File "F:\projects_1\my_testing_project\venv\lib\site-packages\django\template\loader.py", line 61, in render_to_string
    template = get_template(template_name, using=using)
  File "F:\projects_1\my_testing_project\venv\lib\site-packages\django\template\loader.py", line 15, in get_template
    return engine.get_template(template_name)
  File "F:\projects_1\my_testing_project\venv\lib\site-packages\django\template\backends\django.py", line 33, in get_template
    return Template(self.engine.get_template(template_name), self)
  File "F:\projects_1\my_testing_project\venv\lib\site-packages\django\template\engine.py", line 175, in get_template
    template, origin = self.find_template(template_name)
  File "F:\projects_1\my_testing_project\venv\lib\site-packages\django\template\engine.py", line 157, in find_template
    template = loader.get_template(name, skip=skip)
  File "F:\projects_1\my_testing_project\venv\lib\site-packages\django\template\loaders\cached.py", line 57, in get_template
    template = super().get_template(template_name, skip)
  File "F:\projects_1\my_testing_project\venv\lib\site-packages\django\template\loaders\base.py", line 28, in get_template
    return Template(
  File "F:\projects_1\my_testing_project\venv\lib\site-packages\django\template\base.py", line 154, in __init__
    self.nodelist = self.compile_nodelist()
  File "F:\projects_1\my_testing_project\venv\lib\site-packages\django\template\base.py", line 200, in compile_nodelist
    return parser.parse()
  File "F:\projects_1\my_testing_project\venv\lib\site-packages\django\template\base.py", line 513, in parse
    raise self.error(token, e)
  File "F:\projects_1\my_testing_project\venv\lib\site-packages\django\template\base.py", line 511, in parse
    compiled_result = compile_func(self, token)
  File "F:\projects_1\my_testing_project\venv\lib\site-packages\django\template\defaulttags.py", line 759, in firstof
    raise TemplateSyntaxError("'firstof' statement requires at least one argument")
django.template.exceptions.TemplateSyntaxError: 'firstof' statement requires at least one argument
ERROR 2023-10-07 05:46:38,789 basehttp 9560 7916 "GET /apps/ HTTP/1.1" 500 140914
INFO 2023-10-07 05:53:20,339 autoreload 10276 4776 Watching for file changes with StatReloader
INFO 2023-10-07 05:53:27,432 basehttp 10276 6212 "GET /apps/ HTTP/1.1" 200 421
INFO 2023-10-07 05:53:30,619 basehttp 10276 6212 "POST /apps/ HTTP/1.1" 200 403
INFO 2023-10-07 05:53:37,377 basehttp 10276 6212 "POST /apps/ HTTP/1.1" 200 409
INFO 2023-10-07 05:54:07,625 autoreload 6992 8904 Watching for file changes with StatReloader
INFO 2023-10-07 05:54:33,353 autoreload 7844 9256 Watching for file changes with StatReloader
INFO 2023-10-07 05:54:36,727 basehttp 7844 6392 "POST /apps/ HTTP/1.1" 200 430
INFO 2023-10-07 05:54:40,277 basehttp 7844 6392 "POST /apps/ HTTP/1.1" 200 464
INFO 2023-10-07 05:55:43,639 basehttp 7844 6392 "POST /apps/ HTTP/1.1" 200 465
INFO 2023-10-07 05:55:46,534 basehttp 7844 6392 "POST /apps/ HTTP/1.1" 200 418
INFO 2023-10-07 06:05:28,009 basehttp 7844 6512 "POST /apps/ HTTP/1.1" 200 415
INFO 2023-10-07 06:05:31,998 basehttp 7844 6512 "POST /apps/ HTTP/1.1" 200 539
INFO 2023-10-07 06:05:35,782 basehttp 7844 6512 "POST /apps/ HTTP/1.1" 200 10938
INFO 2023-10-08 15:20:58,281 autoreload 14004 10352 Watching for file changes with StatReloader
ERROR 2023-10-08 15:21:07,298 log 14004 2808 Internal Server Error: /
Traceback (most recent call last):
  File "F:\projects_1\my_testing_project\venv\lib\site-packages\django\template\backends\django.py", line 61, in render
    return self.template.render(context)
  File "F:\projects_1\my_testing_project\venv\lib\site-packages\django\template\base.py", line 175, in render
    return self._render(context)
  File "F:\projects_1\my_testing_project\venv\lib\site-packages\django\template\base.py", line 167, in _render
    return self.nodelist.render(context)
  File "F:\projects_1\my_testing_project\venv\lib\site-packages\django\template\base.py", line 1005, in render
    return SafeString("".join([node.render_annotated(context) for node in self]))
  File "F:\projects_1\my_testing_project\venv\lib\site-packages\django\template\base.py", line 1005, in <listcomp>
    return SafeString("".join([node.render_annotated(context) for node in self]))
  File "F:\projects_1\my_testing_project\venv\lib\site-packages\django\template\base.py", line 966, in render_annotated
    return self.render(context)
  File "F:\projects_1\my_testing_project\venv\lib\site-packages\django\template\loader_tags.py", line 132, in render
    compiled_parent = self.get_parent(context)
  File "F:\projects_1\my_testing_project\venv\lib\site-packages\django\template\loader_tags.py", line 129, in get_parent
    return self.find_template(parent, context)
  File "F:\projects_1\my_testing_project\venv\lib\site-packages\django\template\loader_tags.py", line 107, in find_template
    template, origin = context.template.engine.find_template(
  File "F:\projects_1\my_testing_project\venv\lib\site-packages\django\template\engine.py", line 161, in find_template
    raise TemplateDoesNotExist(name, tried=tried)
django.template.exceptions.TemplateDoesNotExist: generating/index.html

The above exception was the direct cause of the following exception:

Traceback (most recent call last):
  File "F:\projects_1\my_testing_project\venv\lib\site-packages\django\core\handlers\exception.py", line 55, in inner
    response = get_response(request)
  File "F:\projects_1\my_testing_project\venv\lib\site-packages\django\core\handlers\base.py", line 197, in _get_response
    response = wrapped_callback(request, *callback_args, **callback_kwargs)
  File "F:\projects_1\my_testing_project\generating\views.py", line 7, in index
    return render(request, 'generating/index.html')
  File "F:\projects_1\my_testing_project\venv\lib\site-packages\django\shortcuts.py", line 24, in render
    content = loader.render_to_string(template_name, context, request, using=using)
  File "F:\projects_1\my_testing_project\venv\lib\site-packages\django\template\loader.py", line 62, in render_to_string
    return template.render(context, request)
  File "F:\projects_1\my_testing_project\venv\lib\site-packages\django\template\backends\django.py", line 63, in render
    reraise(exc, self.backend)
  File "F:\projects_1\my_testing_project\venv\lib\site-packages\django\template\backends\django.py", line 84, in reraise
    raise new from exc
django.template.exceptions.TemplateDoesNotExist: generating/index.html
ERROR 2023-10-08 15:21:07,300 basehttp 14004 2808 "GET / HTTP/1.1" 500 138066
WARNING 2023-10-08 15:21:07,496 log 14004 2808 Not Found: /favicon.ico
WARNING 2023-10-08 15:21:07,496 basehttp 14004 2808 "GET /favicon.ico HTTP/1.1" 404 2594
INFO 2023-10-08 15:21:07,977 autoreload 14004 10352 F:\projects_1\my_testing_project\my_testing_project\urls.py changed, reloading.
INFO 2023-10-08 15:21:08,404 autoreload 8792 4240 Watching for file changes with StatReloader
INFO 2023-10-08 15:21:23,956 autoreload 12988 14072 Watching for file changes with StatReloader
INFO 2023-10-08 15:21:25,130 basehttp 12988 4704 "GET / HTTP/1.1" 200 656
INFO 2023-10-08 15:23:29,054 autoreload 4668 10576 Watching for file changes with StatReloader
INFO 2023-10-08 15:23:32,411 basehttp 4668 2296 "GET / HTTP/1.1" 200 1339
INFO 2023-10-08 15:24:04,737 autoreload 5608 12244 Watching for file changes with StatReloader
INFO 2023-10-08 15:24:06,523 basehttp 5608 6856 "GET / HTTP/1.1" 200 1351
INFO 2023-10-08 15:37:49,132 basehttp 5608 10676 "GET /apps/ HTTP/1.1" 200 442
INFO 2023-10-08 15:37:54,028 basehttp 5608 10676 "GET / HTTP/1.1" 200 1351
INFO 2023-10-08 15:45:27,851 autoreload 11448 7500 Watching for file changes with StatReloader
INFO 2023-10-08 15:45:42,585 basehttp 11448 13532 "GET /generating HTTP/1.1" 301 0
INFO 2023-10-08 15:45:42,593 basehttp 11448 13116 "GET /generating/ HTTP/1.1" 200 628
INFO 2023-10-08 16:02:56,810 basehttp 11448 4372 "GET /generating/ HTTP/1.1" 200 690
INFO 2023-10-08 16:07:24,098 autoreload 5484 16932 Watching for file changes with StatReloader
INFO 2023-10-08 16:07:29,192 basehttp 5484 14100 "GET /generating/ HTTP/1.1" 200 855
INFO 2023-10-08 16:07:30,424 basehttp 5484 14100 "GET /generating/ HTTP/1.1" 200 855
INFO 2023-10-08 16:09:14,168 autoreload 10192 7160 Watching for file changes with StatReloader
INFO 2023-10-08 16:09:17,289 basehttp 10192 1052 "GET /generating/ HTTP/1.1" 200 1269
INFO 2023-10-08 16:10:21,915 autoreload 15032 9916 Watching for file changes with StatReloader
INFO 2023-10-08 16:10:24,442 basehttp 15032 17344 "GET /generating/ HTTP/1.1" 200 1278
INFO 2023-10-08 16:16:36,705 autoreload 16276 15460 Watching for file changes with StatReloader
INFO 2023-10-08 16:16:43,306 basehttp 16276 1636 "GET /generating/ HTTP/1.1" 200 1339
INFO 2023-10-08 16:16:44,390 basehttp 16276 1636 "POST /generating/ HTTP/1.1" 200 1339
INFO 2023-10-08 16:16:45,028 basehttp 16276 1636 "POST /generating/ HTTP/1.1" 200 1339
INFO 2023-10-08 16:16:48,534 basehttp 16276 1636 "POST /generating/ HTTP/1.1" 200 1339
INFO 2023-10-08 16:16:48,968 basehttp 16276 1636 "POST /generating/ HTTP/1.1" 200 1339
INFO 2023-10-08 16:16:49,206 basehttp 16276 1636 "POST /generating/ HTTP/1.1" 200 1339
INFO 2023-10-08 16:16:49,424 basehttp 16276 1636 "POST /generating/ HTTP/1.1" 200 1339
INFO 2023-10-08 16:16:49,655 basehttp 16276 1636 "POST /generating/ HTTP/1.1" 200 1339
INFO 2023-10-08 16:16:49,869 basehttp 16276 1636 "POST /generating/ HTTP/1.1" 200 1339
INFO 2023-10-08 16:16:50,063 basehttp 16276 1636 "POST /generating/ HTTP/1.1" 200 1339
INFO 2023-10-08 16:17:33,699 autoreload 16320 14904 Watching for file changes with StatReloader
INFO 2023-10-08 16:17:38,904 basehttp 16320 14344 "POST /generating/ HTTP/1.1" 200 1343
INFO 2023-10-08 16:17:41,380 basehttp 16320 14344 "POST /generating/ HTTP/1.1" 200 1343
INFO 2023-10-08 16:17:42,068 basehttp 16320 14344 "POST /generating/ HTTP/1.1" 200 1343
INFO 2023-10-08 16:18:29,556 autoreload 16696 16608 Watching for file changes with StatReloader
INFO 2023-10-08 16:18:33,089 basehttp 16696 15680 "POST /generating/ HTTP/1.1" 200 1214
WARNING 2023-10-08 16:18:34,074 log 16696 15680 Forbidden (CSRF token missing.): /generating/
WARNING 2023-10-08 16:18:34,074 basehttp 16696 15680 "POST /generating/ HTTP/1.1" 403 2548
INFO 2023-10-08 16:18:55,668 autoreload 5484 8476 Watching for file changes with StatReloader
WARNING 2023-10-08 16:19:00,872 log 5484 16824 Forbidden (CSRF token missing.): /generating/
WARNING 2023-10-08 16:19:00,873 basehttp 5484 16824 "POST /generating/ HTTP/1.1" 403 2548
WARNING 2023-10-08 16:19:03,232 log 5484 16824 Forbidden (CSRF token missing.): /generating/
WARNING 2023-10-08 16:19:03,233 basehttp 5484 16824 "POST /generating/ HTTP/1.1" 403 2548
INFO 2023-10-08 16:19:09,464 autoreload 16232 7808 Watching for file changes with StatReloader
INFO 2023-10-08 16:19:13,976 basehttp 16232 3320 "POST /generating/ HTTP/1.1" 200 1201
INFO 2023-10-08 16:19:15,392 basehttp 16232 3320 "GET /generating/?Length=3 HTTP/1.1" 200 1201
INFO 2023-10-08 16:19:16,214 basehttp 16232 3320 "GET /generating/?Length=3 HTTP/1.1" 200 1201
INFO 2023-10-08 16:19:24,406 basehttp 16232 3320 "GET /generating/?Length=8 HTTP/1.1" 200 1201
INFO 2023-10-08 16:19:27,371 basehttp 16232 3320 "GET /generating/?Length=11 HTTP/1.1" 200 1201
INFO 2023-10-08 16:20:44,619 autoreload 16028 1508 Watching for file changes with StatReloader
INFO 2023-10-08 16:20:56,729 basehttp 16028 7084 "GET /generating/?Length=11 HTTP/1.1" 200 1330
INFO 2023-10-08 16:20:58,674 basehttp 16028 7084 "GET /generating/?csrfmiddlewaretoken=6KC4kPz2s4VGbJSSVQvY5RJiU4L4fleqdAciwT7fhjNLZtZ04aK1RhOZ3c5gYf3V&Length=3 HTTP/1.1" 200 1330
INFO 2023-10-08 16:21:00,014 basehttp 16028 7084 "GET /generating/?csrfmiddlewaretoken=TqD5vYiuW7G1aJ8J2MgL4hd2IKuGozMT0gdjH2QHLmy6YtfRb6vOQHiJRSOS7tBo&Length=3 HTTP/1.1" 200 1330
INFO 2023-10-08 16:21:00,931 basehttp 16028 7084 "GET /generating/?csrfmiddlewaretoken=KZR7z6aMzM28eF7dptGsrT7kdUCSj35yRPrlLaIZo1Ud2pelyNVvdjc1m2W42XU3&Length=3 HTTP/1.1" 200 1330
INFO 2023-10-08 18:15:27,147 autoreload 12648 3268 Watching for file changes with StatReloader
INFO 2023-10-08 18:15:31,454 basehttp 12648 9656 "POST /generating/?csrfmiddlewaretoken=IRe6N5RR24LWMOCxONI8YiY9hI44Fjw2PHOkZ9p4RjD1AyJFX7XbKI3QqQogodlx&Length=3 HTTP/1.1" 200 1330
INFO 2023-10-08 18:15:32,965 basehttp 12648 9656 "GET /generating/?csrfmiddlewaretoken=au4x6i9ulw2hz1HM1AQh58ZiXLEoBzkXhkELimHHaLUmnLOUaU5kRy4Z6TYAkt9s&Length=3 HTTP/1.1" 200 1330
INFO 2023-10-08 18:15:33,557 basehttp 12648 9656 "GET /generating/?csrfmiddlewaretoken=2TGAYrZGoSjXlZK6g2UgFmJ66EbLtNvk9JgOavxTd7b29JRepm9jrMONfMvXcHkP&Length=3 HTTP/1.1" 200 1330
INFO 2023-10-08 18:15:36,423 basehttp 12648 9656 "GET /generating/?csrfmiddlewaretoken=ivm5dx38BYPVlpyuHdAXNkjmFZ1SMQXPplWjpBBlqdH099FCQxP0zKo3O7l4vKMk&Length=10 HTTP/1.1" 200 1330
INFO 2023-10-08 18:15:36,971 basehttp 12648 9656 "GET /generating/?csrfmiddlewaretoken=2mdk9ML6S5txmUIgjuBYht2f206LdiaK9cNylQjjHklCaEPosOQ13T7Wb8qXWcZf&Length=3 HTTP/1.1" 200 1330
INFO 2023-10-08 18:15:37,416 basehttp 12648 9656 "GET /generating/?csrfmiddlewaretoken=s3LLxBaKD2VqYRxIP81mGC9J2qWUb1CGzTlZJFIXshNvMBEQYsgps2eqbyg6UVrb&Length=3 HTTP/1.1" 200 1330
INFO 2023-10-08 18:15:37,659 basehttp 12648 9656 "GET /generating/?csrfmiddlewaretoken=67MIRMN0EaTxw1EpjfPgd8qrhV5TUuradXmW3QldtpLCkLLxsz4jZyv8q3p5DogF&Length=3 HTTP/1.1" 200 1330
INFO 2023-10-08 18:15:37,875 basehttp 12648 9656 "GET /generating/?csrfmiddlewaretoken=DwmGV1stJaaYL4L2PMHVIU2F9RJ1AtJyKmWU750Gyp23zOSaY6WYuk7miZ3djny3&Length=3 HTTP/1.1" 200 1330
INFO 2023-10-08 18:15:38,074 basehttp 12648 9656 "GET /generating/?csrfmiddlewaretoken=VB1JjXOIsXmkwvLOCn8bIEKmeCxUHoch2rBXv1mVhcepkfSWLHneu4P3nKR6qi1M&Length=3 HTTP/1.1" 200 1330
INFO 2023-10-08 18:15:38,293 basehttp 12648 9656 "GET /generating/?csrfmiddlewaretoken=QWVHgiYgi7iKS4Rxglqs4MVYV9XduU2jXMvVsmwt7maPGOYFpFFvQc0F4hhpdORO&Length=3 HTTP/1.1" 200 1330
INFO 2023-10-08 18:15:38,498 basehttp 12648 9656 "GET /generating/?csrfmiddlewaretoken=RAwrYt5VQJY6HR3mJA8NBfIAmL67k62vYq6FaxD8FYQbvBauSUnQnFNhvTqj30R0&Length=3 HTTP/1.1" 200 1330
INFO 2023-10-08 18:26:27,591 autoreload 16780 3388 Watching for file changes with StatReloader
INFO 2023-10-08 18:26:32,733 basehttp 16780 13044 "GET /generating/?csrfmiddlewaretoken=RAwrYt5VQJY6HR3mJA8NBfIAmL67k62vYq6FaxD8FYQbvBauSUnQnFNhvTqj30R0&Length=3 HTTP/1.1" 200 1351
INFO 2023-10-08 18:26:33,775 basehttp 16780 13044 "GET /generating/password/?csrfmiddlewaretoken=81M4g5IPQQOVHatqZYRj38DXe8QYTh2KfRmis9g2F5G0vUAy8i6mPyIEngaaCbRf&Length=3 HTTP/1.1" 200 1351
INFO 2023-10-08 18:26:34,657 basehttp 16780 13044 "GET /generating/password/?csrfmiddlewaretoken=7cfyWAh1MnPKpfnWIUxfOdpiIkItPfvKe2PM8EPeBCHPdZu4ReMiADuZRs2Fy9kf&Length=3 HTTP/1.1" 200 1351
INFO 2023-10-08 18:26:35,205 basehttp 16780 13044 "GET /generating/password/?csrfmiddlewaretoken=hTCyXTNGkEcJDeXT4x7N3PYSP4w1zXMhoJcM9XlT9T4OrY41dRmQPf3zYcQdiRBM&Length=3 HTTP/1.1" 200 1351
INFO 2023-10-08 18:26:35,636 basehttp 16780 13044 "GET /generating/password/?csrfmiddlewaretoken=WhSA31xsh3m7zAsU4CxGCotRQt4wwOHz37sOf55F6iecnkz2dWMJoOyyZBoIfIw4&Length=3 HTTP/1.1" 200 1351
INFO 2023-10-08 18:26:35,857 basehttp 16780 13044 "GET /generating/password/?csrfmiddlewaretoken=wUAKCSrZKJyePw6KpQK504R88hLJG131DKaYOWZczYqjDgdSyaZ8MuWPhp5VpVSw&Length=3 HTTP/1.1" 200 1351
INFO 2023-10-08 18:26:36,059 basehttp 16780 13044 "GET /generating/password/?csrfmiddlewaretoken=PMQYf5lYGr4lY93CzGoDPoLqdM3UJ9NmWCqcr9TbvGWqMTaKI0DGBOQ7mUn6s3CR&Length=3 HTTP/1.1" 200 1351
INFO 2023-10-08 18:26:36,235 basehttp 16780 13044 "GET /generating/password/?csrfmiddlewaretoken=eQJvXkul0YFrFzCthTttwz2w88Rr7UKflGjJ9o2yPdxwtjJBqdIwiZ7dhgbDQOzK&Length=3 HTTP/1.1" 200 1351
INFO 2023-10-08 18:26:36,426 basehttp 16780 13044 "GET /generating/password/?csrfmiddlewaretoken=xOFQiYNIAqtxHpjGbjUi1IAVo5zIfn65EEf4u2lVpFlCv9qOkD9lN8FCxdTUYhVA&Length=3 HTTP/1.1" 200 1351
INFO 2023-10-08 18:26:36,580 basehttp 16780 13044 "GET /generating/password/?csrfmiddlewaretoken=ztTuQHs6fbAEXwqSXNzc6e52rgqL1hCoGjtI2L0j4qsJLgx067OfSEaJAoKXKbrT&Length=3 HTTP/1.1" 200 1351
INFO 2023-10-08 18:26:36,751 basehttp 16780 13044 "GET /generating/password/?csrfmiddlewaretoken=LMEHFmOfiH5eTIlhxPlDhRPYJlap5SeuSCeVRqms7WXjHsspG9AG3hUFStuBOM3Z&Length=3 HTTP/1.1" 200 1351
INFO 2023-10-08 18:26:36,907 basehttp 16780 13044 "GET /generating/password/?csrfmiddlewaretoken=uqpk7Nvo17iC0IjGVTCdCV1YEXsB6UvKBgZyjR3BQmaHOsqO4dRgol6FN5MNPOkf&Length=3 HTTP/1.1" 200 1351
INFO 2023-10-08 18:26:37,067 basehttp 16780 13044 "GET /generating/password/?csrfmiddlewaretoken=g5Ag4JEY041i78Pqe1mjVvd6HuJMa7OZnVaugNcbPjTnVSWynlBmHViNQC3YT1Du&Length=3 HTTP/1.1" 200 1351
INFO 2023-10-08 18:26:37,268 basehttp 16780 13044 "GET /generating/password/?csrfmiddlewaretoken=HouZZ9sUt2QNl7xZ4ch5v39lFwkSYu4mOe4dbd07ihIS9RE7dww8hte2OEE4HoTR&Length=3 HTTP/1.1" 200 1351
INFO 2023-10-08 18:26:37,580 basehttp 16780 13044 "GET /generating/password/?csrfmiddlewaretoken=nilXaXr7rFVZKU4vjqRD2nHVLj1vKsFAu8Vbm1ZkgUN4yEbDsK6GONMCUrlHtmu5&Length=3 HTTP/1.1" 200 1351
INFO 2023-10-08 18:26:37,733 basehttp 16780 13044 "GET /generating/password/?csrfmiddlewaretoken=jIYnfsDUBQz6ITPA6JbCLoFnP72iauOsqyyBrwb7q5rbwDWIf3qFxOK4YfmuToDX&Length=3 HTTP/1.1" 200 1351
INFO 2023-10-08 18:26:37,920 basehttp 16780 13044 "GET /generating/password/?csrfmiddlewaretoken=3U56iWrzzPzUYPhCcUHXosBnGGa3EyoKaKFku0ZMo4rZMzoKleW0aSG4POufnsdf&Length=3 HTTP/1.1" 200 1351
INFO 2023-10-08 18:26:38,059 basehttp 16780 13044 "GET /generating/password/?csrfmiddlewaretoken=eqqHTcHQvfHD1e7f6rn5z0sbUTpt0wWklg0V5gf3kuzIPYenfLC8lqxS31JFJqLP&Length=3 HTTP/1.1" 200 1351
INFO 2023-10-08 18:26:38,229 basehttp 16780 13044 "GET /generating/password/?csrfmiddlewaretoken=WJvA6TZ5ivFqDNAmDwUo8evMmuCXPU8I3z5OiXxi7KxvrxHuMQ9rUEAtvCW9yOXd&Length=3 HTTP/1.1" 200 1351
INFO 2023-10-08 18:26:38,572 basehttp 16780 13044 "GET /generating/password/?csrfmiddlewaretoken=1CDGWZOUZNIkZcpB1GX8Cp9vRRo6lO5w8sdU83m7O2ApNWwJa0cboPec0ZIi4IU1&Length=3 HTTP/1.1" 200 1351
INFO 2023-10-08 18:26:38,733 basehttp 16780 13044 "GET /generating/password/?csrfmiddlewaretoken=UB2ixdiaPnSgYpVKqTVfbUZBf0vdyyZL1rCwJhQnECKlM92SzdaiXk4io8PphsOg&Length=3 HTTP/1.1" 200 1351
INFO 2023-10-08 18:26:38,928 basehttp 16780 13044 "GET /generating/password/?csrfmiddlewaretoken=17XTyF86tZmTLiJ3sNtRKtIkhjy689uy8Xx7KJGjieeYz2QbB7IUwTN1qrSiR3j3&Length=3 HTTP/1.1" 200 1351
INFO 2023-10-08 18:26:39,107 basehttp 16780 13044 "GET /generating/password/?csrfmiddlewaretoken=up11xHwtttNrr2wEir4lQBcnoZSnMJjtBfBfJL4GiIFwfMDMrLjoC1h4x7czvD8Y&Length=3 HTTP/1.1" 200 1351
INFO 2023-10-08 18:26:39,276 basehttp 16780 13044 "GET /generating/password/?csrfmiddlewaretoken=lkbzCmQkwCZkX5EHF5zLTOLj6d1iJQsTsaLNOqoxlRRpLPLPOpOOFeQ0fllusKho&Length=3 HTTP/1.1" 200 1351
INFO 2023-10-08 18:26:39,443 basehttp 16780 13044 "GET /generating/password/?csrfmiddlewaretoken=SBXYVNGcFz32GUEisyHST6Y8Pm9EgylxZrxc7RepuOV7uELqBSWVFw3PYutQZsa2&Length=3 HTTP/1.1" 200 1351
INFO 2023-10-08 18:26:39,604 basehttp 16780 13044 "GET /generating/password/?csrfmiddlewaretoken=3l7IWGdOnU9fSMIU3xts1U39ZKB4UjlSabHW8KL1c91kGwP2cRIvNk8Q8SVgDdan&Length=3 HTTP/1.1" 200 1351
INFO 2023-10-08 18:26:39,781 basehttp 16780 13044 "GET /generating/password/?csrfmiddlewaretoken=aufyKwcU37XXSqgESljRwfsVTaU4rP5DhkPMWAK7SmP2GanM1FyUiFxC2iegaJU8&Length=3 HTTP/1.1" 200 1351
INFO 2023-10-08 18:26:39,949 basehttp 16780 13044 "GET /generating/password/?csrfmiddlewaretoken=9rzZOfKumxwwgYNeP6Ld5XdvjUn1SZf0gh9d0jiHbMoB4IUmYq0gRnics2HdBT4v&Length=3 HTTP/1.1" 200 1351
INFO 2023-10-08 18:28:28,544 autoreload 17020 12616 Watching for file changes with StatReloader
INFO 2023-10-08 18:28:52,473 autoreload 2432 14660 Watching for file changes with StatReloader
INFO 2023-10-08 18:28:59,564 basehttp 2432 10284 "GET /generating/password/?csrfmiddlewaretoken=9rzZOfKumxwwgYNeP6Ld5XdvjUn1SZf0gh9d0jiHbMoB4IUmYq0gRnics2HdBT4v&Length=3 HTTP/1.1" 200 593
INFO 2023-10-08 18:29:02,381 basehttp 2432 10284 "GET /generating/password/?csrfmiddlewaretoken=9rzZOfKumxwwgYNeP6Ld5XdvjUn1SZf0gh9d0jiHbMoB4IUmYq0gRnics2HdBT4v&Length=3 HTTP/1.1" 200 593
INFO 2023-10-08 18:37:14,357 autoreload 12852 16568 Watching for file changes with StatReloader
INFO 2023-10-08 18:37:19,178 basehttp 12852 16032 "GET / HTTP/1.1" 200 1328
INFO 2023-10-08 18:37:20,763 basehttp 12852 16032 "GET /generating/ HTTP/1.1" 200 1351
INFO 2023-10-08 18:37:22,277 basehttp 12852 16032 "GET /generating/password/?csrfmiddlewaretoken=ksFmQNBfDH1ZLeT5IIOtjbUEeRiHrTKGrifA2R9ssWT4zY0dR23w5BZlnZCTaNzb&Length=3 HTTP/1.1" 200 593
INFO 2023-10-08 18:38:04,455 autoreload 9328 6328 Watching for file changes with StatReloader
INFO 2023-10-08 18:38:07,037 basehttp 9328 14084 "GET /generating/ HTTP/1.1" 200 1365
INFO 2023-10-08 18:38:10,802 basehttp 9328 14084 "GET /generating/ HTTP/1.1" 200 1365
INFO 2023-10-08 18:38:41,864 basehttp 9328 14084 "GET /generating/password/?csrfmiddlewaretoken=aA62lGVtVpiHj6waTQlNjvYJatlJYis3hqGgxKtGKEaM7QDi2aAQ5V3qjBFVHchy&Length=4 HTTP/1.1" 200 593
INFO 2023-10-08 18:38:45,050 basehttp 9328 14084 "GET /generating/ HTTP/1.1" 200 1365
INFO 2023-10-08 18:38:58,250 autoreload 9088 16976 Watching for file changes with StatReloader
INFO 2023-10-08 18:39:02,013 basehttp 9088 15452 "GET /generating/ HTTP/1.1" 200 1371
INFO 2023-10-08 18:39:03,773 basehttp 9088 15452 "GET /generating/password/?csrfmiddlewaretoken=TLxuMgoIrS5WXSbsjvpJU6GqYLep4oSm0B7IYkWVg7X1LCiAsPEMGwL77TyBNiHR&Length=3 HTTP/1.1" 200 593
INFO 2023-10-08 18:39:05,897 basehttp 9088 15452 "GET /generating/ HTTP/1.1" 200 1371
INFO 2023-10-08 18:41:16,165 autoreload 11796 17336 Watching for file changes with StatReloader
INFO 2023-10-08 18:41:20,047 basehttp 11796 9408 "GET /generating/ HTTP/1.1" 200 1470
INFO 2023-10-08 18:41:22,649 basehttp 11796 9408 "GET /generating/ HTTP/1.1" 200 1470
INFO 2023-10-08 18:41:49,085 autoreload 16364 15808 Watching for file changes with StatReloader
INFO 2023-10-08 18:41:50,821 basehttp 16364 1636 "GET /generating/ HTTP/1.1" 200 1472
INFO 2023-10-08 18:41:57,650 basehttp 16364 1636 "GET /generating/ HTTP/1.1" 200 1473
INFO 2023-10-08 18:43:13,057 autoreload 304 1368 Watching for file changes with StatReloader
INFO 2023-10-08 18:43:17,372 basehttp 304 5164 "GET /generating/ HTTP/1.1" 200 1674
INFO 2023-10-08 18:49:37,472 basehttp 304 12964 "GET /generating/password/?csrfmiddlewaretoken=QttGloA41jB4at9BwvXkfSQlWDBrk8t1Xj3Uxs8hQyt9YdgJFPcn1iV25LVD32iw&Length=12&Uppercase=1&Special=1 HTTP/1.1" 200 593
INFO 2023-10-08 18:51:37,242 autoreload 304 1368 F:\projects_1\my_testing_project\generating\views.py changed, reloading.
INFO 2023-10-08 18:51:37,676 autoreload 13000 16676 Watching for file changes with StatReloader
INFO 2023-10-08 18:52:28,572 autoreload 1628 15600 Watching for file changes with StatReloader
INFO 2023-10-08 18:52:33,309 basehttp 1628 6476 "GET /generating/ HTTP/1.1" 200 1674
INFO 2023-10-08 18:52:36,371 basehttp 1628 6476 "GET /generating/password/?csrfmiddlewaretoken=L0nRnDCvpWDPMsshPJjz1J5THiKNQZbCSQX5zHaIebvUAczpY3yCN9aAQq4ZzT07&Length=12&Uppercase=1&Number=1 HTTP/1.1" 200 627
INFO 2023-10-08 18:52:53,409 autoreload 3144 16260 Watching for file changes with StatReloader
INFO 2023-10-08 18:52:54,701 basehttp 3144 17004 "GET /generating/password/?csrfmiddlewaretoken=L0nRnDCvpWDPMsshPJjz1J5THiKNQZbCSQX5zHaIebvUAczpY3yCN9aAQq4ZzT07&Length=12&Uppercase=1&Number=1 HTTP/1.1" 200 613
INFO 2023-10-08 18:52:56,185 basehttp 3144 17004 "GET /generating/password/?csrfmiddlewaretoken=L0nRnDCvpWDPMsshPJjz1J5THiKNQZbCSQX5zHaIebvUAczpY3yCN9aAQq4ZzT07&Length=12&Uppercase=1&Number=1 HTTP/1.1" 200 613
INFO 2023-10-08 18:53:20,905 autoreload 11832 16824 Watching for file changes with StatReloader
INFO 2023-10-08 18:54:10,039 autoreload 2156 10800 Watching for file changes with StatReloader
INFO 2023-10-08 18:54:12,515 basehttp 2156 5488 "GET /generating/password/?csrfmiddlewaretoken=L0nRnDCvpWDPMsshPJjz1J5THiKNQZbCSQX5zHaIebvUAczpY3yCN9aAQq4ZzT07&Length=12&Uppercase=1&Number=1 HTTP/1.1" 200 631
INFO 2023-10-08 19:09:52,415 autoreload 2156 10800 F:\projects_1\my_testing_project\generating\views.py changed, reloading.
INFO 2023-10-08 19:09:52,848 autoreload 600 15852 Watching for file changes with StatReloader
INFO 2023-10-08 19:10:36,046 autoreload 600 15852 F:\projects_1\my_testing_project\softapp\algo_rytm.py changed, reloading.
INFO 2023-10-08 19:10:36,447 autoreload 7568 17092 Watching for file changes with StatReloader
INFO 2023-10-08 19:10:56,002 autoreload 7568 17092 F:\projects_1\my_testing_project\softapp\algo_rytm.py changed, reloading.
INFO 2023-10-08 19:10:56,405 autoreload 4240 16884 Watching for file changes with StatReloader
INFO 2023-10-08 19:11:50,561 autoreload 4240 16884 F:\projects_1\my_testing_project\softapp\algo_rytm.py changed, reloading.
INFO 2023-10-08 19:11:50,966 autoreload 1664 16416 Watching for file changes with StatReloader
INFO 2023-10-08 19:12:07,620 autoreload 1664 16416 F:\projects_1\my_testing_project\softapp\algo_rytm.py changed, reloading.
INFO 2023-10-08 19:12:08,025 autoreload 15712 8708 Watching for file changes with StatReloader
INFO 2023-10-08 19:13:30,190 autoreload 15712 8708 F:\projects_1\my_testing_project\softapp\algo_rytm.py changed, reloading.
INFO 2023-10-08 19:13:30,589 autoreload 14520 12512 Watching for file changes with StatReloader
INFO 2023-10-08 19:14:06,413 autoreload 14520 12512 F:\projects_1\my_testing_project\softapp\algo_rytm.py changed, reloading.
INFO 2023-10-08 19:14:07,007 autoreload 10272 1968 Watching for file changes with StatReloader
INFO 2023-10-08 19:17:00,114 autoreload 10272 1968 F:\projects_1\my_testing_project\softapp\algo_rytm.py changed, reloading.
INFO 2023-10-08 19:17:00,684 autoreload 16056 16528 Watching for file changes with StatReloader
INFO 2023-10-08 19:17:07,061 autoreload 16056 16528 F:\projects_1\my_testing_project\softapp\algo_rytm.py changed, reloading.
INFO 2023-10-08 19:17:07,461 autoreload 996 8336 Watching for file changes with StatReloader
INFO 2023-10-08 19:22:45,316 autoreload 996 8336 F:\projects_1\my_testing_project\generating\views.py changed, reloading.
INFO 2023-10-08 19:22:45,730 autoreload 144 4868 Watching for file changes with StatReloader
INFO 2023-10-08 19:23:16,398 autoreload 17168 16664 Watching for file changes with StatReloader
ERROR 2023-10-08 19:23:28,695 log 17168 15268 Internal Server Error: /generating/password/
Traceback (most recent call last):
  File "F:\projects_1\my_testing_project\venv\lib\site-packages\django\core\handlers\exception.py", line 55, in inner
    response = get_response(request)
  File "F:\projects_1\my_testing_project\venv\lib\site-packages\django\core\handlers\base.py", line 197, in _get_response
    response = wrapped_callback(request, *callback_args, **callback_kwargs)
  File "F:\projects_1\my_testing_project\generating\views.py", line 14, in password
    length = int(request.POST.get('Length'))
TypeError: int() argument must be a string, a bytes-like object or a real number, not 'NoneType'
ERROR 2023-10-08 19:23:28,695 basehttp 17168 15268 "GET /generating/password/?csrfmiddlewaretoken=L0nRnDCvpWDPMsshPJjz1J5THiKNQZbCSQX5zHaIebvUAczpY3yCN9aAQq4ZzT07&Length=4&Uppercase=1&Number=1 HTTP/1.1" 500 77458
INFO 2023-10-08 19:23:55,549 autoreload 12668 1780 Watching for file changes with StatReloader
ERROR 2023-10-08 19:23:58,100 log 12668 1812 Internal Server Error: /generating/password/
Traceback (most recent call last):
  File "F:\projects_1\my_testing_project\venv\lib\site-packages\django\core\handlers\exception.py", line 55, in inner
    response = get_response(request)
  File "F:\projects_1\my_testing_project\venv\lib\site-packages\django\core\handlers\base.py", line 197, in _get_response
    response = wrapped_callback(request, *callback_args, **callback_kwargs)
  File "F:\projects_1\my_testing_project\generating\views.py", line 14, in password
    length = int(request.POST.get('length'))
TypeError: int() argument must be a string, a bytes-like object or a real number, not 'NoneType'
ERROR 2023-10-08 19:23:58,101 basehttp 12668 1812 "GET /generating/password/?csrfmiddlewaretoken=L0nRnDCvpWDPMsshPJjz1J5THiKNQZbCSQX5zHaIebvUAczpY3yCN9aAQq4ZzT07&Length=4&Uppercase=1&Number=1 HTTP/1.1" 500 77595
ERROR 2023-10-08 19:24:02,260 log 12668 1812 Internal Server Error: /generating/password/
Traceback (most recent call last):
  File "F:\projects_1\my_testing_project\venv\lib\site-packages\django\core\handlers\exception.py", line 55, in inner
    response = get_response(request)
  File "F:\projects_1\my_testing_project\venv\lib\site-packages\django\core\handlers\base.py", line 197, in _get_response
    response = wrapped_callback(request, *callback_args, **callback_kwargs)
  File "F:\projects_1\my_testing_project\generating\views.py", line 14, in password
    length = int(request.POST.get('length'))
TypeError: int() argument must be a string, a bytes-like object or a real number, not 'NoneType'
ERROR 2023-10-08 19:24:02,260 basehttp 12668 1812 "GET /generating/password/?csrfmiddlewaretoken=L0nRnDCvpWDPMsshPJjz1J5THiKNQZbCSQX5zHaIebvUAczpY3yCN9aAQq4ZzT07&Length=4&Uppercase=1&Number=1 HTTP/1.1" 500 77458
INFO 2023-10-08 19:24:16,797 autoreload 16136 9004 Watching for file changes with StatReloader
INFO 2023-10-08 19:24:18,459 basehttp 16136 16860 "GET /generating/password/?csrfmiddlewaretoken=L0nRnDCvpWDPMsshPJjz1J5THiKNQZbCSQX5zHaIebvUAczpY3yCN9aAQq4ZzT07&Length=4&Uppercase=1&Number=1 HTTP/1.1" 200 631
INFO 2023-10-08 19:24:46,605 autoreload 8396 16124 Watching for file changes with StatReloader
INFO 2023-10-08 19:24:50,640 basehttp 8396 2648 "GET /generating/password/?csrfmiddlewaretoken=L0nRnDCvpWDPMsshPJjz1J5THiKNQZbCSQX5zHaIebvUAczpY3yCN9aAQq4ZzT07&Length=4&Uppercase=1&Number=1 HTTP/1.1" 200 631
INFO 2023-10-08 19:25:12,327 autoreload 8792 15736 Watching for file changes with StatReloader
ERROR 2023-10-08 19:25:15,355 log 8792 16764 Internal Server Error: /generating/password/
Traceback (most recent call last):
  File "F:\projects_1\my_testing_project\venv\lib\site-packages\django\core\handlers\exception.py", line 55, in inner
    response = get_response(request)
  File "F:\projects_1\my_testing_project\venv\lib\site-packages\django\core\handlers\base.py", line 197, in _get_response
    response = wrapped_callback(request, *callback_args, **callback_kwargs)
  File "F:\projects_1\my_testing_project\generating\views.py", line 14, in password
    length = int(request.POST.get('Length'))
TypeError: int() argument must be a string, a bytes-like object or a real number, not 'NoneType'
ERROR 2023-10-08 19:25:15,355 basehttp 8792 16764 "GET /generating/password/?csrfmiddlewaretoken=L0nRnDCvpWDPMsshPJjz1J5THiKNQZbCSQX5zHaIebvUAczpY3yCN9aAQq4ZzT07&Length=4&Uppercase=1&Number=1 HTTP/1.1" 500 77458
INFO 2023-10-08 19:25:32,663 autoreload 9308 5560 Watching for file changes with StatReloader
INFO 2023-10-08 19:25:36,096 basehttp 9308 14468 "GET /generating/password/?csrfmiddlewaretoken=L0nRnDCvpWDPMsshPJjz1J5THiKNQZbCSQX5zHaIebvUAczpY3yCN9aAQq4ZzT07&Length=4&Uppercase=1&Number=1 HTTP/1.1" 200 631
INFO 2023-10-08 19:27:42,865 autoreload 9308 5560 F:\projects_1\my_testing_project\generating\views.py changed, reloading.
INFO 2023-10-08 19:27:43,285 autoreload 10356 16080 Watching for file changes with StatReloader
INFO 2023-10-08 19:28:57,416 autoreload 10356 16080 F:\projects_1\my_testing_project\generating\views.py changed, reloading.
INFO 2023-10-08 19:28:57,933 autoreload 16992 15224 Watching for file changes with StatReloader
INFO 2023-10-08 19:29:41,784 autoreload 16404 16724 Watching for file changes with StatReloader
INFO 2023-10-08 19:29:53,854 basehttp 16404 15776 "GET /generating/password/?csrfmiddlewaretoken=L0nRnDCvpWDPMsshPJjz1J5THiKNQZbCSQX5zHaIebvUAczpY3yCN9aAQq4ZzT07&Length=200&Uppercase=1&Number=1 HTTP/1.1" 200 631
INFO 2023-10-08 19:30:04,339 basehttp 16404 15776 "GET /generating/password/?csrfmiddlewaretoken=L0nRnDCvpWDPMsshPJjz1J5THiKNQZbCSQX5zHaIebvUAczpY3yCN9aAQq4ZzT07&Length=8&Uppercase=1&Number=1 HTTP/1.1" 200 631
INFO 2023-10-08 19:31:38,950 autoreload 16404 16724 F:\projects_1\my_testing_project\generating\views.py changed, reloading.
INFO 2023-10-08 19:31:39,370 autoreload 14140 17332 Watching for file changes with StatReloader
INFO 2023-10-08 19:32:43,387 autoreload 14364 1112 Watching for file changes with StatReloader
INFO 2023-10-08 19:32:56,876 basehttp 14364 15540 "GET /generating/password/?csrfmiddlewaretoken=L0nRnDCvpWDPMsshPJjz1J5THiKNQZbCSQX5zHaIebvUAczpY3yCN9aAQq4ZzT07&Length=4 HTTP/1.1" 200 631
INFO 2023-10-08 19:33:05,808 basehttp 14364 15540 "GET /generating/password/?csrfmiddlewaretoken=L0nRnDCvpWDPMsshPJjz1J5THiKNQZbCSQX5zHaIebvUAczpY3yCN9aAQq4ZzT07&Length=4&Uppercase=1 HTTP/1.1" 200 631
INFO 2023-10-08 19:34:29,377 autoreload 14364 1112 F:\projects_1\my_testing_project\softapp\algo_rytm.py changed, reloading.
INFO 2023-10-08 19:34:29,778 autoreload 16264 10284 Watching for file changes with StatReloader
INFO 2023-10-08 19:38:15,805 autoreload 2508 2056 Watching for file changes with StatReloader
INFO 2023-10-08 19:38:18,472 basehttp 2508 5148 "GET /generating/password/?csrfmiddlewaretoken=L0nRnDCvpWDPMsshPJjz1J5THiKNQZbCSQX5zHaIebvUAczpY3yCN9aAQq4ZzT07&Length=4&Uppercase=1 HTTP/1.1" 200 617
INFO 2023-10-08 19:38:19,894 basehttp 2508 5148 "GET /generating/password/?csrfmiddlewaretoken=L0nRnDCvpWDPMsshPJjz1J5THiKNQZbCSQX5zHaIebvUAczpY3yCN9aAQq4ZzT07&Length=4&Uppercase=1 HTTP/1.1" 200 617
INFO 2023-10-08 19:38:21,096 basehttp 2508 5148 "GET /generating/password/?csrfmiddlewaretoken=L0nRnDCvpWDPMsshPJjz1J5THiKNQZbCSQX5zHaIebvUAczpY3yCN9aAQq4ZzT07&Length=4&Uppercase=1 HTTP/1.1" 200 617
INFO 2023-10-08 19:38:29,853 basehttp 2508 5148 "GET /generating/password/?csrfmiddlewaretoken=L0nRnDCvpWDPMsshPJjz1J5THiKNQZbCSQX5zHaIebvUAczpY3yCN9aAQq4ZzT07&Length=10&Uppercase=1 HTTP/1.1" 200 623
INFO 2023-10-08 19:38:31,949 basehttp 2508 5148 "GET /generating/password/?csrfmiddlewaretoken=L0nRnDCvpWDPMsshPJjz1J5THiKNQZbCSQX5zHaIebvUAczpY3yCN9aAQq4ZzT07&Length=10&Uppercase=1 HTTP/1.1" 200 623
INFO 2023-10-08 19:38:33,278 basehttp 2508 5148 "GET /generating/password/?csrfmiddlewaretoken=L0nRnDCvpWDPMsshPJjz1J5THiKNQZbCSQX5zHaIebvUAczpY3yCN9aAQq4ZzT07&Length=10&Uppercase=1 HTTP/1.1" 200 623
INFO 2023-10-08 19:38:38,119 basehttp 2508 5148 "GET /generating/password/?csrfmiddlewaretoken=L0nRnDCvpWDPMsshPJjz1J5THiKNQZbCSQX5zHaIebvUAczpY3yCN9aAQq4ZzT07&Length=10&Uppercase=1 HTTP/1.1" 200 623
INFO 2023-10-08 19:38:44,253 basehttp 2508 5148 "GET /generating/password/?csrfmiddlewaretoken=L0nRnDCvpWDPMsshPJjz1J5THiKNQZbCSQX5zHaIebvUAczpY3yCN9aAQq4ZzT07&Length=11&Uppercase=1&Number=1&Special=1 HTTP/1.1" 200 624
INFO 2023-10-08 19:38:45,606 basehttp 2508 5148 "GET /generating/password/?csrfmiddlewaretoken=L0nRnDCvpWDPMsshPJjz1J5THiKNQZbCSQX5zHaIebvUAczpY3yCN9aAQq4ZzT07&Length=11&Uppercase=1&Number=1&Special=1 HTTP/1.1" 200 628
INFO 2023-10-08 19:38:46,831 basehttp 2508 5148 "GET /generating/password/?csrfmiddlewaretoken=L0nRnDCvpWDPMsshPJjz1J5THiKNQZbCSQX5zHaIebvUAczpY3yCN9aAQq4ZzT07&Length=11&Uppercase=1&Number=1&Special=1 HTTP/1.1" 200 624
INFO 2023-10-08 19:38:48,031 basehttp 2508 5148 "GET /generating/password/?csrfmiddlewaretoken=L0nRnDCvpWDPMsshPJjz1J5THiKNQZbCSQX5zHaIebvUAczpY3yCN9aAQq4ZzT07&Length=11&Uppercase=1&Number=1&Special=1 HTTP/1.1" 200 624
INFO 2023-10-08 19:41:09,095 autoreload 15896 14132 Watching for file changes with StatReloader
INFO 2023-10-08 19:41:15,953 basehttp 15896 3552 "GET /generating/password/?csrfmiddlewaretoken=L0nRnDCvpWDPMsshPJjz1J5THiKNQZbCSQX5zHaIebvUAczpY3yCN9aAQq4ZzT07&Length=11&Uppercase=1&Number=1&Special=1 HTTP/1.1" 200 744
INFO 2023-10-08 19:41:17,960 basehttp 15896 3552 "GET /generating/ HTTP/1.1" 200 1688
INFO 2023-10-08 19:41:22,233 basehttp 15896 3552 "POST /generating/password/ HTTP/1.1" 200 745
INFO 2023-10-08 19:41:25,349 basehttp 15896 3552 "POST /generating/password/ HTTP/1.1" 200 745
INFO 2023-10-08 19:41:27,826 basehttp 15896 3552 "POST /generating/password/ HTTP/1.1" 200 745
INFO 2023-10-08 19:41:30,201 basehttp 15896 3552 "POST /generating/password/ HTTP/1.1" 200 745
INFO 2023-10-08 19:41:32,193 basehttp 15896 3552 "POST /generating/password/ HTTP/1.1" 200 745
INFO 2023-10-08 19:41:34,205 basehttp 15896 3552 "GET /generating/ HTTP/1.1" 200 1688
INFO 2023-10-08 19:44:03,042 autoreload 16652 14520 Watching for file changes with StatReloader
INFO 2023-10-08 19:44:05,202 basehttp 16652 3904 "GET /generating/ HTTP/1.1" 200 2641
INFO 2023-10-08 19:44:07,013 basehttp 16652 3904 "GET /generating/ HTTP/1.1" 200 2641
INFO 2023-10-08 19:44:10,498 basehttp 16652 3904 "POST /generating/password/ HTTP/1.1" 200 745
INFO 2023-10-08 19:44:53,420 autoreload 2432 8300 Watching for file changes with StatReloader
INFO 2023-10-08 19:44:56,465 basehttp 2432 16644 "POST /generating/password/ HTTP/1.1" 200 901
INFO 2023-10-08 19:44:59,117 basehttp 2432 16644 "POST /generating/password/ HTTP/1.1" 200 901
INFO 2023-10-08 19:45:00,094 basehttp 2432 16644 "GET /generating/ HTTP/1.1" 200 2641
INFO 2023-10-08 19:46:18,512 autoreload 9584 9140 Watching for file changes with StatReloader
INFO 2023-10-08 19:46:21,201 basehttp 9584 1112 "GET /generating/ HTTP/1.1" 200 2777
INFO 2023-10-08 19:46:22,392 basehttp 9584 1112 "GET / HTTP/1.1" 200 1328
INFO 2023-10-08 19:46:23,992 basehttp 9584 1112 "GET /generating/ HTTP/1.1" 200 2777
INFO 2023-10-08 19:46:25,017 basehttp 9584 1112 "POST /generating/password/ HTTP/1.1" 200 901
INFO 2023-10-08 19:46:26,319 basehttp 9584 1112 "GET /generating/ HTTP/1.1" 200 2777
INFO 2023-10-08 19:46:31,035 basehttp 9584 1112 "POST /generating/password/ HTTP/1.1" 200 901
INFO 2023-10-08 19:46:32,477 basehttp 9584 1112 "GET /generating/ HTTP/1.1" 200 2777
INFO 2023-10-08 19:46:35,292 basehttp 9584 1112 "POST /generating/password/ HTTP/1.1" 200 901
INFO 2023-10-08 19:46:39,724 basehttp 9584 1112 "POST /generating/password/ HTTP/1.1" 200 901
INFO 2023-10-08 19:46:43,420 basehttp 9584 1112 "POST /generating/password/ HTTP/1.1" 200 901
INFO 2023-10-08 19:46:44,681 basehttp 9584 1112 "GET /generating/ HTTP/1.1" 200 2777
INFO 2023-10-08 19:47:12,352 autoreload 16576 6832 Watching for file changes with StatReloader
INFO 2023-10-08 19:47:15,907 basehttp 16576 17028 "GET /generating/ HTTP/1.1" 200 2763
INFO 2023-10-08 19:47:19,069 basehttp 16576 17028 "GET /generating/password/?csrfmiddlewaretoken=fpWN7VBbOaN4CkqIAf2wtQkVZo6uA1OEmfw1jZ9oDpF9q4xQJzhzfgpC8wqGjVD9&Length=12&Number=1&Special=1 HTTP/1.1" 200 901
INFO 2023-10-08 19:47:21,408 basehttp 16576 17028 "GET /generating/ HTTP/1.1" 200 2763
INFO 2023-10-08 19:47:24,311 basehttp 16576 17028 "GET /generating/password/?csrfmiddlewaretoken=ska1JQ2ezCjWoWakxULnm2o34a8xSPpVzaKfVUAroRb1cGhsGe0q8stKdisJBJeq&Length=12&Number=1 HTTP/1.1" 200 901
INFO 2023-10-08 19:47:26,142 basehttp 16576 17028 "GET /generating/password/?csrfmiddlewaretoken=ska1JQ2ezCjWoWakxULnm2o34a8xSPpVzaKfVUAroRb1cGhsGe0q8stKdisJBJeq&Length=12&Number=1 HTTP/1.1" 200 901
INFO 2023-10-08 19:47:27,414 basehttp 16576 17028 "GET /generating/password/?csrfmiddlewaretoken=ska1JQ2ezCjWoWakxULnm2o34a8xSPpVzaKfVUAroRb1cGhsGe0q8stKdisJBJeq&Length=12&Number=1 HTTP/1.1" 200 901
INFO 2023-10-08 19:47:28,725 basehttp 16576 17028 "GET /generating/password/?csrfmiddlewaretoken=ska1JQ2ezCjWoWakxULnm2o34a8xSPpVzaKfVUAroRb1cGhsGe0q8stKdisJBJeq&Length=12&Number=1 HTTP/1.1" 200 901
INFO 2023-10-08 19:47:29,765 basehttp 16576 17028 "GET /generating/password/?csrfmiddlewaretoken=ska1JQ2ezCjWoWakxULnm2o34a8xSPpVzaKfVUAroRb1cGhsGe0q8stKdisJBJeq&Length=12&Number=1 HTTP/1.1" 200 901
INFO 2023-10-08 19:47:31,327 basehttp 16576 17028 "GET /generating/password/?csrfmiddlewaretoken=ska1JQ2ezCjWoWakxULnm2o34a8xSPpVzaKfVUAroRb1cGhsGe0q8stKdisJBJeq&Length=12&Number=1 HTTP/1.1" 200 901
INFO 2023-10-08 19:47:32,383 basehttp 16576 17028 "GET /generating/ HTTP/1.1" 200 2763
INFO 2023-10-08 19:47:37,040 basehttp 16576 17028 "GET /generating/password/?csrfmiddlewaretoken=efZRupQpkHFKQOshmbkJdbC6g1LF3lgql5z5GtoC9WxPEyzpvvzMZBHNp95RMf5V&Length=4&Uppercase=1&Number=1&Special=1 HTTP/1.1" 200 893
INFO 2023-10-08 19:47:38,318 basehttp 16576 17028 "GET /generating/password/?csrfmiddlewaretoken=efZRupQpkHFKQOshmbkJdbC6g1LF3lgql5z5GtoC9WxPEyzpvvzMZBHNp95RMf5V&Length=4&Uppercase=1&Number=1&Special=1 HTTP/1.1" 200 893
INFO 2023-10-08 19:47:39,854 basehttp 16576 17028 "GET /generating/password/?csrfmiddlewaretoken=efZRupQpkHFKQOshmbkJdbC6g1LF3lgql5z5GtoC9WxPEyzpvvzMZBHNp95RMf5V&Length=4&Uppercase=1&Number=1&Special=1 HTTP/1.1" 200 893
INFO 2023-10-08 19:47:40,992 basehttp 16576 17028 "GET /generating/ HTTP/1.1" 200 2763
INFO 2023-10-08 19:58:52,076 basehttp 16576 16156 "GET /generating/password/?csrfmiddlewaretoken=seWObXqcuQib1NYFFXUV4narX8vMpYeRz4w2n1Ypj5agPx5NOh9YQNf86gPY8S3m&Length=12 HTTP/1.1" 200 901
INFO 2023-10-08 19:58:53,823 basehttp 16576 16156 "GET /generating/password/?csrfmiddlewaretoken=seWObXqcuQib1NYFFXUV4narX8vMpYeRz4w2n1Ypj5agPx5NOh9YQNf86gPY8S3m&Length=12 HTTP/1.1" 200 901
INFO 2023-10-08 19:58:54,815 basehttp 16576 16156 "GET /generating/password/?csrfmiddlewaretoken=seWObXqcuQib1NYFFXUV4narX8vMpYeRz4w2n1Ypj5agPx5NOh9YQNf86gPY8S3m&Length=12 HTTP/1.1" 200 901
INFO 2023-10-08 19:58:55,814 basehttp 16576 16156 "GET /generating/password/?csrfmiddlewaretoken=seWObXqcuQib1NYFFXUV4narX8vMpYeRz4w2n1Ypj5agPx5NOh9YQNf86gPY8S3m&Length=12 HTTP/1.1" 200 901
INFO 2023-10-08 19:58:57,838 basehttp 16576 16156 "GET /generating/password/?csrfmiddlewaretoken=seWObXqcuQib1NYFFXUV4narX8vMpYeRz4w2n1Ypj5agPx5NOh9YQNf86gPY8S3m&Length=12 HTTP/1.1" 200 901
INFO 2023-10-08 19:58:58,670 basehttp 16576 16156 "GET /generating/ HTTP/1.1" 200 2763
INFO 2023-10-08 19:59:03,594 basehttp 16576 16156 "GET /generating/password/?csrfmiddlewaretoken=ZKTagB69v4e3pdiprUL3uYqiG1bgnIaQ6AtosFEmkj68dXpxAe06govZP9vs6CZl&Length=4&Uppercase=1&Number=1&Special=1 HTTP/1.1" 200 893
INFO 2023-10-08 19:59:05,262 basehttp 16576 16156 "GET /generating/password/?csrfmiddlewaretoken=ZKTagB69v4e3pdiprUL3uYqiG1bgnIaQ6AtosFEmkj68dXpxAe06govZP9vs6CZl&Length=4&Uppercase=1&Number=1&Special=1 HTTP/1.1" 200 893
INFO 2023-10-08 19:59:07,292 basehttp 16576 16156 "GET /generating/password/?csrfmiddlewaretoken=ZKTagB69v4e3pdiprUL3uYqiG1bgnIaQ6AtosFEmkj68dXpxAe06govZP9vs6CZl&Length=4&Uppercase=1&Number=1&Special=1 HTTP/1.1" 200 893
INFO 2023-10-08 19:59:07,773 basehttp 16576 16156 "GET /generating/password/?csrfmiddlewaretoken=ZKTagB69v4e3pdiprUL3uYqiG1bgnIaQ6AtosFEmkj68dXpxAe06govZP9vs6CZl&Length=4&Uppercase=1&Number=1&Special=1 HTTP/1.1" 200 893
INFO 2023-10-08 19:59:08,365 basehttp 16576 16156 "GET /generating/password/?csrfmiddlewaretoken=ZKTagB69v4e3pdiprUL3uYqiG1bgnIaQ6AtosFEmkj68dXpxAe06govZP9vs6CZl&Length=4&Uppercase=1&Number=1&Special=1 HTTP/1.1" 200 897
INFO 2023-10-08 19:59:08,716 basehttp 16576 16156 "GET /generating/password/?csrfmiddlewaretoken=ZKTagB69v4e3pdiprUL3uYqiG1bgnIaQ6AtosFEmkj68dXpxAe06govZP9vs6CZl&Length=4&Uppercase=1&Number=1&Special=1 HTTP/1.1" 200 893
INFO 2023-10-08 19:59:09,141 basehttp 16576 16156 "GET /generating/password/?csrfmiddlewaretoken=ZKTagB69v4e3pdiprUL3uYqiG1bgnIaQ6AtosFEmkj68dXpxAe06govZP9vs6CZl&Length=4&Uppercase=1&Number=1&Special=1 HTTP/1.1" 200 893
INFO 2023-10-08 19:59:09,605 basehttp 16576 16156 "GET /generating/password/?csrfmiddlewaretoken=ZKTagB69v4e3pdiprUL3uYqiG1bgnIaQ6AtosFEmkj68dXpxAe06govZP9vs6CZl&Length=4&Uppercase=1&Number=1&Special=1 HTTP/1.1" 200 893
INFO 2023-10-08 19:59:10,390 basehttp 16576 16156 "GET /generating/password/?csrfmiddlewaretoken=ZKTagB69v4e3pdiprUL3uYqiG1bgnIaQ6AtosFEmkj68dXpxAe06govZP9vs6CZl&Length=4&Uppercase=1&Number=1&Special=1 HTTP/1.1" 200 893
INFO 2023-10-08 19:59:10,939 basehttp 16576 16156 "GET /generating/password/?csrfmiddlewaretoken=ZKTagB69v4e3pdiprUL3uYqiG1bgnIaQ6AtosFEmkj68dXpxAe06govZP9vs6CZl&Length=4&Uppercase=1&Number=1&Special=1 HTTP/1.1" 200 893
INFO 2023-10-08 19:59:11,709 basehttp 16576 16156 "GET /generating/password/?csrfmiddlewaretoken=ZKTagB69v4e3pdiprUL3uYqiG1bgnIaQ6AtosFEmkj68dXpxAe06govZP9vs6CZl&Length=4&Uppercase=1&Number=1&Special=1 HTTP/1.1" 200 893
INFO 2023-10-08 19:59:12,349 basehttp 16576 16156 "GET /generating/password/?csrfmiddlewaretoken=ZKTagB69v4e3pdiprUL3uYqiG1bgnIaQ6AtosFEmkj68dXpxAe06govZP9vs6CZl&Length=4&Uppercase=1&Number=1&Special=1 HTTP/1.1" 200 893
INFO 2023-10-08 19:59:12,903 basehttp 16576 16156 "GET /generating/password/?csrfmiddlewaretoken=ZKTagB69v4e3pdiprUL3uYqiG1bgnIaQ6AtosFEmkj68dXpxAe06govZP9vs6CZl&Length=4&Uppercase=1&Number=1&Special=1 HTTP/1.1" 200 893
INFO 2023-10-08 19:59:13,582 basehttp 16576 16156 "GET /generating/password/?csrfmiddlewaretoken=ZKTagB69v4e3pdiprUL3uYqiG1bgnIaQ6AtosFEmkj68dXpxAe06govZP9vs6CZl&Length=4&Uppercase=1&Number=1&Special=1 HTTP/1.1" 200 893
INFO 2023-10-08 19:59:14,234 basehttp 16576 16156 "GET /generating/password/?csrfmiddlewaretoken=ZKTagB69v4e3pdiprUL3uYqiG1bgnIaQ6AtosFEmkj68dXpxAe06govZP9vs6CZl&Length=4&Uppercase=1&Number=1&Special=1 HTTP/1.1" 200 893
INFO 2023-10-08 20:43:25,032 basehttp 16576 17156 "GET /generating/ HTTP/1.1" 200 2763
INFO 2023-10-08 21:03:28,832 basehttp 16576 14484 "GET /generating/password/?csrfmiddlewaretoken=k38qYUmpShAu9lIpzTUE1wcnyW8cIFEsrTIEaYUCHwszX5PxId9HNWh4H4sorztX&Length=12 HTTP/1.1" 200 901
INFO 2023-10-08 21:03:30,023 basehttp 16576 14484 "GET /generating/ HTTP/1.1" 200 2763
INFO 2023-10-08 21:03:33,085 basehttp 16576 14484 "GET /generating/password/?csrfmiddlewaretoken=cxE9in4jwcxOLDKEHgv8fq3Li29AOOQ5jnenurCwlrpTznRMQAKb1Q8sratMxIFA&Length=12&Number=1&Special=1 HTTP/1.1" 200 901
INFO 2023-10-08 21:41:52,539 autoreload 16576 6832 F:\projects_1\my_testing_project\my_testing_project\urls.py changed, reloading.
INFO 2023-10-08 21:41:53,024 autoreload 5148 15224 Watching for file changes with StatReloader
INFO 2023-10-08 21:42:09,771 autoreload 5148 15224 F:\projects_1\my_testing_project\my_testing_project\settings.py changed, reloading.
INFO 2023-10-08 21:42:10,384 autoreload 16756 13652 Watching for file changes with StatReloader
INFO 2023-10-08 22:40:07,033 autoreload 4868 13664 Watching for file changes with StatReloader
INFO 2023-10-08 22:40:49,430 autoreload 4868 13664 F:\projects_1\my_testing_project\portfolio\models.py changed, reloading.
INFO 2023-10-08 22:40:49,843 autoreload 9904 18380 Watching for file changes with StatReloader
INFO 2023-10-08 23:04:43,641 autoreload 9904 18380 F:\projects_1\my_testing_project\portfolio\models.py changed, reloading.
INFO 2023-10-08 23:04:44,083 autoreload 5604 4048 Watching for file changes with StatReloader
INFO 2023-10-08 23:05:12,048 autoreload 5604 4048 F:\projects_1\my_testing_project\portfolio\models.py changed, reloading.
INFO 2023-10-08 23:05:12,530 autoreload 12988 5676 Watching for file changes with StatReloader
INFO 2023-10-08 23:09:03,223 autoreload 12988 5676 F:\projects_1\my_testing_project\portfolio\models.py changed, reloading.
INFO 2023-10-08 23:09:03,666 autoreload 16400 13924 Watching for file changes with StatReloader
INFO 2023-10-08 23:27:06,617 basehttp 16400 15788 "GET / HTTP/1.1" 200 1328
INFO 2023-10-08 23:27:14,425 basehttp 16400 15788 "GET /admin/ HTTP/1.1" 302 0
INFO 2023-10-08 23:27:14,576 basehttp 16400 15788 "GET /admin/login/?next=/admin/ HTTP/1.1" 200 4267
INFO 2023-10-08 23:27:14,700 basehttp 16400 15788 "GET /static/admin/css/base.css HTTP/1.1" 200 21207
INFO 2023-10-08 23:27:14,707 basehttp 16400 15788 "GET /static/admin/js/nav_sidebar.js HTTP/1.1" 200 3063
INFO 2023-10-08 23:27:14,723 basehttp 16400 8244 "GET /static/admin/js/theme.js HTTP/1.1" 200 1943
INFO 2023-10-08 23:27:14,727 basehttp 16400 3104 "GET /static/admin/css/login.css HTTP/1.1" 200 958
INFO 2023-10-08 23:27:14,728 basehttp 16400 1604 "GET /static/admin/css/responsive.css HTTP/1.1" 200 18533
INFO 2023-10-08 23:27:14,728 basehttp 16400 18084 "GET /static/admin/css/dark_mode.css HTTP/1.1" 200 2929
INFO 2023-10-08 23:27:14,733 basehttp 16400 9128 "GET /static/admin/css/nav_sidebar.css HTTP/1.1" 200 2694
INFO 2023-10-08 23:27:16,742 basehttp 16400 9128 "POST /admin/login/?next=/admin/ HTTP/1.1" 302 0
INFO 2023-10-08 23:27:16,758 basehttp 16400 9128 "GET /admin/ HTTP/1.1" 200 5851
INFO 2023-10-08 23:27:16,774 basehttp 16400 9128 "GET /static/admin/css/dashboard.css HTTP/1.1" 200 441
INFO 2023-10-08 23:27:16,785 basehttp 16400 18084 "GET /static/admin/img/icon-changelink.svg HTTP/1.1" 200 380
INFO 2023-10-08 23:27:16,786 basehttp 16400 9128 "GET /static/admin/img/icon-addlink.svg HTTP/1.1" 200 331
INFO 2023-10-08 23:27:19,475 basehttp 16400 9128 "GET /admin/auth/user/ HTTP/1.1" 200 11290
INFO 2023-10-08 23:27:19,505 basehttp 16400 9128 "GET /static/admin/css/changelists.css HTTP/1.1" 200 6566
INFO 2023-10-08 23:27:19,508 basehttp 16400 3104 "GET /static/admin/js/jquery.init.js HTTP/1.1" 200 347
INFO 2023-10-08 23:27:19,512 basehttp 16400 8244 "GET /static/admin/js/core.js HTTP/1.1" 200 5682
INFO 2023-10-08 23:27:19,513 basehttp 16400 15788 "GET /static/admin/js/actions.js HTTP/1.1" 200 7872
INFO 2023-10-08 23:27:19,516 basehttp 16400 9128 "GET /static/admin/js/urlify.js HTTP/1.1" 200 7887
INFO 2023-10-08 23:27:19,517 basehttp 16400 3104 "GET /static/admin/js/prepopulate.js HTTP/1.1" 200 1531
INFO 2023-10-08 23:27:19,521 basehttp 16400 9128 "GET /static/admin/img/search.svg HTTP/1.1" 200 458
INFO 2023-10-08 23:27:19,523 basehttp 16400 3104 "GET /static/admin/img/icon-yes.svg HTTP/1.1" 200 436
INFO 2023-10-08 23:27:19,526 basehttp 16400 15788 "GET /static/admin/js/admin/RelatedObjectLookups.js HTTP/1.1" 200 8943
INFO 2023-10-08 23:27:19,526 basehttp 16400 18084 "GET /admin/jsi18n/ HTTP/1.1" 200 16066
INFO 2023-10-08 23:27:19,530 basehttp 16400 8244 "GET /static/admin/js/vendor/xregexp/xregexp.js HTTP/1.1" 200 232381
INFO 2023-10-08 23:27:19,531 basehttp 16400 1604 "GET /static/admin/js/vendor/jquery/jquery.js HTTP/1.1" 200 292458
INFO 2023-10-08 23:27:19,536 basehttp 16400 1604 "GET /static/admin/js/filters.js HTTP/1.1" 200 978
INFO 2023-10-08 23:27:19,559 basehttp 16400 8244 "GET /static/admin/img/tooltag-add.svg HTTP/1.1" 200 331
INFO 2023-10-08 23:27:19,560 basehttp 16400 1604 "GET /static/admin/img/sorting-icons.svg HTTP/1.1" 200 1097
INFO 2023-10-08 23:27:22,725 basehttp 16400 1604 "GET /admin/auth/group/ HTTP/1.1" 200 7640
INFO 2023-10-08 23:27:22,746 basehttp 16400 1604 "GET /admin/jsi18n/ HTTP/1.1" 200 16066
INFO 2023-10-08 23:27:23,588 basehttp 16400 1604 "GET /admin/auth/user/ HTTP/1.1" 200 11290
INFO 2023-10-08 23:27:23,611 basehttp 16400 1604 "GET /admin/jsi18n/ HTTP/1.1" 200 16066
INFO 2023-10-08 23:29:33,811 autoreload 16400 13924 F:\projects_1\my_testing_project\portfolio\admin.py changed, reloading.
INFO 2023-10-08 23:29:34,295 autoreload 17716 15704 Watching for file changes with StatReloader
INFO 2023-10-08 23:29:50,855 autoreload 17716 15704 F:\projects_1\my_testing_project\portfolio\admin.py changed, reloading.
INFO 2023-10-08 23:29:51,311 autoreload 7640 17788 Watching for file changes with StatReloader
INFO 2023-10-08 23:31:06,279 autoreload 11048 17028 Watching for file changes with StatReloader
INFO 2023-10-08 23:31:09,684 basehttp 11048 18404 "GET /admin/auth/user/ HTTP/1.1" 200 11858
INFO 2023-10-08 23:31:09,706 basehttp 11048 18404 "GET /admin/jsi18n/ HTTP/1.1" 200 16066
INFO 2023-10-08 23:31:10,982 basehttp 11048 18404 "GET /admin/portfolio/projects/ HTTP/1.1" 200 8943
INFO 2023-10-08 23:31:11,002 basehttp 11048 600 "GET /admin/jsi18n/ HTTP/1.1" 200 16066
INFO 2023-10-08 23:31:11,030 basehttp 11048 18404 "GET /static/admin/css/forms.css HTTP/1.1" 200 9047
INFO 2023-10-08 23:31:11,036 basehttp 11048 18404 "GET /static/admin/css/widgets.css HTTP/1.1" 200 11900
INFO 2023-10-08 23:31:13,339 basehttp 11048 18404 "GET /admin/portfolio/projects/add/ HTTP/1.1" 200 10625
INFO 2023-10-08 23:31:13,364 basehttp 11048 18404 "GET /admin/jsi18n/ HTTP/1.1" 200 16066
INFO 2023-10-08 23:31:13,365 basehttp 11048 600 "GET /static/admin/js/change_form.js HTTP/1.1" 200 606
INFO 2023-10-08 23:31:13,366 basehttp 11048 17608 "GET /static/admin/js/prepopulate_init.js HTTP/1.1" 200 586
INFO 2023-10-08 23:33:27,376 autoreload 11048 17028 F:\projects_1\my_testing_project\portfolio\admin.py changed, reloading.
INFO 2023-10-08 23:33:27,857 autoreload 15480 17088 Watching for file changes with StatReloader
INFO 2023-10-08 23:33:52,632 autoreload 15480 17088 F:\projects_1\my_testing_project\portfolio\admin.py changed, reloading.
INFO 2023-10-08 23:33:53,028 autoreload 6692 980 Watching for file changes with StatReloader
INFO 2023-10-08 23:34:09,640 autoreload 6692 980 F:\projects_1\my_testing_project\portfolio\admin.py changed, reloading.
INFO 2023-10-08 23:34:10,049 autoreload 15272 17988 Watching for file changes with StatReloader
INFO 2023-10-08 23:34:34,820 autoreload 15272 17988 F:\projects_1\my_testing_project\portfolio\admin.py changed, reloading.
INFO 2023-10-08 23:34:35,263 autoreload 9096 3292 Watching for file changes with StatReloader
INFO 2023-10-08 23:34:48,115 autoreload 8480 4080 Watching for file changes with StatReloader
INFO 2023-10-08 23:35:45,648 autoreload 16588 15644 Watching for file changes with StatReloader
INFO 2023-10-08 23:36:09,690 autoreload 8232 16144 Watching for file changes with StatReloader
INFO 2023-10-08 23:36:14,121 basehttp 8232 16320 "GET /admin/portfolio/projects/add/ HTTP/1.1" 200 10625
INFO 2023-10-08 23:36:14,155 basehttp 8232 16320 "GET /admin/jsi18n/ HTTP/1.1" 200 16066
INFO 2023-10-08 23:36:15,926 basehttp 8232 16320 "GET /admin/portfolio/projects/ HTTP/1.1" 200 8481
INFO 2023-10-08 23:36:15,949 basehttp 8232 16320 "GET /admin/jsi18n/ HTTP/1.1" 200 16066
INFO 2023-10-08 23:37:04,520 autoreload 13288 1244 Watching for file changes with StatReloader
INFO 2023-10-08 23:38:06,494 autoreload 9008 12688 Watching for file changes with StatReloader
INFO 2023-10-08 23:38:12,564 basehttp 9008 15356 "GET /admin/portfolio/projects/ HTTP/1.1" 200 8907
INFO 2023-10-08 23:38:12,599 basehttp 9008 15356 "GET /admin/jsi18n/ HTTP/1.1" 200 16066
INFO 2023-10-08 23:38:14,055 basehttp 9008 15356 "GET /admin/portfolio/projects/ HTTP/1.1" 200 8907
INFO 2023-10-08 23:38:14,076 basehttp 9008 15356 "GET /admin/jsi18n/ HTTP/1.1" 200 16066
INFO 2023-10-08 23:38:15,356 basehttp 9008 15356 "GET /admin/portfolio/projects/ HTTP/1.1" 200 8907
INFO 2023-10-08 23:38:15,376 basehttp 9008 15356 "GET /admin/jsi18n/ HTTP/1.1" 200 16066
INFO 2023-10-08 23:38:17,995 basehttp 9008 15356 "GET /admin/portfolio/projects/add/ HTTP/1.1" 200 10620
INFO 2023-10-08 23:38:18,023 basehttp 9008 15356 "GET /admin/jsi18n/ HTTP/1.1" 200 16066
INFO 2023-10-08 23:40:34,561 basehttp 9008 15356 "POST /admin/portfolio/projects/add/ HTTP/1.1" 302 0
INFO 2023-10-08 23:40:34,579 basehttp 9008 15356 "GET /admin/portfolio/projects/ HTTP/1.1" 200 11952
INFO 2023-10-08 23:40:34,600 basehttp 9008 15356 "GET /admin/jsi18n/ HTTP/1.1" 200 16066
INFO 2023-10-08 23:40:34,646 basehttp 9008 15356 "GET /media/portfolio/images/15c86da2f2c825cdd86a0752e2g0--kartiny-i-panno-abstraktnaya-kvadratnaya-_qYR41r5.jpg HTTP/1.1" 200 420391
INFO 2023-10-08 23:40:40,341 basehttp 9008 15356 "GET /admin/portfolio/projects/1/change/ HTTP/1.1" 200 11466
INFO 2023-10-08 23:40:40,366 basehttp 9008 15356 "GET /admin/jsi18n/ HTTP/1.1" 200 16066
INFO 2023-10-08 23:40:42,190 basehttp 9008 15356 "GET /admin/portfolio/projects/ HTTP/1.1" 200 11695
INFO 2023-10-08 23:40:42,209 basehttp 9008 13936 "GET /media/portfolio/images/15c86da2f2c825cdd86a0752e2g0--kartiny-i-panno-abstraktnaya-kvadratnaya-_qYR41r5.jpg HTTP/1.1" 304 0
INFO 2023-10-08 23:40:42,212 basehttp 9008 15356 "GET /admin/jsi18n/ HTTP/1.1" 200 16066
INFO 2023-10-09 00:25:34,235 autoreload 16524 15792 Watching for file changes with StatReloader
INFO 2023-10-09 00:25:37,335 basehttp 16524 17996 "GET / HTTP/1.1" 200 1303
ERROR 2023-10-09 00:25:38,678 log 16524 17996 Internal Server Error: /portfolio/
Traceback (most recent call last):
  File "F:\projects_1\my_testing_project\venv\lib\site-packages\django\template\base.py", line 505, in parse
    compile_func = self.tags[command]
KeyError: 'extend'

During handling of the above exception, another exception occurred:

Traceback (most recent call last):
  File "F:\projects_1\my_testing_project\venv\lib\site-packages\django\core\handlers\exception.py", line 55, in inner
    response = get_response(request)
  File "F:\projects_1\my_testing_project\venv\lib\site-packages\django\core\handlers\base.py", line 197, in _get_response
    response = wrapped_callback(request, *callback_args, **callback_kwargs)
  File "F:\projects_1\my_testing_project\portfolio\views.py", line 10, in index
    return render(request, 'portfolio/portfolio.html', context=context)
  File "F:\projects_1\my_testing_project\venv\lib\site-packages\django\shortcuts.py", line 24, in render
    content = loader.render_to_string(template_name, context, request, using=using)
  File "F:\projects_1\my_testing_project\venv\lib\site-packages\django\template\loader.py", line 61, in render_to_string
    template = get_template(template_name, using=using)
  File "F:\projects_1\my_testing_project\venv\lib\site-packages\django\template\loader.py", line 15, in get_template
    return engine.get_template(template_name)
  File "F:\projects_1\my_testing_project\venv\lib\site-packages\django\template\backends\django.py", line 33, in get_template
    return Template(self.engine.get_template(template_name), self)
  File "F:\projects_1\my_testing_project\venv\lib\site-packages\django\template\engine.py", line 175, in get_template
    template, origin = self.find_template(template_name)
  File "F:\projects_1\my_testing_project\venv\lib\site-packages\django\template\engine.py", line 157, in find_template
    template = loader.get_template(name, skip=skip)
  File "F:\projects_1\my_testing_project\venv\lib\site-packages\django\template\loaders\cached.py", line 57, in get_template
    template = super().get_template(template_name, skip)
  File "F:\projects_1\my_testing_project\venv\lib\site-packages\django\template\loaders\base.py", line 28, in get_template
    return Template(
  File "F:\projects_1\my_testing_project\venv\lib\site-packages\django\template\base.py", line 154, in __init__
    self.nodelist = self.compile_nodelist()
  File "F:\projects_1\my_testing_project\venv\lib\site-packages\django\template\base.py", line 200, in compile_nodelist
    return parser.parse()
  File "F:\projects_1\my_testing_project\venv\lib\site-packages\django\template\base.py", line 507, in parse
    self.invalid_block_tag(token, command, parse_until)
  File "F:\projects_1\my_testing_project\venv\lib\site-packages\django\template\base.py", line 568, in invalid_block_tag
    raise self.error(
django.template.exceptions.TemplateSyntaxError: Invalid block tag on line 1: 'extend'. Did you forget to register or load this tag?
ERROR 2023-10-09 00:25:38,680 basehttp 16524 17996 "GET /portfolio/ HTTP/1.1" 500 151581
INFO 2023-10-09 00:26:19,290 autoreload 17576 10556 Watching for file changes with StatReloader
INFO 2023-10-09 00:26:21,799 basehttp 17576 2264 "GET /portfolio/ HTTP/1.1" 200 3498
WARNING 2023-10-09 00:26:21,842 log 17576 2264 Not Found: /portfolio/logo.png
WARNING 2023-10-09 00:26:21,843 log 17576 18372 Not Found: /portfolio/thumbnail2.jpg
WARNING 2023-10-09 00:26:21,845 log 17576 6124 Not Found: /portfolio/thumbnail1.jpg
WARNING 2023-10-09 00:26:21,845 log 17576 8840 Not Found: /portfolio/thumbnail3.jpg
WARNING 2023-10-09 00:26:21,845 basehttp 17576 2264 "GET /portfolio/logo.png HTTP/1.1" 404 3002
WARNING 2023-10-09 00:26:21,846 basehttp 17576 18372 "GET /portfolio/thumbnail2.jpg HTTP/1.1" 404 3020
WARNING 2023-10-09 00:26:21,846 basehttp 17576 6124 "GET /portfolio/thumbnail1.jpg HTTP/1.1" 404 3020
WARNING 2023-10-09 00:26:21,847 basehttp 17576 8840 "GET /portfolio/thumbnail3.jpg HTTP/1.1" 404 3020
INFO 2023-10-09 00:30:53,936 autoreload 15728 3712 Watching for file changes with StatReloader
INFO 2023-10-09 00:30:56,922 basehttp 15728 15596 "GET /portfolio/ HTTP/1.1" 200 2813
INFO 2023-10-09 00:30:56,941 basehttp 15728 11376 "GET /media/portfolio/images/15c86da2f2c825cdd86a0752e2g0--kartiny-i-panno-abstraktnaya-kvadratnaya-_qYR41r5.jpg HTTP/1.1" 304 0
WARNING 2023-10-09 00:30:56,948 log 15728 15596 Not Found: /portfolio/logo.png
WARNING 2023-10-09 00:30:56,948 basehttp 15728 15596 "GET /portfolio/logo.png HTTP/1.1" 404 3002
INFO 2023-10-09 00:31:52,845 basehttp 15728 15596 "GET /admin/ HTTP/1.1" 200 6925
INFO 2023-10-09 00:31:56,762 basehttp 15728 15596 "GET /admin/portfolio/projects/ HTTP/1.1" 200 11695
INFO 2023-10-09 00:31:56,793 basehttp 15728 15596 "GET /admin/jsi18n/ HTTP/1.1" 200 16066
INFO 2023-10-09 00:32:00,525 basehttp 15728 15596 "GET /admin/portfolio/projects/add/ HTTP/1.1" 200 10620
INFO 2023-10-09 00:32:00,547 basehttp 15728 15596 "GET /admin/jsi18n/ HTTP/1.1" 200 16066
INFO 2023-10-09 00:33:48,490 basehttp 15728 15596 "POST /admin/portfolio/projects/add/ HTTP/1.1" 302 0
INFO 2023-10-09 00:33:48,509 basehttp 15728 15596 "GET /admin/portfolio/projects/ HTTP/1.1" 200 13318
INFO 2023-10-09 00:33:48,533 basehttp 15728 15596 "GET /admin/jsi18n/ HTTP/1.1" 200 16066
INFO 2023-10-09 00:33:48,578 basehttp 15728 15596 "GET /media/portfolio/images/75927-ksyu.jpg HTTP/1.1" 200 531462
INFO 2023-10-09 00:33:54,336 basehttp 15728 15596 "GET / HTTP/1.1" 200 1303
INFO 2023-10-09 00:33:55,971 basehttp 15728 15596 "GET /portfolio/ HTTP/1.1" 200 3547
INFO 2023-10-09 00:33:55,996 basehttp 15728 11376 "GET /media/portfolio/images/75927-ksyu.jpg HTTP/1.1" 304 0
WARNING 2023-10-09 00:33:56,002 log 15728 15596 Not Found: /portfolio/logo.png
WARNING 2023-10-09 00:33:56,003 basehttp 15728 15596 "GET /portfolio/logo.png HTTP/1.1" 404 3002
INFO 2023-10-09 00:34:41,729 autoreload 14132 4296 Watching for file changes with StatReloader
INFO 2023-10-09 00:34:43,793 basehttp 14132 12016 "GET /portfolio/ HTTP/1.1" 200 3587
INFO 2023-10-09 00:34:43,815 basehttp 14132 17044 "GET /media/portfolio/images/75927-ksyu.jpg HTTP/1.1" 304 0
WARNING 2023-10-09 00:34:43,821 log 14132 12016 Not Found: /portfolio/logo.png
WARNING 2023-10-09 00:34:43,823 basehttp 14132 12016 "GET /portfolio/logo.png HTTP/1.1" 404 3002
INFO 2023-10-09 00:40:28,816 autoreload 14272 13596 Watching for file changes with StatReloader
INFO 2023-10-09 00:40:33,417 basehttp 14272 9240 "GET /portfolio/ HTTP/1.1" 200 4154
INFO 2023-10-09 00:40:33,450 basehttp 14272 6124 "GET /media/portfolio/images/15c86da2f2c825cdd86a0752e2g0--kartiny-i-panno-abstraktnaya-kvadratnaya-_qYR41r5.jpg HTTP/1.1" 304 0
INFO 2023-10-09 00:40:33,450 basehttp 14272 5488 "GET /media/portfolio/images/75927-ksyu.jpg HTTP/1.1" 304 0
WARNING 2023-10-09 00:40:33,457 log 14272 9240 Not Found: /portfolio/logo.png
WARNING 2023-10-09 00:40:33,458 basehttp 14272 9240 "GET /portfolio/logo.png HTTP/1.1" 404 3002
INFO 2023-10-09 00:42:16,750 autoreload 11780 11728 Watching for file changes with StatReloader
INFO 2023-10-09 00:42:18,921 basehttp 11780 9504 "GET /portfolio/ HTTP/1.1" 200 4209
INFO 2023-10-09 00:42:18,941 basehttp 11780 16712 "GET /media/portfolio/images/75927-ksyu.jpg HTTP/1.1" 304 0
WARNING 2023-10-09 00:42:18,950 log 11780 9504 Not Found: /portfolio/logo.png
WARNING 2023-10-09 00:42:18,950 basehttp 11780 9504 "GET /portfolio/logo.png HTTP/1.1" 404 3002
INFO 2023-10-09 00:42:20,376 basehttp 11780 9504 "GET /portfolio/ HTTP/1.1" 200 4209
WARNING 2023-10-09 00:42:20,395 log 11780 9504 Not Found: /portfolio/logo.png
WARNING 2023-10-09 00:42:20,396 basehttp 11780 9504 "GET /portfolio/logo.png HTTP/1.1" 404 3002
INFO 2023-10-09 00:42:55,539 autoreload 16976 3004 Watching for file changes with StatReloader
INFO 2023-10-09 00:43:00,035 basehttp 16976 18140 "GET /portfolio/ HTTP/1.1" 200 4218
WARNING 2023-10-09 00:43:00,055 log 16976 18140 Not Found: /portfolio/logo.png
WARNING 2023-10-09 00:43:00,056 basehttp 16976 18140 "GET /portfolio/logo.png HTTP/1.1" 404 3002
INFO 2023-10-09 00:43:26,084 autoreload 2676 9972 Watching for file changes with StatReloader
INFO 2023-10-09 00:43:37,517 basehttp 2676 3292 "GET /portfolio/ HTTP/1.1" 200 4225
INFO 2023-10-09 00:43:37,552 basehttp 2676 18084 "GET /media/portfolio/images/75927-ksyu.jpg HTTP/1.1" 304 0
WARNING 2023-10-09 00:43:37,567 log 2676 3292 Not Found: /portfolio/logo.png
WARNING 2023-10-09 00:43:37,568 basehttp 2676 3292 "GET /portfolio/logo.png HTTP/1.1" 404 3002
INFO 2023-10-09 00:45:04,012 autoreload 18324 16412 Watching for file changes with StatReloader
INFO 2023-10-09 00:45:05,745 basehttp 18324 4604 "GET /portfolio/ HTTP/1.1" 200 4513
INFO 2023-10-09 00:45:05,763 basehttp 18324 12836 "GET /media/portfolio/images/75927-ksyu.jpg HTTP/1.1" 304 0
WARNING 2023-10-09 00:45:05,769 log 18324 4604 Not Found: /portfolio/logo.png
WARNING 2023-10-09 00:45:05,770 basehttp 18324 4604 "GET /portfolio/logo.png HTTP/1.1" 404 3002
INFO 2023-10-09 00:47:27,458 basehttp 18324 4604 "POST /admin/portfolio/projects/ HTTP/1.1" 200 13263
INFO 2023-10-09 00:47:27,498 basehttp 18324 4604 "GET /admin/jsi18n/ HTTP/1.1" 200 16066
INFO 2023-10-09 00:47:27,532 basehttp 18324 4604 "GET /media/portfolio/images/75927-ksyu.jpg HTTP/1.1" 304 0
INFO 2023-10-09 00:47:27,532 basehttp 18324 12836 "GET /media/portfolio/images/15c86da2f2c825cdd86a0752e2g0--kartiny-i-panno-abstraktnaya-kvadratnaya-_qYR41r5.jpg HTTP/1.1" 304 0
INFO 2023-10-09 00:47:33,902 basehttp 18324 12836 "POST /admin/portfolio/projects/ HTTP/1.1" 302 0
INFO 2023-10-09 00:47:33,923 basehttp 18324 12836 "GET /admin/portfolio/projects/ HTTP/1.1" 200 13049
INFO 2023-10-09 00:47:33,943 basehttp 18324 12836 "GET /admin/jsi18n/ HTTP/1.1" 200 16066
INFO 2023-10-09 00:50:51,093 autoreload 17016 9996 Watching for file changes with StatReloader
INFO 2023-10-09 00:50:54,634 basehttp 17016 11856 "GET /portfolio/ HTTP/1.1" 200 4514
INFO 2023-10-09 00:50:54,654 basehttp 17016 18120 "GET /media/portfolio/images/75927-ksyu.jpg HTTP/1.1" 304 0
INFO 2023-10-09 00:50:54,654 basehttp 17016 15368 "GET /media/portfolio/images/15c86da2f2c825cdd86a0752e2g0--kartiny-i-panno-abstraktnaya-kvadratnaya-_qYR41r5.jpg HTTP/1.1" 304 0
WARNING 2023-10-09 00:50:54,660 log 17016 11856 Not Found: /portfolio/logo.png
WARNING 2023-10-09 00:50:54,660 basehttp 17016 11856 "GET /portfolio/logo.png HTTP/1.1" 404 3002
INFO 2023-10-09 00:50:56,760 basehttp 17016 11856 "GET /portfolio/ HTTP/1.1" 200 4514
WARNING 2023-10-09 00:50:56,780 log 17016 11856 Not Found: /portfolio/logo.png
WARNING 2023-10-09 00:50:56,781 basehttp 17016 11856 "GET /portfolio/logo.png HTTP/1.1" 404 3002
INFO 2023-10-09 00:51:51,007 autoreload 1560 3344 Watching for file changes with StatReloader
INFO 2023-10-09 00:51:54,434 basehttp 1560 17996 "GET /portfolio/ HTTP/1.1" 200 4531
WARNING 2023-10-09 00:51:54,455 basehttp 1560 17996 "GET /static/images/logo.png HTTP/1.1" 404 1905
INFO 2023-10-09 00:51:55,802 basehttp 1560 11704 "GET /portfolio/ HTTP/1.1" 200 4531
WARNING 2023-10-09 00:51:55,821 basehttp 1560 11704 "GET /static/images/logo.png HTTP/1.1" 404 1905
INFO 2023-10-09 00:52:23,100 autoreload 14460 1164 Watching for file changes with StatReloader
INFO 2023-10-09 00:52:24,827 basehttp 14460 13632 "GET /portfolio/ HTTP/1.1" 200 4532
INFO 2023-10-09 00:52:24,873 basehttp 14460 13632 "GET /static/images/logos.png HTTP/1.1" 200 4729
INFO 2023-10-09 00:56:36,634 autoreload 12856 17400 Watching for file changes with StatReloader
INFO 2023-10-09 00:56:40,890 basehttp 12856 16608 "GET /portfolio/ HTTP/1.1" 200 5241
INFO 2023-10-09 00:56:40,904 basehttp 12856 16608 "GET /static/images/logos.png HTTP/1.1" 304 0
INFO 2023-10-09 00:56:40,905 basehttp 12856 8232 "GET /media/portfolio/images/75927-ksyu.jpg HTTP/1.1" 304 0
INFO 2023-10-09 00:58:20,158 autoreload 18088 10332 Watching for file changes with StatReloader
INFO 2023-10-09 00:58:23,217 basehttp 18088 5112 "GET /portfolio/ HTTP/1.1" 200 5245
INFO 2023-10-09 00:58:23,234 basehttp 18088 5112 "GET /static/images/logos.png HTTP/1.1" 304 0
INFO 2023-10-09 00:58:23,235 basehttp 18088 17828 "GET /media/portfolio/images/15c86da2f2c825cdd86a0752e2g0--kartiny-i-panno-abstraktnaya-kvadratnaya-_qYR41r5.jpg HTTP/1.1" 304 0
INFO 2023-10-09 00:58:29,777 basehttp 18088 17828 "GET /portfolio/ HTTP/1.1" 200 5245
INFO 2023-10-09 01:01:56,734 autoreload 6856 12988 Watching for file changes with StatReloader
INFO 2023-10-09 01:02:00,137 basehttp 6856 16588 "GET /portfolio/ HTTP/1.1" 200 5174
INFO 2023-10-09 01:02:00,151 basehttp 6856 16588 "GET /static/images/logos.png HTTP/1.1" 304 0
INFO 2023-10-09 01:02:00,152 basehttp 6856 15468 "GET /media/portfolio/images/75927-ksyu.jpg HTTP/1.1" 304 0
INFO 2023-10-09 01:03:23,021 basehttp 6856 15468 "GET /admin/portfolio/projects/add/ HTTP/1.1" 200 10620
INFO 2023-10-09 01:03:23,053 basehttp 6856 15468 "GET /admin/jsi18n/ HTTP/1.1" 200 16066
INFO 2023-10-09 01:04:04,308 basehttp 6856 15468 "POST /admin/portfolio/projects/add/ HTTP/1.1" 302 0
INFO 2023-10-09 01:04:04,346 basehttp 6856 15468 "GET /admin/portfolio/projects/ HTTP/1.1" 200 14428
INFO 2023-10-09 01:04:04,378 basehttp 6856 15468 "GET /admin/jsi18n/ HTTP/1.1" 200 16066
INFO 2023-10-09 01:04:04,441 basehttp 6856 15468 "GET /media/portfolio/images/images.jfif HTTP/1.1" 200 7240
INFO 2023-10-09 01:04:07,094 basehttp 6856 15468 "GET /portfolio/ HTTP/1.1" 200 6000
INFO 2023-10-09 01:04:07,109 basehttp 6856 15468 "GET /static/images/logos.png HTTP/1.1" 304 0
INFO 2023-10-09 01:04:07,118 basehttp 6856 15468 "GET /media/portfolio/images/images.jfif HTTP/1.1" 304 0
INFO 2023-10-09 01:05:03,658 basehttp 6856 15468 "GET /admin/portfolio/projects/3/change/ HTTP/1.1" 200 11383
INFO 2023-10-09 01:05:03,683 basehttp 6856 15468 "GET /admin/jsi18n/ HTTP/1.1" 200 16066
INFO 2023-10-09 01:05:08,081 basehttp 6856 15468 "POST /admin/portfolio/projects/3/change/ HTTP/1.1" 302 0
INFO 2023-10-09 01:05:08,100 basehttp 6856 15468 "GET /admin/portfolio/projects/ HTTP/1.1" 200 14463
INFO 2023-10-09 01:05:08,128 basehttp 6856 15468 "GET /admin/jsi18n/ HTTP/1.1" 200 16066
INFO 2023-10-09 01:05:08,132 basehttp 6856 16588 "GET /media/portfolio/images/avtomobil_neon_chelovek_137624_2560x1440.jpg HTTP/1.1" 200 255626
INFO 2023-10-09 01:05:08,138 basehttp 6856 16588 "GET /media/portfolio/images/75927-ksyu.jpg HTTP/1.1" 304 0
INFO 2023-10-09 01:05:10,664 basehttp 6856 16588 "GET /portfolio/ HTTP/1.1" 200 6033
INFO 2023-10-09 01:05:10,680 basehttp 6856 16588 "GET /media/portfolio/images/75927-ksyu.jpg HTTP/1.1" 304 0
INFO 2023-10-09 01:05:10,680 basehttp 6856 15468 "GET /media/portfolio/images/avtomobil_neon_chelovek_137624_2560x1440.jpg HTTP/1.1" 304 0
INFO 2023-10-09 01:06:44,320 basehttp 6856 15468 "GET /admin/portfolio/projects/ HTTP/1.1" 200 14225
INFO 2023-10-09 01:06:45,993 basehttp 6856 15468 "GET /admin/portfolio/projects/3/change/ HTTP/1.1" 200 11449
INFO 2023-10-09 01:06:46,014 basehttp 6856 15468 "GET /admin/jsi18n/ HTTP/1.1" 200 16066
INFO 2023-10-09 01:06:50,167 basehttp 6856 15468 "POST /admin/portfolio/projects/3/change/ HTTP/1.1" 302 0
INFO 2023-10-09 01:06:50,186 basehttp 6856 15468 "GET /admin/portfolio/projects/ HTTP/1.1" 200 14462
INFO 2023-10-09 01:06:50,210 basehttp 6856 15468 "GET /admin/jsi18n/ HTTP/1.1" 200 16066
INFO 2023-10-09 01:06:50,210 basehttp 6856 16588 "GET /media/portfolio/images/devushka_kotenok_tsvetok_141058_300x188.jpg HTTP/1.1" 200 14485
INFO 2023-10-09 01:06:50,217 basehttp 6856 16588 "GET /media/portfolio/images/15c86da2f2c825cdd86a0752e2g0--kartiny-i-panno-abstraktnaya-kvadratnaya-_qYR41r5.jpg HTTP/1.1" 304 0
INFO 2023-10-09 01:06:53,065 basehttp 6856 16588 "GET /portfolio/ HTTP/1.1" 200 6032
INFO 2023-10-09 01:06:53,080 basehttp 6856 16588 "GET /static/images/logos.png HTTP/1.1" 304 0
INFO 2023-10-09 01:06:53,083 basehttp 6856 15468 "GET /media/portfolio/images/15c86da2f2c825cdd86a0752e2g0--kartiny-i-panno-abstraktnaya-kvadratnaya-_qYR41r5.jpg HTTP/1.1" 304 0
INFO 2023-10-09 01:06:53,087 basehttp 6856 5808 "GET /media/portfolio/images/devushka_kotenok_tsvetok_141058_300x188.jpg HTTP/1.1" 304 0
INFO 2023-10-09 01:08:35,192 basehttp 6856 5808 "GET /admin/portfolio/projects/3/change/ HTTP/1.1" 200 11447
INFO 2023-10-09 01:08:35,226 basehttp 6856 5808 "GET /admin/jsi18n/ HTTP/1.1" 200 16066
INFO 2023-10-09 01:08:36,529 basehttp 6856 5808 "GET /media/portfolio/images/devushka_kotenok_tsvetok_141058_300x188.jpg HTTP/1.1" 304 0
INFO 2023-10-09 01:08:38,176 basehttp 6856 5808 "GET /admin/portfolio/projects/3/change/ HTTP/1.1" 200 11447
INFO 2023-10-09 01:08:42,515 basehttp 6856 5808 "POST /admin/portfolio/projects/3/change/ HTTP/1.1" 302 0
INFO 2023-10-09 01:08:42,534 basehttp 6856 5808 "GET /admin/portfolio/projects/ HTTP/1.1" 200 14491
INFO 2023-10-09 01:08:42,556 basehttp 6856 5808 "GET /admin/jsi18n/ HTTP/1.1" 200 16066
INFO 2023-10-09 01:08:42,565 basehttp 6856 5808 "GET /media/portfolio/images/%D0%91%D0%B5%D0%B7_%D0%BD%D0%B0%D0%B7%D0%B2%D0%B0%D0%BD%D0%B8%D1%8F.jfif HTTP/1.1" 200 5483
INFO 2023-10-09 01:08:42,572 basehttp 6856 5808 "GET /media/portfolio/images/75927-ksyu.jpg HTTP/1.1" 304 0
INFO 2023-10-09 01:08:44,447 basehttp 6856 5808 "GET /portfolio/ HTTP/1.1" 200 6061
INFO 2023-10-09 01:08:44,462 basehttp 6856 5808 "GET /static/images/logos.png HTTP/1.1" 304 0
INFO 2023-10-09 01:08:44,470 basehttp 6856 5808 "GET /media/portfolio/images/%D0%91%D0%B5%D0%B7_%D0%BD%D0%B0%D0%B7%D0%B2%D0%B0%D0%BD%D0%B8%D1%8F.jfif HTTP/1.1" 304 0
INFO 2023-10-09 01:09:28,754 basehttp 6856 5808 "GET /admin/portfolio/projects/3/change/ HTTP/1.1" 200 11461
INFO 2023-10-09 01:09:28,774 basehttp 6856 5808 "GET /admin/jsi18n/ HTTP/1.1" 200 16066
INFO 2023-10-09 01:41:59,935 basehttp 6856 11048 "POST /admin/portfolio/projects/3/change/ HTTP/1.1" 302 0
INFO 2023-10-09 01:41:59,953 basehttp 6856 11048 "GET /admin/portfolio/projects/ HTTP/1.1" 200 14459
INFO 2023-10-09 01:41:59,987 basehttp 6856 11048 "GET /admin/jsi18n/ HTTP/1.1" 200 16066
INFO 2023-10-09 01:42:00,017 basehttp 6856 796 "GET /media/portfolio/images/75927-ksyu.jpg HTTP/1.1" 304 0
INFO 2023-10-09 01:42:00,018 basehttp 6856 11048 "GET /media/portfolio/images/siluet_krug_svechenie_141558_300x255.jpg HTTP/1.1" 200 10970
INFO 2023-10-09 01:42:00,034 basehttp 6856 1180 "GET /media/portfolio/images/15c86da2f2c825cdd86a0752e2g0--kartiny-i-panno-abstraktnaya-kvadratnaya-_qYR41r5.jpg HTTP/1.1" 304 0
INFO 2023-10-09 01:42:02,677 basehttp 6856 1180 "GET /portfolio/ HTTP/1.1" 200 6029
INFO 2023-10-09 01:42:02,693 basehttp 6856 1180 "GET /static/images/logos.png HTTP/1.1" 304 0
INFO 2023-10-09 01:42:02,702 basehttp 6856 1180 "GET /media/portfolio/images/siluet_krug_svechenie_141558_300x255.jpg HTTP/1.1" 304 0
INFO 2023-10-09 01:44:23,553 basehttp 6856 1180 "GET /admin/portfolio/projects/ HTTP/1.1" 200 14221
INFO 2023-10-09 01:44:26,278 basehttp 6856 1180 "GET /admin/portfolio/projects/3/change/ HTTP/1.1" 200 11441
INFO 2023-10-09 01:44:26,303 basehttp 6856 1180 "GET /admin/jsi18n/ HTTP/1.1" 200 16066
INFO 2023-10-09 01:44:32,582 basehttp 6856 1180 "POST /admin/portfolio/projects/3/change/ HTTP/1.1" 302 0
INFO 2023-10-09 01:44:32,601 basehttp 6856 1180 "GET /admin/portfolio/projects/ HTTP/1.1" 200 14437
INFO 2023-10-09 01:44:32,623 basehttp 6856 1180 "GET /media/portfolio/images/59ee517de1060.webp HTTP/1.1" 200 22182
INFO 2023-10-09 01:44:32,625 basehttp 6856 11048 "GET /admin/jsi18n/ HTTP/1.1" 200 16066
INFO 2023-10-09 01:44:34,432 basehttp 6856 11048 "GET /portfolio/ HTTP/1.1" 200 6007
INFO 2023-10-09 01:44:34,450 basehttp 6856 11048 "GET /media/portfolio/images/59ee517de1060.webp HTTP/1.1" 304 0
INFO 2023-10-09 01:44:48,959 basehttp 6856 11048 "GET /admin/portfolio/projects/3/change/ HTTP/1.1" 200 11397
INFO 2023-10-09 01:44:48,979 basehttp 6856 11048 "GET /admin/jsi18n/ HTTP/1.1" 200 16066
INFO 2023-10-09 01:45:04,902 basehttp 6856 11048 "POST /admin/portfolio/projects/3/change/ HTTP/1.1" 302 0
INFO 2023-10-09 01:45:04,921 basehttp 6856 11048 "GET /admin/portfolio/projects/ HTTP/1.1" 200 14493
INFO 2023-10-09 01:45:04,953 basehttp 6856 11048 "GET /admin/jsi18n/ HTTP/1.1" 200 16066
INFO 2023-10-09 01:45:04,984 basehttp 6856 11048 "GET /media/portfolio/images/%D0%91%D0%B5%D0%B7_%D0%BD%D0%B0%D0%B7%D0%B2%D0%B0%D0%BD%D0%B8%D1%8F_1.jfif HTTP/1.1" 200 6584
INFO 2023-10-09 01:45:06,502 basehttp 6856 11048 "GET /portfolio/ HTTP/1.1" 200 6063
INFO 2023-10-09 01:45:06,517 basehttp 6856 11048 "GET /media/portfolio/images/%D0%91%D0%B5%D0%B7_%D0%BD%D0%B0%D0%B7%D0%B2%D0%B0%D0%BD%D0%B8%D1%8F_1.jfif HTTP/1.1" 304 0
INFO 2023-10-09 02:00:58,769 autoreload 13000 1976 Watching for file changes with StatReloader
INFO 2023-10-09 02:01:30,849 autoreload 4604 10896 Watching for file changes with StatReloader
INFO 2023-10-09 02:01:33,850 basehttp 4604 16964 "GET /portfolio/ HTTP/1.1" 200 6051
INFO 2023-10-09 02:01:33,865 basehttp 4604 16964 "GET /static/images/logos.png HTTP/1.1" 304 0
INFO 2023-10-09 02:01:33,867 basehttp 4604 9996 "GET /media/portfolio/images/15c86da2f2c825cdd86a0752e2g0--kartiny-i-panno-abstraktnaya-kvadratnaya-_qYR41r5.jpg HTTP/1.1" 304 0
INFO 2023-10-09 02:01:33,868 basehttp 4604 16964 "GET /media/portfolio/images/75927-ksyu.jpg HTTP/1.1" 304 0
INFO 2023-10-09 02:01:33,877 basehttp 4604 9996 "GET /media/portfolio/images/%D0%91%D0%B5%D0%B7_%D0%BD%D0%B0%D0%B7%D0%B2%D0%B0%D0%BD%D0%B8%D1%8F_1.jfif HTTP/1.1" 304 0
INFO 2023-10-09 02:02:08,608 autoreload 17428 4768 Watching for file changes with StatReloader
INFO 2023-10-09 02:02:11,426 basehttp 17428 14704 "GET /portfolio/ HTTP/1.1" 200 6058
INFO 2023-10-09 02:02:12,302 basehttp 17428 14704 "GET /blog/ HTTP/1.1" 200 1589
INFO 2023-10-09 02:02:40,221 autoreload 8408 8300 Watching for file changes with StatReloader
INFO 2023-10-09 02:02:42,303 basehttp 8408 10132 "GET /blog/ HTTP/1.1" 200 1599
INFO 2023-10-09 02:02:43,801 basehttp 8408 10132 "GET /portfolio/ HTTP/1.1" 200 6068
INFO 2023-10-09 02:02:45,520 basehttp 8408 10132 "GET /blog/ HTTP/1.1" 200 1599
INFO 2023-10-09 02:02:46,710 basehttp 8408 10132 "GET /portfolio/ HTTP/1.1" 200 6068
INFO 2023-10-09 02:05:01,748 autoreload 7436 14512 Watching for file changes with StatReloader
INFO 2023-10-09 02:05:05,690 basehttp 7436 18072 "GET /portfolio/ HTTP/1.1" 200 6091
INFO 2023-10-09 02:05:05,704 basehttp 7436 18072 "GET /media/portfolio/images/%D0%91%D0%B5%D0%B7_%D0%BD%D0%B0%D0%B7%D0%B2%D0%B0%D0%BD%D0%B8%D1%8F_1.jfif HTTP/1.1" 304 0
INFO 2023-10-09 02:07:34,897 autoreload 7436 14512 F:\projects_1\my_testing_project\blog\models.py changed, reloading.
INFO 2023-10-09 02:07:35,342 autoreload 8600 17676 Watching for file changes with StatReloader
INFO 2023-10-09 02:09:27,362 autoreload 8600 17676 F:\projects_1\my_testing_project\blog\admin.py changed, reloading.
INFO 2023-10-09 02:09:27,842 autoreload 11796 13444 Watching for file changes with StatReloader
INFO 2023-10-09 02:10:22,521 autoreload 11796 13444 F:\projects_1\my_testing_project\blog\admin.py changed, reloading.
INFO 2023-10-09 02:10:23,006 autoreload 5172 13504 Watching for file changes with StatReloader
INFO 2023-10-09 02:12:00,754 autoreload 8708 11524 Watching for file changes with StatReloader
INFO 2023-10-09 02:12:05,090 basehttp 8708 12596 "GET /admin/portfolio/projects/ HTTP/1.1" 200 14781
INFO 2023-10-09 02:12:05,122 basehttp 8708 12596 "GET /admin/jsi18n/ HTTP/1.1" 200 16066
INFO 2023-10-09 02:12:05,163 basehttp 8708 12596 "GET /media/portfolio/images/%D0%91%D0%B5%D0%B7_%D0%BD%D0%B0%D0%B7%D0%B2%D0%B0%D0%BD%D0%B8%D1%8F_1.jfif HTTP/1.1" 304 0
INFO 2023-10-09 02:12:05,166 basehttp 8708 15592 "GET /media/portfolio/images/75927-ksyu.jpg HTTP/1.1" 304 0
INFO 2023-10-09 02:12:06,470 basehttp 8708 15592 "GET /admin/blog/posts/ HTTP/1.1" 200 9397
INFO 2023-10-09 02:12:06,490 basehttp 8708 15592 "GET /admin/jsi18n/ HTTP/1.1" 200 16066
INFO 2023-10-09 02:12:27,600 autoreload 15832 15256 Watching for file changes with StatReloader
INFO 2023-10-09 02:12:30,286 basehttp 15832 18064 "GET /admin/blog/posts/ HTTP/1.1" 200 9391
INFO 2023-10-09 02:12:30,306 basehttp 15832 18064 "GET /admin/jsi18n/ HTTP/1.1" 200 16066
INFO 2023-10-09 02:12:31,471 basehttp 15832 18064 "GET /admin/blog/posts/ HTTP/1.1" 200 9391
INFO 2023-10-09 02:12:31,490 basehttp 15832 18064 "GET /admin/jsi18n/ HTTP/1.1" 200 16066
INFO 2023-10-09 02:12:33,430 basehttp 15832 18064 "GET /admin/blog/posts/add/ HTTP/1.1" 200 11673
INFO 2023-10-09 02:12:33,452 basehttp 15832 18064 "GET /admin/jsi18n/ HTTP/1.1" 200 16066
INFO 2023-10-09 02:13:20,325 autoreload 15832 15256 F:\projects_1\my_testing_project\blog\models.py changed, reloading.
INFO 2023-10-09 02:13:20,774 autoreload 18296 15964 Watching for file changes with StatReloader
INFO 2023-10-09 02:13:55,938 autoreload 18296 15964 F:\projects_1\my_testing_project\blog\admin.py changed, reloading.
INFO 2023-10-09 02:13:56,382 autoreload 15560 17228 Watching for file changes with StatReloader
INFO 2023-10-09 02:14:07,983 autoreload 15560 17228 F:\projects_1\my_testing_project\blog\admin.py changed, reloading.
INFO 2023-10-09 02:14:08,449 autoreload 3548 12388 Watching for file changes with StatReloader
INFO 2023-10-09 02:14:21,358 autoreload 18092 16868 Watching for file changes with StatReloader
INFO 2023-10-09 02:15:06,831 autoreload 18092 16868 F:\projects_1\my_testing_project\blog\views.py changed, reloading.
INFO 2023-10-09 02:15:07,221 autoreload 9468 18140 Watching for file changes with StatReloader
INFO 2023-10-09 02:17:33,412 autoreload 13476 6124 Watching for file changes with StatReloader
INFO 2023-10-09 02:17:39,932 basehttp 13476 15568 "GET /blog/ HTTP/1.1" 200 1727
INFO 2023-10-09 02:17:39,949 basehttp 13476 15568 "GET /static/images/logos.png HTTP/1.1" 304 0
INFO 2023-10-09 02:17:42,084 basehttp 13476 15568 "GET /blog/ HTTP/1.1" 200 1727
INFO 2023-10-09 02:21:03,022 basehttp 13476 15568 "POST /admin/blog/posts/add/ HTTP/1.1" 302 0
INFO 2023-10-09 02:21:03,074 basehttp 13476 15568 "GET /admin/blog/posts/ HTTP/1.1" 200 12857
INFO 2023-10-09 02:21:03,103 basehttp 13476 15568 "GET /admin/jsi18n/ HTTP/1.1" 200 16066
INFO 2023-10-09 02:21:03,147 basehttp 13476 15568 "GET /media/blog/images/mqdefault.jpg HTTP/1.1" 200 15560
INFO 2023-10-09 02:21:16,298 basehttp 13476 15568 "GET /admin/blog/posts/add/ HTTP/1.1" 200 11647
INFO 2023-10-09 02:21:16,321 basehttp 13476 15568 "GET /admin/jsi18n/ HTTP/1.1" 200 16066
INFO 2023-10-09 02:22:23,016 basehttp 13476 15568 "POST /admin/blog/posts/add/ HTTP/1.1" 302 0
INFO 2023-10-09 02:22:23,030 basehttp 13476 15568 "GET /admin/blog/posts/add/ HTTP/1.1" 200 11951
INFO 2023-10-09 02:22:23,056 basehttp 13476 15568 "GET /admin/jsi18n/ HTTP/1.1" 200 16066
INFO 2023-10-09 02:22:25,082 basehttp 13476 15568 "GET /admin/blog/posts/ HTTP/1.1" 200 13972
INFO 2023-10-09 02:22:25,107 basehttp 13476 15568 "GET /admin/jsi18n/ HTTP/1.1" 200 16066
INFO 2023-10-09 02:22:25,116 basehttp 13476 13356 "GET /media/blog/images/mqdefault.jpg HTTP/1.1" 304 0
INFO 2023-10-09 02:22:25,116 basehttp 13476 15568 "GET /media/blog/images/1527229519156826952.jpg HTTP/1.1" 200 35817
INFO 2023-10-09 02:22:38,404 basehttp 13476 15568 "GET /admin/blog/posts/add/ HTTP/1.1" 200 11647
INFO 2023-10-09 02:22:38,425 basehttp 13476 15568 "GET /admin/jsi18n/ HTTP/1.1" 200 16066
INFO 2023-10-09 02:23:48,035 basehttp 13476 15568 "POST /admin/blog/posts/add/ HTTP/1.1" 302 0
INFO 2023-10-09 02:23:48,056 basehttp 13476 15568 "GET /admin/blog/posts/ HTTP/1.1" 200 15863
INFO 2023-10-09 02:23:48,081 basehttp 13476 15568 "GET /admin/jsi18n/ HTTP/1.1" 200 16066
INFO 2023-10-09 02:23:48,090 basehttp 13476 15568 "GET /media/blog/images/%D0%91%D0%B5%D0%B7_%D0%BD%D0%B0%D0%B7%D0%B2%D0%B0%D0%BD%D0%B8%D1%8F.jfif HTTP/1.1" 200 10363
INFO 2023-10-09 02:23:48,092 basehttp 13476 13356 "GET /media/blog/images/1527229519156826952.jpg HTTP/1.1" 304 0
INFO 2023-10-09 02:23:48,098 basehttp 13476 13356 "GET /media/blog/images/mqdefault.jpg HTTP/1.1" 304 0
INFO 2023-10-09 02:23:59,117 basehttp 13476 13356 "GET /admin/blog/posts/add/ HTTP/1.1" 200 11647
INFO 2023-10-09 02:23:59,142 basehttp 13476 13356 "GET /admin/jsi18n/ HTTP/1.1" 200 16066
INFO 2023-10-09 02:24:49,755 basehttp 13476 13356 "POST /admin/blog/posts/add/ HTTP/1.1" 302 0
INFO 2023-10-09 02:24:49,776 basehttp 13476 13356 "GET /admin/blog/posts/ HTTP/1.1" 200 17594
INFO 2023-10-09 02:24:49,804 basehttp 13476 13356 "GET /admin/jsi18n/ HTTP/1.1" 200 16066
INFO 2023-10-09 02:24:49,829 basehttp 13476 13356 "GET /media/blog/images/%D0%91%D0%B5%D0%B7_%D0%BD%D0%B0%D0%B7%D0%B2%D0%B0%D0%BD%D0%B8%D1%8F_1.jfif HTTP/1.1" 200 12339
INFO 2023-10-09 02:24:49,832 basehttp 13476 15568 "GET /media/blog/images/%D0%91%D0%B5%D0%B7_%D0%BD%D0%B0%D0%B7%D0%B2%D0%B0%D0%BD%D0%B8%D1%8F.jfif HTTP/1.1" 304 0
INFO 2023-10-09 02:24:49,837 basehttp 13476 13356 "GET /media/blog/images/1527229519156826952.jpg HTTP/1.1" 304 0
INFO 2023-10-09 02:24:49,838 basehttp 13476 15568 "GET /media/blog/images/mqdefault.jpg HTTP/1.1" 304 0
INFO 2023-10-09 02:25:12,717 autoreload 4948 2076 Watching for file changes with StatReloader
INFO 2023-10-09 02:25:14,822 basehttp 4948 15984 "GET /blog/ HTTP/1.1" 200 2689
INFO 2023-10-09 02:25:38,276 autoreload 11956 15708 Watching for file changes with StatReloader
INFO 2023-10-09 02:25:40,097 basehttp 11956 17848 "GET /blog/ HTTP/1.1" 200 2694
INFO 2023-10-09 02:27:08,058 autoreload 1560 16620 Watching for file changes with StatReloader
INFO 2023-10-09 02:27:09,816 basehttp 1560 16028 "GET /blog/ HTTP/1.1" 200 2758
INFO 2023-10-09 02:27:09,831 basehttp 1560 16028 "GET /static/images/logos.png HTTP/1.1" 304 0
INFO 2023-10-09 02:31:35,363 autoreload 1560 16620 F:\projects_1\my_testing_project\blog\views.py changed, reloading.
INFO 2023-10-09 02:31:35,799 autoreload 15688 4680 Watching for file changes with StatReloader
INFO 2023-10-09 02:34:16,385 autoreload 16816 18136 Watching for file changes with StatReloader
ERROR 2023-10-09 02:34:20,344 log 16816 2508 Internal Server Error: /blog/
Traceback (most recent call last):
  File "F:\projects_1\my_testing_project\venv\lib\site-packages\django\core\handlers\exception.py", line 55, in inner
    response = get_response(request)
  File "F:\projects_1\my_testing_project\venv\lib\site-packages\django\core\handlers\base.py", line 197, in _get_response
    response = wrapped_callback(request, *callback_args, **callback_kwargs)
  File "F:\projects_1\my_testing_project\blog\views.py", line 15, in blog
    return render(request, 'blog/blog.html', context=context)
  File "F:\projects_1\my_testing_project\venv\lib\site-packages\django\shortcuts.py", line 24, in render
    content = loader.render_to_string(template_name, context, request, using=using)
  File "F:\projects_1\my_testing_project\venv\lib\site-packages\django\template\loader.py", line 62, in render_to_string
    return template.render(context, request)
  File "F:\projects_1\my_testing_project\venv\lib\site-packages\django\template\backends\django.py", line 61, in render
    return self.template.render(context)
  File "F:\projects_1\my_testing_project\venv\lib\site-packages\django\template\base.py", line 175, in render
    return self._render(context)
  File "F:\projects_1\my_testing_project\venv\lib\site-packages\django\template\base.py", line 167, in _render
    return self.nodelist.render(context)
  File "F:\projects_1\my_testing_project\venv\lib\site-packages\django\template\base.py", line 1005, in render
    return SafeString("".join([node.render_annotated(context) for node in self]))
  File "F:\projects_1\my_testing_project\venv\lib\site-packages\django\template\base.py", line 1005, in <listcomp>
    return SafeString("".join([node.render_annotated(context) for node in self]))
  File "F:\projects_1\my_testing_project\venv\lib\site-packages\django\template\base.py", line 966, in render_annotated
    return self.render(context)
  File "F:\projects_1\my_testing_project\venv\lib\site-packages\django\template\loader_tags.py", line 157, in render
    return compiled_parent._render(context)
  File "F:\projects_1\my_testing_project\venv\lib\site-packages\django\template\base.py", line 167, in _render
    return self.nodelist.render(context)
  File "F:\projects_1\my_testing_project\venv\lib\site-packages\django\template\base.py", line 1005, in render
    return SafeString("".join([node.render_annotated(context) for node in self]))
  File "F:\projects_1\my_testing_project\venv\lib\site-packages\django\template\base.py", line 1005, in <listcomp>
    return SafeString("".join([node.render_annotated(context) for node in self]))
  File "F:\projects_1\my_testing_project\venv\lib\site-packages\django\template\base.py", line 966, in render_annotated
    return self.render(context)
  File "F:\projects_1\my_testing_project\venv\lib\site-packages\django\template\loader_tags.py", line 63, in render
    result = block.nodelist.render(context)
  File "F:\projects_1\my_testing_project\venv\lib\site-packages\django\template\base.py", line 1005, in render
    return SafeString("".join([node.render_annotated(context) for node in self]))
  File "F:\projects_1\my_testing_project\venv\lib\site-packages\django\template\base.py", line 1005, in <listcomp>
    return SafeString("".join([node.render_annotated(context) for node in self]))
  File "F:\projects_1\my_testing_project\venv\lib\site-packages\django\template\base.py", line 966, in render_annotated
    return self.render(context)
  File "F:\projects_1\my_testing_project\venv\lib\site-packages\django\template\defaulttags.py", line 238, in render
    nodelist.append(node.render_annotated(context))
  File "F:\projects_1\my_testing_project\venv\lib\site-packages\django\template\base.py", line 966, in render_annotated
    return self.render(context)
  File "F:\projects_1\my_testing_project\venv\lib\site-packages\django\template\defaulttags.py", line 471, in render
    url = reverse(view_name, args=args, kwargs=kwargs, current_app=current_app)
  File "F:\projects_1\my_testing_project\venv\lib\site-packages\django\urls\base.py", line 88, in reverse
    return resolver._reverse_with_prefix(view, prefix, *args, **kwargs)
  File "F:\projects_1\my_testing_project\venv\lib\site-packages\django\urls\resolvers.py", line 828, in _reverse_with_prefix
    raise NoReverseMatch(msg)
django.urls.exceptions.NoReverseMatch: Reverse for 'blog_detail' not found. 'blog_detail' is not a valid view function or pattern name.
ERROR 2023-10-09 02:34:20,352 basehttp 16816 2508 "GET /blog/ HTTP/1.1" 500 186595
INFO 2023-10-09 02:34:37,494 autoreload 4484 15116 Watching for file changes with StatReloader
INFO 2023-10-09 02:34:39,721 basehttp 4484 15444 "GET /blog/ HTTP/1.1" 200 2806
INFO 2023-10-09 02:34:40,686 basehttp 4484 15444 "GET /blog/blog/1/ HTTP/1.1" 200 3034
INFO 2023-10-09 02:34:40,704 basehttp 4484 15444 "GET /media/blog/images/mqdefault.jpg HTTP/1.1" 304 0
INFO 2023-10-09 02:36:33,818 autoreload 17468 15856 Watching for file changes with StatReloader
ERROR 2023-10-09 02:36:36,933 log 17468 6952 Internal Server Error: /blog/blog/1/
Traceback (most recent call last):
  File "F:\projects_1\my_testing_project\venv\lib\site-packages\django\core\handlers\exception.py", line 55, in inner
    response = get_response(request)
  File "F:\projects_1\my_testing_project\venv\lib\site-packages\django\core\handlers\base.py", line 197, in _get_response
    response = wrapped_callback(request, *callback_args, **callback_kwargs)
  File "F:\projects_1\my_testing_project\blog\views.py", line 24, in blog_detail
    return render(request, 'blog/blog_detail.html', context=context)
  File "F:\projects_1\my_testing_project\venv\lib\site-packages\django\shortcuts.py", line 24, in render
    content = loader.render_to_string(template_name, context, request, using=using)
  File "F:\projects_1\my_testing_project\venv\lib\site-packages\django\template\loader.py", line 62, in render_to_string
    return template.render(context, request)
  File "F:\projects_1\my_testing_project\venv\lib\site-packages\django\template\backends\django.py", line 61, in render
    return self.template.render(context)
  File "F:\projects_1\my_testing_project\venv\lib\site-packages\django\template\base.py", line 175, in render
    return self._render(context)
  File "F:\projects_1\my_testing_project\venv\lib\site-packages\django\template\base.py", line 167, in _render
    return self.nodelist.render(context)
  File "F:\projects_1\my_testing_project\venv\lib\site-packages\django\template\base.py", line 1005, in render
    return SafeString("".join([node.render_annotated(context) for node in self]))
  File "F:\projects_1\my_testing_project\venv\lib\site-packages\django\template\base.py", line 1005, in <listcomp>
    return SafeString("".join([node.render_annotated(context) for node in self]))
  File "F:\projects_1\my_testing_project\venv\lib\site-packages\django\template\base.py", line 966, in render_annotated
    return self.render(context)
  File "F:\projects_1\my_testing_project\venv\lib\site-packages\django\template\loader_tags.py", line 157, in render
    return compiled_parent._render(context)
  File "F:\projects_1\my_testing_project\venv\lib\site-packages\django\template\base.py", line 167, in _render
    return self.nodelist.render(context)
  File "F:\projects_1\my_testing_project\venv\lib\site-packages\django\template\base.py", line 1005, in render
    return SafeString("".join([node.render_annotated(context) for node in self]))
  File "F:\projects_1\my_testing_project\venv\lib\site-packages\django\template\base.py", line 1005, in <listcomp>
    return SafeString("".join([node.render_annotated(context) for node in self]))
  File "F:\projects_1\my_testing_project\venv\lib\site-packages\django\template\base.py", line 966, in render_annotated
    return self.render(context)
  File "F:\projects_1\my_testing_project\venv\lib\site-packages\django\template\loader_tags.py", line 63, in render
    result = block.nodelist.render(context)
  File "F:\projects_1\my_testing_project\venv\lib\site-packages\django\template\base.py", line 1005, in render
    return SafeString("".join([node.render_annotated(context) for node in self]))
  File "F:\projects_1\my_testing_project\venv\lib\site-packages\django\template\base.py", line 1005, in <listcomp>
    return SafeString("".join([node.render_annotated(context) for node in self]))
  File "F:\projects_1\my_testing_project\venv\lib\site-packages\django\template\base.py", line 966, in render_annotated
    return self.render(context)
  File "F:\projects_1\my_testing_project\venv\lib\site-packages\django\template\defaulttags.py", line 471, in render
    url = reverse(view_name, args=args, kwargs=kwargs, current_app=current_app)
  File "F:\projects_1\my_testing_project\venv\lib\site-packages\django\urls\base.py", line 88, in reverse
    return resolver._reverse_with_prefix(view, prefix, *args, **kwargs)
  File "F:\projects_1\my_testing_project\venv\lib\site-packages\django\urls\resolvers.py", line 828, in _reverse_with_prefix
    raise NoReverseMatch(msg)
django.urls.exceptions.NoReverseMatch: Reverse for 'blog' not found. 'blog' is not a valid view function or pattern name.
ERROR 2023-10-09 02:36:36,938 basehttp 17468 6952 "GET /blog/blog/1/ HTTP/1.1" 500 172403
INFO 2023-10-09 02:36:57,614 autoreload 2504 17888 Watching for file changes with StatReloader
INFO 2023-10-09 02:36:58,982 basehttp 2504 15460 "GET /blog/blog/1/ HTTP/1.1" 200 3165
INFO 2023-10-09 02:36:58,998 basehttp 2504 15460 "GET /static/images/logos.png HTTP/1.1" 304 0
INFO 2023-10-09 02:36:59,000 basehttp 2504 3976 "GET /media/blog/images/mqdefault.jpg HTTP/1.1" 304 0
INFO 2023-10-09 02:37:00,128 basehttp 2504 3976 "GET /blog/ HTTP/1.1" 200 2806
INFO 2023-10-09 02:37:01,214 basehttp 2504 3976 "GET /blog/blog/2/ HTTP/1.1" 200 3129
INFO 2023-10-09 02:37:01,230 basehttp 2504 3976 "GET /media/blog/images/1527229519156826952.jpg HTTP/1.1" 304 0
INFO 2023-10-09 02:37:02,949 basehttp 2504 3976 "GET /blog/ HTTP/1.1" 200 2806
INFO 2023-10-09 02:37:03,824 basehttp 2504 3976 "GET /blog/blog/3/ HTTP/1.1" 200 3207
INFO 2023-10-09 02:37:03,842 basehttp 2504 3976 "GET /media/blog/images/%D0%91%D0%B5%D0%B7_%D0%BD%D0%B0%D0%B7%D0%B2%D0%B0%D0%BD%D0%B8%D1%8F.jfif HTTP/1.1" 304 0
INFO 2023-10-09 02:37:05,230 basehttp 2504 3976 "GET /blog/ HTTP/1.1" 200 2806
INFO 2023-10-09 02:37:06,127 basehttp 2504 3976 "GET /blog/blog/4/ HTTP/1.1" 200 3315
INFO 2023-10-09 02:37:06,143 basehttp 2504 3976 "GET /media/blog/images/%D0%91%D0%B5%D0%B7_%D0%BD%D0%B0%D0%B7%D0%B2%D0%B0%D0%BD%D0%B8%D1%8F_1.jfif HTTP/1.1" 304 0
INFO 2023-10-09 02:37:08,309 basehttp 2504 3976 "GET /blog/ HTTP/1.1" 200 2806
INFO 2023-10-09 02:42:09,048 autoreload 2504 17888 F:\projects_1\my_testing_project\blog\views.py changed, reloading.
INFO 2023-10-09 02:42:09,486 autoreload 1344 17588 Watching for file changes with StatReloader
INFO 2023-10-09 02:47:49,640 autoreload 1344 17588 F:\projects_1\my_testing_project\blog\views.py changed, reloading.
INFO 2023-10-09 02:47:50,050 autoreload 13468 15652 Watching for file changes with StatReloader
INFO 2023-10-09 02:53:47,664 autoreload 11988 7276 Watching for file changes with StatReloader
INFO 2023-10-09 02:53:51,770 basehttp 11988 15144 "GET /blog/ HTTP/1.1" 200 3001
INFO 2023-10-09 02:53:51,786 basehttp 11988 15144 "GET /static/images/logos.png HTTP/1.1" 304 0
INFO 2023-10-09 02:53:52,921 basehttp 11988 15144 "GET /blog/creat/ HTTP/1.1" 200 2792
INFO 2023-10-09 02:55:25,206 autoreload 11756 14796 Watching for file changes with StatReloader
INFO 2023-10-09 02:55:28,960 basehttp 11756 17800 "GET /blog/creat/ HTTP/1.1" 200 2865
INFO 2023-10-09 02:56:39,364 basehttp 11756 17800 "POST /blog/creat/ HTTP/1.1" 302 0
INFO 2023-10-09 02:56:39,374 basehttp 11756 17800 "GET /blog/ HTTP/1.1" 200 3307
INFO 2023-10-09 02:56:41,609 basehttp 11756 17800 "GET /blog/blog/5/ HTTP/1.1" 200 3460
INFO 2023-10-09 02:56:41,661 basehttp 11756 17800 "GET /media/blog/images/1648646701_11-kartinkof-club-p-mozg-smeshnie-kartinki-11.jpg HTTP/1.1" 200 67250
INFO 2023-10-09 02:56:46,838 basehttp 11756 17800 "GET /blog/creat/ HTTP/1.1" 200 2865
INFO 2023-10-09 03:17:06,022 autoreload 17704 16396 Watching for file changes with StatReloader
INFO 2023-10-09 03:17:08,085 basehttp 17704 16896 "GET /blog/creat/ HTTP/1.1" 200 2940
INFO 2023-10-09 03:17:08,100 basehttp 17704 16896 "GET /static/images/logos.png HTTP/1.1" 304 0
INFO 2023-10-09 03:17:35,673 basehttp 17704 16896 "GET /blog/creat/ HTTP/1.1" 200 3035
INFO 2023-10-09 03:20:20,925 autoreload 15380 8644 Watching for file changes with StatReloader
INFO 2023-10-09 03:20:22,840 basehttp 15380 10428 "GET /blog/creat/ HTTP/1.1" 200 3034
INFO 2023-10-09 03:20:32,625 autoreload 7912 5476 Watching for file changes with StatReloader
INFO 2023-10-09 03:20:34,390 basehttp 7912 13876 "GET /blog/creat/ HTTP/1.1" 200 3034
INFO 2023-10-09 03:20:43,974 autoreload 18276 16436 Watching for file changes with StatReloader
INFO 2023-10-09 03:20:45,868 basehttp 18276 2848 "GET /blog/creat/ HTTP/1.1" 200 3033
INFO 2023-10-09 03:20:57,763 basehttp 18276 2848 "GET /portfolio/ HTTP/1.1" 200 6288
INFO 2023-10-09 03:20:57,779 basehttp 18276 8724 "GET /media/portfolio/images/75927-ksyu.jpg HTTP/1.1" 304 0
INFO 2023-10-09 03:20:57,781 basehttp 18276 2848 "GET /media/portfolio/images/15c86da2f2c825cdd86a0752e2g0--kartiny-i-panno-abstraktnaya-kvadratnaya-_qYR41r5.jpg HTTP/1.1" 304 0
INFO 2023-10-09 03:20:57,788 basehttp 18276 2848 "GET /media/portfolio/images/%D0%91%D0%B5%D0%B7_%D0%BD%D0%B0%D0%B7%D0%B2%D0%B0%D0%BD%D0%B8%D1%8F_1.jfif HTTP/1.1" 304 0
INFO 2023-10-09 03:21:00,300 basehttp 18276 2848 "GET /blog/ HTTP/1.1" 200 3307
INFO 2023-10-09 03:21:05,435 basehttp 18276 2848 "GET /blog/blog/4/ HTTP/1.1" 200 3510
INFO 2023-10-09 03:21:05,454 basehttp 18276 2848 "GET /media/blog/images/%D0%91%D0%B5%D0%B7_%D0%BD%D0%B0%D0%B7%D0%B2%D0%B0%D0%BD%D0%B8%D1%8F_1.jfif HTTP/1.1" 304 0
INFO 2023-10-09 03:21:06,467 basehttp 18276 2848 "GET /blog/ HTTP/1.1" 200 3307
INFO 2023-10-09 03:26:06,188 autoreload 10528 3816 Watching for file changes with StatReloader
INFO 2023-10-09 03:26:09,401 basehttp 10528 16664 "GET /blog/ HTTP/1.1" 200 5224
INFO 2023-10-09 03:27:06,075 autoreload 18336 17048 Watching for file changes with StatReloader
INFO 2023-10-09 03:27:08,378 basehttp 18336 14400 "GET /blog/ HTTP/1.1" 200 5401
INFO 2023-10-09 03:28:20,234 autoreload 8416 10668 Watching for file changes with StatReloader
INFO 2023-10-09 03:28:23,719 basehttp 8416 14820 "GET /blog/ HTTP/1.1" 200 5502
INFO 2023-10-09 03:29:16,607 autoreload 2432 15700 Watching for file changes with StatReloader
INFO 2023-10-09 03:29:19,066 basehttp 2432 8104 "GET /blog/ HTTP/1.1" 200 5138
INFO 2023-10-09 03:30:47,739 autoreload 15480 8036 Watching for file changes with StatReloader
INFO 2023-10-09 03:30:50,136 basehttp 15480 10528 "GET /blog/ HTTP/1.1" 200 5152
INFO 2023-10-09 03:31:16,315 autoreload 11856 15584 Watching for file changes with StatReloader
INFO 2023-10-09 03:31:18,376 basehttp 11856 5680 "GET /blog/ HTTP/1.1" 200 5152
INFO 2023-10-09 03:31:25,725 basehttp 11856 5680 "GET /blog/ HTTP/1.1" 200 5152
INFO 2023-10-09 03:31:36,220 basehttp 11856 5680 "GET /portfolio/ HTTP/1.1" 200 8133
INFO 2023-10-09 03:31:36,253 basehttp 11856 5680 "GET /media/portfolio/images/%D0%91%D0%B5%D0%B7_%D0%BD%D0%B0%D0%B7%D0%B2%D0%B0%D0%BD%D0%B8%D1%8F_1.jfif HTTP/1.1" 304 0
INFO 2023-10-09 03:31:42,879 basehttp 11856 5680 "GET /blog/ HTTP/1.1" 200 5152
INFO 2023-10-09 03:31:44,510 basehttp 11856 5680 "GET /blog/blog/5/ HTTP/1.1" 200 5305
INFO 2023-10-09 03:31:44,532 basehttp 11856 5680 "GET /media/blog/images/1648646701_11-kartinkof-club-p-mozg-smeshnie-kartinki-11.jpg HTTP/1.1" 304 0
INFO 2023-10-09 03:31:46,934 basehttp 11856 5680 "GET /blog/ HTTP/1.1" 200 5152
INFO 2023-10-09 03:31:50,656 basehttp 11856 5680 "GET /blog/ HTTP/1.1" 200 5152
INFO 2023-10-09 03:31:52,604 basehttp 11856 5680 "GET /portfolio/ HTTP/1.1" 200 8133
INFO 2023-10-09 03:31:57,524 basehttp 11856 5680 "GET /blog/ HTTP/1.1" 200 5152
INFO 2023-10-09 03:31:57,547 basehttp 11856 5680 "GET /static/images/logos.png HTTP/1.1" 304 0
INFO 2023-10-09 03:31:59,541 basehttp 11856 5680 "GET /portfolio/ HTTP/1.1" 200 8133
INFO 2023-10-09 03:32:09,997 basehttp 11856 5680 "GET /portfolio/ HTTP/1.1" 200 8133
INFO 2023-10-09 03:33:28,525 autoreload 17080 6932 Watching for file changes with StatReloader
INFO 2023-10-09 03:33:32,902 basehttp 17080 2516 "GET /blog/ HTTP/1.1" 200 5141
INFO 2023-10-09 03:33:35,358 basehttp 17080 2516 "GET /portfolio/ HTTP/1.1" 200 8122
INFO 2023-10-09 03:33:37,698 basehttp 17080 2516 "GET /portfolio/ HTTP/1.1" 200 8122
INFO 2023-10-09 03:34:42,714 autoreload 2432 8644 Watching for file changes with StatReloader
INFO 2023-10-09 03:34:46,634 basehttp 2432 17400 "GET /blog/ HTTP/1.1" 200 5141
INFO 2023-10-09 03:35:47,294 autoreload 13504 18380 Watching for file changes with StatReloader
INFO 2023-10-09 03:35:49,776 basehttp 13504 9812 "GET /blog/ HTTP/1.1" 200 5141
INFO 2023-10-09 03:35:51,558 basehttp 13504 9812 "GET /blog/creat/ HTTP/1.1" 200 4867
INFO 2023-10-09 03:35:52,878 basehttp 13504 9812 "GET /portfolio/ HTTP/1.1" 200 8122
INFO 2023-10-09 03:35:54,246 basehttp 13504 9812 "GET /blog/ HTTP/1.1" 200 5141
INFO 2023-10-09 03:36:00,343 autoreload 9252 11836 Watching for file changes with StatReloader
INFO 2023-10-09 03:36:25,111 autoreload 9852 7600 Watching for file changes with StatReloader
ERROR 2023-10-09 03:36:28,368 log 9852 16936 Internal Server Error: /blog/
Traceback (most recent call last):
  File "F:\projects_1\my_testing_project\venv\lib\site-packages\django\core\handlers\exception.py", line 55, in inner
    response = get_response(request)
  File "F:\projects_1\my_testing_project\venv\lib\site-packages\django\core\handlers\base.py", line 197, in _get_response
    response = wrapped_callback(request, *callback_args, **callback_kwargs)
  File "F:\projects_1\my_testing_project\blog\views.py", line 15, in blog
    return render(request, 'blog/blog.html', context=context)
  File "F:\projects_1\my_testing_project\venv\lib\site-packages\django\shortcuts.py", line 24, in render
    content = loader.render_to_string(template_name, context, request, using=using)
  File "F:\projects_1\my_testing_project\venv\lib\site-packages\django\template\loader.py", line 62, in render_to_string
    return template.render(context, request)
  File "F:\projects_1\my_testing_project\venv\lib\site-packages\django\template\backends\django.py", line 61, in render
    return self.template.render(context)
  File "F:\projects_1\my_testing_project\venv\lib\site-packages\django\template\base.py", line 175, in render
    return self._render(context)
  File "F:\projects_1\my_testing_project\venv\lib\site-packages\django\template\base.py", line 167, in _render
    return self.nodelist.render(context)
  File "F:\projects_1\my_testing_project\venv\lib\site-packages\django\template\base.py", line 1005, in render
    return SafeString("".join([node.render_annotated(context) for node in self]))
  File "F:\projects_1\my_testing_project\venv\lib\site-packages\django\template\base.py", line 1005, in <listcomp>
    return SafeString("".join([node.render_annotated(context) for node in self]))
  File "F:\projects_1\my_testing_project\venv\lib\site-packages\django\template\base.py", line 966, in render_annotated
    return self.render(context)
  File "F:\projects_1\my_testing_project\venv\lib\site-packages\django\template\loader_tags.py", line 132, in render
    compiled_parent = self.get_parent(context)
  File "F:\projects_1\my_testing_project\venv\lib\site-packages\django\template\loader_tags.py", line 129, in get_parent
    return self.find_template(parent, context)
  File "F:\projects_1\my_testing_project\venv\lib\site-packages\django\template\loader_tags.py", line 107, in find_template
    template, origin = context.template.engine.find_template(
  File "F:\projects_1\my_testing_project\venv\lib\site-packages\django\template\engine.py", line 157, in find_template
    template = loader.get_template(name, skip=skip)
  File "F:\projects_1\my_testing_project\venv\lib\site-packages\django\template\loaders\cached.py", line 57, in get_template
    template = super().get_template(template_name, skip)
  File "F:\projects_1\my_testing_project\venv\lib\site-packages\django\template\loaders\base.py", line 28, in get_template
    return Template(
  File "F:\projects_1\my_testing_project\venv\lib\site-packages\django\template\base.py", line 154, in __init__
    self.nodelist = self.compile_nodelist()
  File "F:\projects_1\my_testing_project\venv\lib\site-packages\django\template\base.py", line 200, in compile_nodelist
    return parser.parse()
  File "F:\projects_1\my_testing_project\venv\lib\site-packages\django\template\base.py", line 513, in parse
    raise self.error(token, e)
  File "F:\projects_1\my_testing_project\venv\lib\site-packages\django\template\base.py", line 511, in parse
    compiled_result = compile_func(self, token)
  File "F:\projects_1\my_testing_project\venv\lib\site-packages\django\template\defaulttags.py", line 952, in do_if
    condition = TemplateIfParser(parser, bits).parse()
  File "F:\projects_1\my_testing_project\venv\lib\site-packages\django\template\smartif.py", line 197, in parse
    raise self.error_class(
django.template.exceptions.TemplateSyntaxError: Unused 'Blog' at end of if expression.
ERROR 2023-10-09 03:36:28,371 basehttp 9852 16936 "GET /blog/ HTTP/1.1" 500 193650
INFO 2023-10-09 03:36:38,234 autoreload 17428 8908 Watching for file changes with StatReloader
INFO 2023-10-09 03:36:40,008 basehttp 17428 16116 "GET /blog/ HTTP/1.1" 200 5141
INFO 2023-10-09 03:36:43,194 basehttp 17428 16116 "GET /blog/ HTTP/1.1" 200 5141
INFO 2023-10-09 03:36:52,154 basehttp 17428 16116 "GET /blog/creat/ HTTP/1.1" 200 4867
INFO 2023-10-09 03:36:53,461 basehttp 17428 16116 "GET /blog/ HTTP/1.1" 200 5141
INFO 2023-10-09 03:37:54,233 autoreload 1356 13980 Watching for file changes with StatReloader
INFO 2023-10-09 03:37:56,808 basehttp 1356 18136 "GET /blog/ HTTP/1.1" 200 5141
INFO 2023-10-09 03:37:59,895 basehttp 1356 18136 "GET /portfolio/ HTTP/1.1" 200 8122
INFO 2023-10-09 03:37:59,917 basehttp 1356 18136 "GET /media/portfolio/images/75927-ksyu.jpg HTTP/1.1" 304 0
INFO 2023-10-09 03:38:01,381 basehttp 1356 18136 "GET /blog/ HTTP/1.1" 200 5141
INFO 2023-10-09 03:39:33,045 autoreload 14800 9628 Watching for file changes with StatReloader
INFO 2023-10-09 03:39:35,586 basehttp 14800 5496 "GET /blog/ HTTP/1.1" 200 5157
INFO 2023-10-09 03:41:23,596 autoreload 11288 15492 Watching for file changes with StatReloader
INFO 2023-10-09 03:41:25,807 basehttp 11288 18084 "GET /blog/ HTTP/1.1" 200 5141
INFO 2023-10-09 03:41:30,232 basehttp 11288 18084 "GET /portfolio/ HTTP/1.1" 200 8213
INFO 2023-10-09 03:41:37,139 basehttp 11288 18084 "GET /blog/ HTTP/1.1" 200 5141
INFO 2023-10-09 03:41:43,045 basehttp 11288 18084 "GET /blog/blog/5/ HTTP/1.1" 200 5294
INFO 2023-10-09 03:41:43,062 basehttp 11288 18084 "GET /media/blog/images/1648646701_11-kartinkof-club-p-mozg-smeshnie-kartinki-11.jpg HTTP/1.1" 304 0
INFO 2023-10-09 03:41:48,021 basehttp 11288 18084 "GET /blog/ HTTP/1.1" 200 5141
INFO 2023-10-09 03:41:49,556 basehttp 11288 18084 "GET /portfolio/ HTTP/1.1" 200 8213
INFO 2023-10-09 03:43:59,739 autoreload 9148 1356 Watching for file changes with StatReloader
INFO 2023-10-09 03:44:02,759 basehttp 9148 16752 "GET /portfolio/ HTTP/1.1" 200 8378
INFO 2023-10-09 03:44:02,777 basehttp 9148 16752 "GET /media/portfolio/images/15c86da2f2c825cdd86a0752e2g0--kartiny-i-panno-abstraktnaya-kvadratnaya-_qYR41r5.jpg HTTP/1.1" 304 0
INFO 2023-10-09 03:44:02,779 basehttp 9148 17844 "GET /media/portfolio/images/%D0%91%D0%B5%D0%B7_%D0%BD%D0%B0%D0%B7%D0%B2%D0%B0%D0%BD%D0%B8%D1%8F_1.jfif HTTP/1.1" 304 0
INFO 2023-10-09 03:44:07,089 basehttp 9148 17844 "GET /blog/ HTTP/1.1" 200 5306
INFO 2023-10-09 03:44:11,475 basehttp 9148 17844 "GET /blog/creat/ HTTP/1.1" 200 5032
INFO 2023-10-09 03:44:23,983 basehttp 9148 17844 "POST /admin/logout/ HTTP/1.1" 200 3709
INFO 2023-10-09 03:44:26,280 basehttp 9148 17844 "GET /blog/creat/ HTTP/1.1" 200 4854
INFO 2023-10-09 03:44:28,349 basehttp 9148 17844 "GET /blog/ HTTP/1.1" 200 5128
INFO 2023-10-09 03:44:30,018 basehttp 9148 17844 "GET /blog/ HTTP/1.1" 200 5128
INFO 2023-10-09 03:44:33,663 basehttp 9148 17844 "GET /portfolio/ HTTP/1.1" 200 8200
INFO 2023-10-09 03:44:39,480 basehttp 9148 17844 "GET /portfolio/ HTTP/1.1" 200 8200
INFO 2023-10-09 03:44:42,712 basehttp 9148 17844 "GET / HTTP/1.1" 200 1303
INFO 2023-10-09 03:44:45,084 basehttp 9148 17844 "GET /generating/ HTTP/1.1" 200 2763
INFO 2023-10-09 03:44:48,519 basehttp 9148 17844 "GET / HTTP/1.1" 200 1303
INFO 2023-10-09 03:44:53,320 basehttp 9148 17844 "GET /portfolio/ HTTP/1.1" 200 8200
INFO 2023-10-09 03:45:35,966 autoreload 16260 17820 Watching for file changes with StatReloader
INFO 2023-10-09 03:45:38,738 basehttp 16260 3712 "GET / HTTP/1.1" 200 1267
INFO 2023-10-09 03:46:00,493 autoreload 9352 15936 Watching for file changes with StatReloader
INFO 2023-10-09 03:46:02,637 basehttp 9352 7416 "GET / HTTP/1.1" 200 1219
INFO 2023-10-09 03:46:15,166 basehttp 9352 7416 "GET /admin/ HTTP/1.1" 302 0
INFO 2023-10-09 03:46:15,190 basehttp 9352 7416 "GET /admin/login/?next=/admin/ HTTP/1.1" 200 4267
INFO 2023-10-09 03:46:17,010 basehttp 9352 7416 "POST /admin/login/?next=/admin/ HTTP/1.1" 302 0
INFO 2023-10-09 03:46:17,027 basehttp 9352 7416 "GET /admin/ HTTP/1.1" 200 10561
INFO 2023-10-09 03:50:53,176 autoreload 9352 15936 F:\projects_1\my_testing_project\blog\views.py changed, reloading.
INFO 2023-10-09 03:50:53,610 autoreload 16696 17844 Watching for file changes with StatReloader
INFO 2023-10-09 03:50:55,803 autoreload 16696 17844 F:\projects_1\my_testing_project\blog\views.py changed, reloading.
INFO 2023-10-09 03:50:56,258 autoreload 6804 4604 Watching for file changes with StatReloader
INFO 2023-10-09 03:51:01,501 autoreload 6804 4604 F:\projects_1\my_testing_project\blog\views.py changed, reloading.
INFO 2023-10-09 03:51:01,889 autoreload 17792 1636 Watching for file changes with StatReloader
INFO 2023-10-09 03:51:05,154 autoreload 17792 1636 F:\projects_1\my_testing_project\blog\views.py changed, reloading.
INFO 2023-10-09 03:51:05,548 autoreload 14836 1568 Watching for file changes with StatReloader
INFO 2023-10-09 03:51:21,213 autoreload 14836 1568 F:\projects_1\my_testing_project\blog\views.py changed, reloading.
INFO 2023-10-09 03:51:21,626 autoreload 5640 17636 Watching for file changes with StatReloader
INFO 2023-10-09 03:52:52,686 autoreload 3800 15860 Watching for file changes with StatReloader
INFO 2023-10-09 03:53:01,954 basehttp 3800 8908 "GET /portfolio/ HTTP/1.1" 200 8378
INFO 2023-10-09 03:53:01,979 basehttp 3800 8908 "GET /static/images/logos.png HTTP/1.1" 304 0
INFO 2023-10-09 03:53:10,230 basehttp 3800 8908 "GET /blog/creat/ HTTP/1.1" 200 5032
INFO 2023-10-09 03:53:16,422 basehttp 3800 8908 "GET /portfolio/ HTTP/1.1" 200 8378
INFO 2023-10-09 03:53:17,998 basehttp 3800 8908 "GET /blog/ HTTP/1.1" 200 5306
INFO 2023-10-09 03:53:19,728 basehttp 3800 8908 "POST /admin/logout/ HTTP/1.1" 200 3709
INFO 2023-10-09 03:53:19,752 basehttp 3800 7616 "GET /static/admin/css/dark_mode.css HTTP/1.1" 304 0
INFO 2023-10-09 03:53:19,754 basehttp 3800 14436 "GET /static/admin/css/nav_sidebar.css HTTP/1.1" 304 0
INFO 2023-10-09 03:53:19,757 basehttp 3800 8908 "GET /static/admin/css/base.css HTTP/1.1" 304 0
INFO 2023-10-09 03:53:19,761 basehttp 3800 7616 "GET /static/admin/js/theme.js HTTP/1.1" 304 0
INFO 2023-10-09 03:53:19,763 basehttp 3800 4324 "GET /static/admin/js/nav_sidebar.js HTTP/1.1" 304 0
INFO 2023-10-09 03:53:19,765 basehttp 3800 18424 "GET /static/admin/css/responsive.css HTTP/1.1" 304 0
INFO 2023-10-09 03:53:23,236 basehttp 3800 18424 "GET /blog/creat/ HTTP/1.1" 302 0
WARNING 2023-10-09 03:53:23,246 log 3800 18424 Not Found: /index/
WARNING 2023-10-09 03:53:23,246 basehttp 3800 18424 "GET /index/?next=/blog/creat/ HTTP/1.1" 404 2923
INFO 2023-10-09 03:55:46,540 autoreload 3800 15860 F:\projects_1\my_testing_project\blog\views.py changed, reloading.
INFO 2023-10-09 03:55:46,955 autoreload 4768 2652 Watching for file changes with StatReloader
INFO 2023-10-09 03:56:06,736 autoreload 1012 3548 Watching for file changes with StatReloader
WARNING 2023-10-09 03:56:08,956 log 1012 3816 Not Found: /index/
WARNING 2023-10-09 03:56:08,956 basehttp 1012 3816 "GET /index/?next=/blog/creat/ HTTP/1.1" 404 2923
WARNING 2023-10-09 03:56:13,233 log 1012 3816 Not Found: /index/
WARNING 2023-10-09 03:56:13,235 basehttp 1012 3816 "GET /index/?next=/blog/creat/ HTTP/1.1" 404 2923
INFO 2023-10-09 03:56:33,117 autoreload 3240 16116 Watching for file changes with StatReloader
WARNING 2023-10-09 03:56:34,882 log 3240 5428 Not Found: /index/
WARNING 2023-10-09 03:56:34,882 basehttp 3240 5428 "GET /index/?next=/blog/creat/ HTTP/1.1" 404 2923
INFO 2023-10-09 03:56:37,855 basehttp 3240 5428 "GET /blog/ HTTP/1.1" 200 5128
WARNING 2023-10-09 03:56:40,099 log 3240 5428 Not Found: /index/
WARNING 2023-10-09 03:56:40,099 basehttp 3240 5428 "GET /index/?next=/blog/creat/ HTTP/1.1" 404 2923
INFO 2023-10-09 03:56:54,485 basehttp 3240 5428 "GET /blog/ HTTP/1.1" 200 5128
INFO 2023-10-09 03:56:54,678 basehttp 3240 5428 "GET /static/images/logos.png HTTP/1.1" 200 4729
WARNING 2023-10-09 03:56:54,695 log 3240 5428 Not Found: /favicon.ico
WARNING 2023-10-09 03:56:54,695 basehttp 3240 5428 "GET /favicon.ico HTTP/1.1" 404 2920
WARNING 2023-10-09 03:56:57,401 log 3240 5428 Not Found: /index/
WARNING 2023-10-09 03:56:57,402 basehttp 3240 5428 "GET /index/?next=/blog/creat/ HTTP/1.1" 404 2923
INFO 2023-10-09 03:57:01,736 basehttp 3240 5428 "GET /blog/ HTTP/1.1" 200 5128
INFO 2023-10-09 03:57:05,885 autoreload 10880 7600 Watching for file changes with StatReloader
WARNING 2023-10-09 03:57:09,124 log 10880 15764 Not Found: /index/
WARNING 2023-10-09 03:57:09,125 basehttp 10880 15764 "GET /index/?next=/blog/creat/ HTTP/1.1" 404 2923
INFO 2023-10-09 03:57:26,196 autoreload 2924 1888 Watching for file changes with StatReloader
WARNING 2023-10-09 03:57:28,954 log 2924 16984 Not Found: /index/
WARNING 2023-10-09 03:57:28,954 basehttp 2924 16984 "GET /index/?next=/blog/creat/ HTTP/1.1" 404 2923
INFO 2023-10-09 03:57:33,629 basehttp 2924 16984 "GET /blog/ HTTP/1.1" 200 5128
INFO 2023-10-09 03:57:33,996 basehttp 2924 16984 "GET /blog/ HTTP/1.1" 200 5128
INFO 2023-10-09 03:57:34,175 basehttp 2924 16984 "GET /static/images/logos.png HTTP/1.1" 200 4729
WARNING 2023-10-09 03:57:34,297 log 2924 16984 Not Found: /favicon.ico
WARNING 2023-10-09 03:57:34,298 basehttp 2924 16984 "GET /favicon.ico HTTP/1.1" 404 2920
INFO 2023-10-09 03:57:34,822 basehttp 2924 16984 "GET /blog/ HTTP/1.1" 200 5128
INFO 2023-10-09 03:57:34,926 basehttp 2924 16984 "GET /static/images/logos.png HTTP/1.1" 200 4729
WARNING 2023-10-09 03:57:34,958 log 2924 16984 Not Found: /favicon.ico
WARNING 2023-10-09 03:57:34,958 basehttp 2924 16984 "GET /favicon.ico HTTP/1.1" 404 2920
WARNING 2023-10-09 03:57:36,584 log 2924 16984 Not Found: /index/
WARNING 2023-10-09 03:57:36,586 basehttp 2924 16984 "GET /index/?next=/blog/creat/ HTTP/1.1" 404 2923
WARNING 2023-10-09 03:57:37,855 log 2924 16984 Not Found: /index/
WARNING 2023-10-09 03:57:37,855 basehttp 2924 16984 "GET /index/?next=/blog/creat/ HTTP/1.1" 404 2923
INFO 2023-10-09 03:57:51,958 autoreload 16460 13680 Watching for file changes with StatReloader
WARNING 2023-10-09 03:57:55,918 log 16460 16144 Not Found: /index/
WARNING 2023-10-09 03:57:55,918 basehttp 16460 16144 "GET /index/?next=/blog/creat/ HTTP/1.1" 404 2923
WARNING 2023-10-09 03:57:56,942 log 16460 16144 Not Found: /index/
WARNING 2023-10-09 03:57:56,942 basehttp 16460 16144 "GET /index/?next=/blog/creat/ HTTP/1.1" 404 2923
INFO 2023-10-09 03:58:02,064 basehttp 16460 16144 "GET /blog/ HTTP/1.1" 200 5128
WARNING 2023-10-09 03:58:05,091 log 16460 16144 Not Found: /index/
WARNING 2023-10-09 03:58:05,091 basehttp 16460 16144 "GET /index/?next=/blog/creat/ HTTP/1.1" 404 2923
WARNING 2023-10-09 03:58:06,437 log 16460 16144 Not Found: /index/
WARNING 2023-10-09 03:58:06,437 basehttp 16460 16144 "GET /index/?next=/blog/creat/ HTTP/1.1" 404 2923
INFO 2023-10-09 03:58:34,450 autoreload 16512 16048 Watching for file changes with StatReloader
WARNING 2023-10-09 03:58:37,306 log 16512 18268 Not Found: /index/
WARNING 2023-10-09 03:58:37,307 basehttp 16512 18268 "GET /index/?next=/blog/creat/ HTTP/1.1" 404 2923
INFO 2023-10-09 03:58:41,392 basehttp 16512 18268 "GET /blog/ HTTP/1.1" 200 5128
INFO 2023-10-09 03:58:43,033 basehttp 16512 18268 "GET /blog/blog/5/ HTTP/1.1" 200 5281
INFO 2023-10-09 03:58:43,058 basehttp 16512 18268 "GET /media/blog/images/1648646701_11-kartinkof-club-p-mozg-smeshnie-kartinki-11.jpg HTTP/1.1" 304 0
INFO 2023-10-09 03:58:44,294 basehttp 16512 18268 "GET /portfolio/ HTTP/1.1" 200 8200
INFO 2023-10-09 03:58:44,319 basehttp 16512 18268 "GET /media/portfolio/images/75927-ksyu.jpg HTTP/1.1" 304 0
INFO 2023-10-09 03:58:44,325 basehttp 16512 18268 "GET /media/portfolio/images/%D0%91%D0%B5%D0%B7_%D0%BD%D0%B0%D0%B7%D0%B2%D0%B0%D0%BD%D0%B8%D1%8F_1.jfif HTTP/1.1" 304 0
INFO 2023-10-09 03:58:45,859 basehttp 16512 18268 "GET /blog/ HTTP/1.1" 200 5128
INFO 2023-10-09 03:58:50,951 basehttp 16512 18268 "GET /blog/creat/ HTTP/1.1" 302 0
WARNING 2023-10-09 03:58:50,956 log 16512 18268 Not Found: /blog/creat/portfolio/
WARNING 2023-10-09 03:58:50,956 basehttp 16512 18268 "GET /blog/creat/portfolio/?next=/blog/creat/ HTTP/1.1" 404 3399
INFO 2023-10-09 04:00:29,046 autoreload 16512 16048 F:\projects_1\my_testing_project\blog\views.py changed, reloading.
INFO 2023-10-09 04:00:29,505 autoreload 12380 18332 Watching for file changes with StatReloader
INFO 2023-10-09 04:00:43,539 basehttp 12380 15644 "GET /blog/creat/ HTTP/1.1" 302 0
INFO 2023-10-09 04:00:43,547 basehttp 12380 15644 "GET /?next=/blog/creat/ HTTP/1.1" 200 1219
INFO 2023-10-09 04:00:49,518 basehttp 12380 15644 "GET /portfolio/ HTTP/1.1" 200 8200
INFO 2023-10-09 04:01:09,261 autoreload 11844 17700 Watching for file changes with StatReloader
INFO 2023-10-09 04:01:12,584 basehttp 11844 17112 "GET /blog/ HTTP/1.1" 200 5128
INFO 2023-10-09 04:01:16,981 basehttp 11844 17112 "GET /blog/creat/ HTTP/1.1" 302 0
INFO 2023-10-09 04:01:16,990 basehttp 11844 17112 "GET /portfolio/?next=/blog/creat/ HTTP/1.1" 200 8200
INFO 2023-10-09 04:01:25,489 basehttp 11844 17112 "GET /portfolio/?next=/blog/creat/ HTTP/1.1" 200 8200
INFO 2023-10-09 04:01:27,400 basehttp 11844 17112 "GET /blog/ HTTP/1.1" 200 5128
INFO 2023-10-09 04:01:28,831 basehttp 11844 17112 "GET /blog/blog/5/ HTTP/1.1" 200 5281
INFO 2023-10-09 04:01:40,696 basehttp 11844 17112 "GET /admin/ HTTP/1.1" 302 0
INFO 2023-10-09 04:01:40,715 basehttp 11844 17112 "GET /admin/login/?next=/admin/ HTTP/1.1" 200 4267
INFO 2023-10-09 04:01:40,741 basehttp 11844 17112 "GET /static/admin/css/login.css HTTP/1.1" 304 0
INFO 2023-10-09 04:01:43,350 basehttp 11844 17112 "POST /admin/login/?next=/admin/ HTTP/1.1" 302 0
INFO 2023-10-09 04:01:43,370 basehttp 11844 17112 "GET /admin/ HTTP/1.1" 200 10561
INFO 2023-10-09 04:01:43,386 basehttp 11844 17112 "GET /static/admin/css/dashboard.css HTTP/1.1" 304 0
INFO 2023-10-09 04:01:43,400 basehttp 11844 10504 "GET /static/admin/img/icon-changelink.svg HTTP/1.1" 304 0
INFO 2023-10-09 04:01:43,400 basehttp 11844 17112 "GET /static/admin/img/icon-addlink.svg HTTP/1.1" 304 0
INFO 2023-10-09 04:01:47,766 basehttp 11844 17112 "GET / HTTP/1.1" 200 1219
INFO 2023-10-09 04:01:51,236 basehttp 11844 17112 "GET /portfolio/ HTTP/1.1" 200 8378
INFO 2023-10-09 04:08:56,322 autoreload 10332 18008 Watching for file changes with StatReloader
INFO 2023-10-09 04:08:59,200 basehttp 10332 2416 "GET /portfolio/ HTTP/1.1" 200 8451
INFO 2023-10-09 04:08:59,216 basehttp 10332 2416 "GET /media/portfolio/images/15c86da2f2c825cdd86a0752e2g0--kartiny-i-panno-abstraktnaya-kvadratnaya-_qYR41r5.jpg HTTP/1.1" 304 0
INFO 2023-10-09 04:09:02,878 basehttp 10332 2416 "GET /blog/ HTTP/1.1" 200 5379
INFO 2023-10-09 04:09:04,078 basehttp 10332 2416 "GET /blog/creat/ HTTP/1.1" 200 5105
INFO 2023-10-09 04:09:05,710 basehttp 10332 2416 "GET /blog/ HTTP/1.1" 200 5379
INFO 2023-10-09 04:09:10,611 basehttp 10332 2416 "GET /blog/creat/ HTTP/1.1" 200 5105
INFO 2023-10-09 04:09:12,124 basehttp 10332 2416 "GET /portfolio/ HTTP/1.1" 200 8451
INFO 2023-10-09 04:11:37,824 autoreload 15444 16168 Watching for file changes with StatReloader
INFO 2023-10-09 04:11:41,936 basehttp 15444 12884 "GET /portfolio/ HTTP/1.1" 200 8549
INFO 2023-10-09 04:11:44,877 basehttp 15444 12884 "GET /portfolio/ HTTP/1.1" 200 8549
INFO 2023-10-09 04:11:55,266 basehttp 15444 12884 "GET /portfolio/ HTTP/1.1" 200 8549
INFO 2023-10-09 04:11:59,510 basehttp 15444 12884 "GET /blog/ HTTP/1.1" 200 5477
INFO 2023-10-09 04:12:01,825 basehttp 15444 12884 "GET /blog/ HTTP/1.1" 200 5477
INFO 2023-10-09 04:12:05,941 basehttp 15444 12884 "GET /blog/blog/4/ HTTP/1.1" 200 5680
INFO 2023-10-09 04:12:05,969 basehttp 15444 12884 "GET /media/blog/images/%D0%91%D0%B5%D0%B7_%D0%BD%D0%B0%D0%B7%D0%B2%D0%B0%D0%BD%D0%B8%D1%8F_1.jfif HTTP/1.1" 304 0
INFO 2023-10-09 04:12:08,779 basehttp 15444 12884 "GET /blog/blog/4/ HTTP/1.1" 200 5680
INFO 2023-10-09 04:12:37,532 autoreload 15476 2620 Watching for file changes with StatReloader
INFO 2023-10-09 04:12:40,813 basehttp 15476 4948 "GET /blog/blog/4/ HTTP/1.1" 200 5818
INFO 2023-10-09 04:12:42,958 basehttp 15476 4948 "GET /blog/ HTTP/1.1" 200 5615
INFO 2023-10-09 04:12:44,838 basehttp 15476 4948 "GET /blog/ HTTP/1.1" 200 5615
INFO 2023-10-09 04:12:45,056 basehttp 15476 4948 "GET /static/images/logos.png HTTP/1.1" 200 4729
INFO 2023-10-09 04:12:45,068 basehttp 15476 4948 "GET /static/images/logos.png HTTP/1.1" 200 4729
INFO 2023-10-09 04:12:45,442 basehttp 15476 4948 "GET /blog/ HTTP/1.1" 200 5615
INFO 2023-10-09 04:12:45,580 basehttp 15476 4948 "GET /static/images/logos.png HTTP/1.1" 200 4729
INFO 2023-10-09 04:12:45,602 basehttp 15476 4948 "GET /static/images/logos.png HTTP/1.1" 200 4729
INFO 2023-10-09 04:12:45,767 basehttp 15476 4948 "GET /blog/ HTTP/1.1" 200 5615
INFO 2023-10-09 04:12:45,844 basehttp 15476 4948 "GET /static/images/logos.png HTTP/1.1" 200 4729
INFO 2023-10-09 04:12:45,898 basehttp 15476 4948 "GET /static/images/logos.png HTTP/1.1" 200 4729
INFO 2023-10-09 04:12:46,060 basehttp 15476 4948 "GET /blog/ HTTP/1.1" 200 5615
INFO 2023-10-09 04:12:46,145 basehttp 15476 4948 "GET /static/images/logos.png HTTP/1.1" 200 4729
INFO 2023-10-09 04:12:46,210 basehttp 15476 4948 "GET /static/images/logos.png HTTP/1.1" 200 4729
INFO 2023-10-09 04:12:46,349 basehttp 15476 4948 "GET /blog/ HTTP/1.1" 200 5615
INFO 2023-10-09 04:12:46,445 basehttp 15476 4948 "GET /static/images/logos.png HTTP/1.1" 200 4729
INFO 2023-10-09 04:12:46,485 basehttp 15476 4948 "GET /static/images/logos.png HTTP/1.1" 200 4729
INFO 2023-10-09 04:12:47,418 basehttp 15476 4948 "GET /portfolio/ HTTP/1.1" 200 8687
INFO 2023-10-09 04:12:47,446 basehttp 15476 4948 "GET /media/portfolio/images/%D0%91%D0%B5%D0%B7_%D0%BD%D0%B0%D0%B7%D0%B2%D0%B0%D0%BD%D0%B8%D1%8F_1.jfif HTTP/1.1" 304 0
INFO 2023-10-09 04:12:48,197 basehttp 15476 4948 "GET /portfolio/ HTTP/1.1" 200 8687
INFO 2023-10-09 04:12:48,235 basehttp 15476 4948 "GET /media/portfolio/images/15c86da2f2c825cdd86a0752e2g0--kartiny-i-panno-abstraktnaya-kvadratnaya-_qYR41r5.jpg HTTP/1.1" 200 420391
INFO 2023-10-09 04:12:48,239 basehttp 15476 3240 "GET /media/portfolio/images/75927-ksyu.jpg HTTP/1.1" 200 531462
INFO 2023-10-09 04:12:48,243 basehttp 15476 3240 "GET /media/portfolio/images/%D0%91%D0%B5%D0%B7_%D0%BD%D0%B0%D0%B7%D0%B2%D0%B0%D0%BD%D0%B8%D1%8F_1.jfif HTTP/1.1" 200 6584
INFO 2023-10-09 04:12:48,340 basehttp 15476 3240 "GET /static/images/logos.png HTTP/1.1" 200 4729
INFO 2023-10-09 04:12:48,394 basehttp 15476 3240 "GET /static/images/logos.png HTTP/1.1" 200 4729
INFO 2023-10-09 04:12:48,846 basehttp 15476 3240 "GET /portfolio/ HTTP/1.1" 200 8687
INFO 2023-10-09 04:12:48,877 basehttp 15476 4948 "GET /media/portfolio/images/75927-ksyu.jpg HTTP/1.1" 200 531462
INFO 2023-10-09 04:12:48,878 basehttp 15476 3240 "GET /media/portfolio/images/15c86da2f2c825cdd86a0752e2g0--kartiny-i-panno-abstraktnaya-kvadratnaya-_qYR41r5.jpg HTTP/1.1" 200 420391
INFO 2023-10-09 04:12:48,885 basehttp 15476 3240 "GET /media/portfolio/images/%D0%91%D0%B5%D0%B7_%D0%BD%D0%B0%D0%B7%D0%B2%D0%B0%D0%BD%D0%B8%D1%8F_1.jfif HTTP/1.1" 200 6584
INFO 2023-10-09 04:12:48,966 basehttp 15476 3240 "GET /static/images/logos.png HTTP/1.1" 200 4729
INFO 2023-10-09 04:12:49,012 basehttp 15476 3240 "GET /static/images/logos.png HTTP/1.1" 200 4729
INFO 2023-10-09 04:12:49,306 basehttp 15476 3240 "GET /portfolio/ HTTP/1.1" 200 8687
INFO 2023-10-09 04:12:49,337 basehttp 15476 3240 "GET /media/portfolio/images/15c86da2f2c825cdd86a0752e2g0--kartiny-i-panno-abstraktnaya-kvadratnaya-_qYR41r5.jpg HTTP/1.1" 200 420391
INFO 2023-10-09 04:12:49,340 basehttp 15476 4948 "GET /media/portfolio/images/75927-ksyu.jpg HTTP/1.1" 200 531462
INFO 2023-10-09 04:12:49,343 basehttp 15476 3240 "GET /media/portfolio/images/%D0%91%D0%B5%D0%B7_%D0%BD%D0%B0%D0%B7%D0%B2%D0%B0%D0%BD%D0%B8%D1%8F_1.jfif HTTP/1.1" 200 6584
INFO 2023-10-09 04:12:49,429 basehttp 15476 3240 "GET /static/images/logos.png HTTP/1.1" 200 4729
INFO 2023-10-09 04:12:49,453 basehttp 15476 3240 "GET /static/images/logos.png HTTP/1.1" 200 4729
INFO 2023-10-09 04:12:49,693 basehttp 15476 3240 "GET /portfolio/ HTTP/1.1" 200 8687
INFO 2023-10-09 04:12:49,723 basehttp 15476 4948 "GET /media/portfolio/images/75927-ksyu.jpg HTTP/1.1" 200 531462
INFO 2023-10-09 04:12:49,724 basehttp 15476 3240 "GET /media/portfolio/images/15c86da2f2c825cdd86a0752e2g0--kartiny-i-panno-abstraktnaya-kvadratnaya-_qYR41r5.jpg HTTP/1.1" 200 420391
INFO 2023-10-09 04:12:49,730 basehttp 15476 4948 "GET /media/portfolio/images/%D0%91%D0%B5%D0%B7_%D0%BD%D0%B0%D0%B7%D0%B2%D0%B0%D0%BD%D0%B8%D1%8F_1.jfif HTTP/1.1" 200 6584
INFO 2023-10-09 04:12:49,802 basehttp 15476 4948 "GET /static/images/logos.png HTTP/1.1" 200 4729
INFO 2023-10-09 04:12:49,846 basehttp 15476 4948 "GET /static/images/logos.png HTTP/1.1" 200 4729
INFO 2023-10-09 04:12:50,049 basehttp 15476 4948 "GET /portfolio/ HTTP/1.1" 200 8687
INFO 2023-10-09 04:12:50,076 basehttp 15476 4948 "GET /media/portfolio/images/15c86da2f2c825cdd86a0752e2g0--kartiny-i-panno-abstraktnaya-kvadratnaya-_qYR41r5.jpg HTTP/1.1" 200 420391
INFO 2023-10-09 04:12:50,079 basehttp 15476 3240 "GET /media/portfolio/images/75927-ksyu.jpg HTTP/1.1" 200 531462
INFO 2023-10-09 04:12:50,083 basehttp 15476 3240 "GET /media/portfolio/images/%D0%91%D0%B5%D0%B7_%D0%BD%D0%B0%D0%B7%D0%B2%D0%B0%D0%BD%D0%B8%D1%8F_1.jfif HTTP/1.1" 200 6584
INFO 2023-10-09 04:12:50,155 basehttp 15476 3240 "GET /static/images/logos.png HTTP/1.1" 200 4729
INFO 2023-10-09 04:12:50,204 basehttp 15476 3240 "GET /static/images/logos.png HTTP/1.1" 200 4729
INFO 2023-10-09 04:12:50,421 basehttp 15476 3240 "GET /portfolio/ HTTP/1.1" 200 8687
INFO 2023-10-09 04:12:50,443 basehttp 15476 3240 "GET /media/portfolio/images/15c86da2f2c825cdd86a0752e2g0--kartiny-i-panno-abstraktnaya-kvadratnaya-_qYR41r5.jpg HTTP/1.1" 200 420391
INFO 2023-10-09 04:12:50,445 basehttp 15476 4948 "GET /media/portfolio/images/75927-ksyu.jpg HTTP/1.1" 200 531462
INFO 2023-10-09 04:12:50,449 basehttp 15476 4948 "GET /media/portfolio/images/%D0%91%D0%B5%D0%B7_%D0%BD%D0%B0%D0%B7%D0%B2%D0%B0%D0%BD%D0%B8%D1%8F_1.jfif HTTP/1.1" 200 6584
INFO 2023-10-09 04:12:50,520 basehttp 15476 4948 "GET /static/images/logos.png HTTP/1.1" 200 4729
INFO 2023-10-09 04:12:50,563 basehttp 15476 4948 "GET /static/images/logos.png HTTP/1.1" 200 4729
ERROR 2023-10-09 00:02:58,890 exception 2 140639586600832 Invalid HTTP_HOST header: 'kawr.pythonanywhere.com'. You may need to add 'kawr.pythonanywhere.com' to ALLOWED_HOSTS.
Traceback (most recent call last):
  File "/home/kawr/.virtualenvs/potfolioenv/lib/python3.10/site-packages/django/core/handlers/exception.py", line 55, in inner
    response = get_response(request)
  File "/home/kawr/.virtualenvs/potfolioenv/lib/python3.10/site-packages/django/utils/deprecation.py", line 133, in __call__
    response = self.process_request(request)
  File "/home/kawr/.virtualenvs/potfolioenv/lib/python3.10/site-packages/django/middleware/common.py", line 48, in process_request
    host = request.get_host()
  File "/home/kawr/.virtualenvs/potfolioenv/lib/python3.10/site-packages/django/http/request.py", line 150, in get_host
    raise DisallowedHost(msg)
django.core.exceptions.DisallowedHost: Invalid HTTP_HOST header: 'kawr.pythonanywhere.com'. You may need to add 'kawr.pythonanywhere.com' to ALLOWED_HOSTS.
WARNING 2023-10-09 00:02:59,355 log 2 140639586600832 Bad Request: /
ERROR 2023-10-09 00:03:45,389 exception 2 140639586600832 Invalid HTTP_HOST header: 'kawr.pythonanywhere.com'. You may need to add 'kawr.pythonanywhere.com' to ALLOWED_HOSTS.
Traceback (most recent call last):
  File "/home/kawr/.virtualenvs/potfolioenv/lib/python3.10/site-packages/django/core/handlers/exception.py", line 55, in inner
    response = get_response(request)
  File "/home/kawr/.virtualenvs/potfolioenv/lib/python3.10/site-packages/django/utils/deprecation.py", line 133, in __call__
    response = self.process_request(request)
  File "/home/kawr/.virtualenvs/potfolioenv/lib/python3.10/site-packages/django/middleware/common.py", line 48, in process_request
    host = request.get_host()
  File "/home/kawr/.virtualenvs/potfolioenv/lib/python3.10/site-packages/django/http/request.py", line 150, in get_host
    raise DisallowedHost(msg)
django.core.exceptions.DisallowedHost: Invalid HTTP_HOST header: 'kawr.pythonanywhere.com'. You may need to add 'kawr.pythonanywhere.com' to ALLOWED_HOSTS.
WARNING 2023-10-09 00:03:45,443 log 2 140639586600832 Bad Request: /
ERROR 2023-10-09 00:03:45,993 exception 2 140639586600832 Invalid HTTP_HOST header: 'kawr.pythonanywhere.com'. You may need to add 'kawr.pythonanywhere.com' to ALLOWED_HOSTS.
Traceback (most recent call last):
  File "/home/kawr/.virtualenvs/potfolioenv/lib/python3.10/site-packages/django/core/handlers/exception.py", line 55, in inner
    response = get_response(request)
  File "/home/kawr/.virtualenvs/potfolioenv/lib/python3.10/site-packages/django/utils/deprecation.py", line 133, in __call__
    response = self.process_request(request)
  File "/home/kawr/.virtualenvs/potfolioenv/lib/python3.10/site-packages/django/middleware/common.py", line 48, in process_request
    host = request.get_host()
  File "/home/kawr/.virtualenvs/potfolioenv/lib/python3.10/site-packages/django/http/request.py", line 150, in get_host
    raise DisallowedHost(msg)
django.core.exceptions.DisallowedHost: Invalid HTTP_HOST header: 'kawr.pythonanywhere.com'. You may need to add 'kawr.pythonanywhere.com' to ALLOWED_HOSTS.
WARNING 2023-10-09 00:03:46,035 log 2 140639586600832 Bad Request: /favicon.ico
ERROR 2023-10-09 00:05:05,558 exception 2 140639586600832 Invalid HTTP_HOST header: 'kawr.pythonanywhere.com'. You may need to add 'kawr.pythonanywhere.com' to ALLOWED_HOSTS.
Traceback (most recent call last):
  File "/home/kawr/.virtualenvs/potfolioenv/lib/python3.10/site-packages/django/core/handlers/exception.py", line 55, in inner
    response = get_response(request)
  File "/home/kawr/.virtualenvs/potfolioenv/lib/python3.10/site-packages/django/utils/deprecation.py", line 133, in __call__
    response = self.process_request(request)
  File "/home/kawr/.virtualenvs/potfolioenv/lib/python3.10/site-packages/django/middleware/common.py", line 48, in process_request
    host = request.get_host()
  File "/home/kawr/.virtualenvs/potfolioenv/lib/python3.10/site-packages/django/http/request.py", line 150, in get_host
    raise DisallowedHost(msg)
django.core.exceptions.DisallowedHost: Invalid HTTP_HOST header: 'kawr.pythonanywhere.com'. You may need to add 'kawr.pythonanywhere.com' to ALLOWED_HOSTS.
WARNING 2023-10-09 00:05:05,607 log 2 140639586600832 Bad Request: /
ERROR 2023-10-09 00:05:06,123 exception 2 140639586600832 Invalid HTTP_HOST header: 'kawr.pythonanywhere.com'. You may need to add 'kawr.pythonanywhere.com' to ALLOWED_HOSTS.
Traceback (most recent call last):
  File "/home/kawr/.virtualenvs/potfolioenv/lib/python3.10/site-packages/django/core/handlers/exception.py", line 55, in inner
    response = get_response(request)
  File "/home/kawr/.virtualenvs/potfolioenv/lib/python3.10/site-packages/django/utils/deprecation.py", line 133, in __call__
    response = self.process_request(request)
  File "/home/kawr/.virtualenvs/potfolioenv/lib/python3.10/site-packages/django/middleware/common.py", line 48, in process_request
    host = request.get_host()
  File "/home/kawr/.virtualenvs/potfolioenv/lib/python3.10/site-packages/django/http/request.py", line 150, in get_host
    raise DisallowedHost(msg)
django.core.exceptions.DisallowedHost: Invalid HTTP_HOST header: 'kawr.pythonanywhere.com'. You may need to add 'kawr.pythonanywhere.com' to ALLOWED_HOSTS.
WARNING 2023-10-09 00:05:06,155 log 2 140639586600832 Bad Request: /favicon.ico
WARNING 2023-10-09 00:06:17,817 log 2 139943672829824 Not Found: /favicon.ico
ERROR 2023-10-09 00:06:21,527 log 2 139943672829824 Internal Server Error: /portfolio/
Traceback (most recent call last):
  File "/home/kawr/.virtualenvs/potfolioenv/lib/python3.10/site-packages/django/template/backends/django.py", line 61, in render
    return self.template.render(context)
  File "/home/kawr/.virtualenvs/potfolioenv/lib/python3.10/site-packages/django/template/base.py", line 175, in render
    return self._render(context)
  File "/home/kawr/.virtualenvs/potfolioenv/lib/python3.10/site-packages/django/template/base.py", line 167, in _render
    return self.nodelist.render(context)
  File "/home/kawr/.virtualenvs/potfolioenv/lib/python3.10/site-packages/django/template/base.py", line 1005, in render
    return SafeString("".join([node.render_annotated(context) for node in self]))
  File "/home/kawr/.virtualenvs/potfolioenv/lib/python3.10/site-packages/django/template/base.py", line 1005, in <listcomp>
    return SafeString("".join([node.render_annotated(context) for node in self]))
  File "/home/kawr/.virtualenvs/potfolioenv/lib/python3.10/site-packages/django/template/base.py", line 966, in render_annotated
    return self.render(context)
  File "/home/kawr/.virtualenvs/potfolioenv/lib/python3.10/site-packages/django/template/loader_tags.py", line 132, in render
    compiled_parent = self.get_parent(context)
  File "/home/kawr/.virtualenvs/potfolioenv/lib/python3.10/site-packages/django/template/loader_tags.py", line 129, in get_parent
    return self.find_template(parent, context)
  File "/home/kawr/.virtualenvs/potfolioenv/lib/python3.10/site-packages/django/template/loader_tags.py", line 107, in find_template
    template, origin = context.template.engine.find_template(
  File "/home/kawr/.virtualenvs/potfolioenv/lib/python3.10/site-packages/django/template/engine.py", line 161, in find_template
    raise TemplateDoesNotExist(name, tried=tried)
django.template.exceptions.TemplateDoesNotExist: portfolio/base.html 

The above exception was the direct cause of the following exception:

Traceback (most recent call last):
  File "/home/kawr/.virtualenvs/potfolioenv/lib/python3.10/site-packages/django/core/handlers/exception.py", line 55, in inner
    response = get_response(request)
  File "/home/kawr/.virtualenvs/potfolioenv/lib/python3.10/site-packages/django/core/handlers/base.py", line 197, in _get_response
    response = wrapped_callback(request, *callback_args, **callback_kwargs)
  File "/home/kawr/my_testing_project/./portfolio/views.py", line 15, in index
    return render(request, 'portfolio/portfolio.html', context=context)
  File "/home/kawr/.virtualenvs/potfolioenv/lib/python3.10/site-packages/django/shortcuts.py", line 24, in render
    content = loader.render_to_string(template_name, context, request, using=using)
  File "/home/kawr/.virtualenvs/potfolioenv/lib/python3.10/site-packages/django/template/loader.py", line 62, in render_to_string
    return template.render(context, request)
  File "/home/kawr/.virtualenvs/potfolioenv/lib/python3.10/site-packages/django/template/backends/django.py", line 63, in render
    reraise(exc, self.backend)
  File "/home/kawr/.virtualenvs/potfolioenv/lib/python3.10/site-packages/django/template/backends/django.py", line 84, in reraise
    raise new from exc
django.template.exceptions.TemplateDoesNotExist: portfolio/base.html 
ERROR 2023-10-09 00:08:58,252 log 2 139943672829824 Internal Server Error: /portfolio/
Traceback (most recent call last):
  File "/home/kawr/.virtualenvs/potfolioenv/lib/python3.10/site-packages/django/template/backends/django.py", line 61, in render
    return self.template.render(context)
  File "/home/kawr/.virtualenvs/potfolioenv/lib/python3.10/site-packages/django/template/base.py", line 175, in render
    return self._render(context)
  File "/home/kawr/.virtualenvs/potfolioenv/lib/python3.10/site-packages/django/template/base.py", line 167, in _render
    return self.nodelist.render(context)
  File "/home/kawr/.virtualenvs/potfolioenv/lib/python3.10/site-packages/django/template/base.py", line 1005, in render
    return SafeString("".join([node.render_annotated(context) for node in self]))
  File "/home/kawr/.virtualenvs/potfolioenv/lib/python3.10/site-packages/django/template/base.py", line 1005, in <listcomp>
    return SafeString("".join([node.render_annotated(context) for node in self]))
  File "/home/kawr/.virtualenvs/potfolioenv/lib/python3.10/site-packages/django/template/base.py", line 966, in render_annotated
    return self.render(context)
  File "/home/kawr/.virtualenvs/potfolioenv/lib/python3.10/site-packages/django/template/loader_tags.py", line 132, in render
    compiled_parent = self.get_parent(context)
  File "/home/kawr/.virtualenvs/potfolioenv/lib/python3.10/site-packages/django/template/loader_tags.py", line 129, in get_parent
    return self.find_template(parent, context)
  File "/home/kawr/.virtualenvs/potfolioenv/lib/python3.10/site-packages/django/template/loader_tags.py", line 107, in find_template
    template, origin = context.template.engine.find_template(
  File "/home/kawr/.virtualenvs/potfolioenv/lib/python3.10/site-packages/django/template/engine.py", line 161, in find_template
    raise TemplateDoesNotExist(name, tried=tried)
django.template.exceptions.TemplateDoesNotExist: portfolio/base.html 

The above exception was the direct cause of the following exception:

Traceback (most recent call last):
  File "/home/kawr/.virtualenvs/potfolioenv/lib/python3.10/site-packages/django/core/handlers/exception.py", line 55, in inner
    response = get_response(request)
  File "/home/kawr/.virtualenvs/potfolioenv/lib/python3.10/site-packages/django/core/handlers/base.py", line 197, in _get_response
    response = wrapped_callback(request, *callback_args, **callback_kwargs)
  File "/home/kawr/my_testing_project/./portfolio/views.py", line 15, in index
    return render(request, 'portfolio/portfolio.html', context=context)
  File "/home/kawr/.virtualenvs/potfolioenv/lib/python3.10/site-packages/django/shortcuts.py", line 24, in render
    content = loader.render_to_string(template_name, context, request, using=using)
  File "/home/kawr/.virtualenvs/potfolioenv/lib/python3.10/site-packages/django/template/loader.py", line 62, in render_to_string
    return template.render(context, request)
  File "/home/kawr/.virtualenvs/potfolioenv/lib/python3.10/site-packages/django/template/backends/django.py", line 63, in render
    reraise(exc, self.backend)
  File "/home/kawr/.virtualenvs/potfolioenv/lib/python3.10/site-packages/django/template/backends/django.py", line 84, in reraise
    raise new from exc
django.template.exceptions.TemplateDoesNotExist: portfolio/base.html 
ERROR 2023-10-09 00:12:34,615 log 2 140147323524992 Internal Server Error: /portfolio/
Traceback (most recent call last):
  File "/home/kawr/.virtualenvs/potfolioenv/lib/python3.10/site-packages/django/template/backends/django.py", line 61, in render
    return self.template.render(context)
  File "/home/kawr/.virtualenvs/potfolioenv/lib/python3.10/site-packages/django/template/base.py", line 175, in render
    return self._render(context)
  File "/home/kawr/.virtualenvs/potfolioenv/lib/python3.10/site-packages/django/template/base.py", line 167, in _render
    return self.nodelist.render(context)
  File "/home/kawr/.virtualenvs/potfolioenv/lib/python3.10/site-packages/django/template/base.py", line 1005, in render
    return SafeString("".join([node.render_annotated(context) for node in self]))
  File "/home/kawr/.virtualenvs/potfolioenv/lib/python3.10/site-packages/django/template/base.py", line 1005, in <listcomp>
    return SafeString("".join([node.render_annotated(context) for node in self]))
  File "/home/kawr/.virtualenvs/potfolioenv/lib/python3.10/site-packages/django/template/base.py", line 966, in render_annotated
    return self.render(context)
  File "/home/kawr/.virtualenvs/potfolioenv/lib/python3.10/site-packages/django/template/loader_tags.py", line 132, in render
    compiled_parent = self.get_parent(context)
  File "/home/kawr/.virtualenvs/potfolioenv/lib/python3.10/site-packages/django/template/loader_tags.py", line 129, in get_parent
    return self.find_template(parent, context)
  File "/home/kawr/.virtualenvs/potfolioenv/lib/python3.10/site-packages/django/template/loader_tags.py", line 107, in find_template
    template, origin = context.template.engine.find_template(
  File "/home/kawr/.virtualenvs/potfolioenv/lib/python3.10/site-packages/django/template/engine.py", line 161, in find_template
    raise TemplateDoesNotExist(name, tried=tried)
django.template.exceptions.TemplateDoesNotExist: portfolio/base.html 

The above exception was the direct cause of the following exception:

Traceback (most recent call last):
  File "/home/kawr/.virtualenvs/potfolioenv/lib/python3.10/site-packages/django/core/handlers/exception.py", line 55, in inner
    response = get_response(request)
  File "/home/kawr/.virtualenvs/potfolioenv/lib/python3.10/site-packages/django/core/handlers/base.py", line 197, in _get_response
    response = wrapped_callback(request, *callback_args, **callback_kwargs)
  File "/home/kawr/my_testing_project/./portfolio/views.py", line 15, in index
    return render(request, 'portfolio/portfolio.html', context=context)
  File "/home/kawr/.virtualenvs/potfolioenv/lib/python3.10/site-packages/django/shortcuts.py", line 24, in render
    content = loader.render_to_string(template_name, context, request, using=using)
  File "/home/kawr/.virtualenvs/potfolioenv/lib/python3.10/site-packages/django/template/loader.py", line 62, in render_to_string
    return template.render(context, request)
  File "/home/kawr/.virtualenvs/potfolioenv/lib/python3.10/site-packages/django/template/backends/django.py", line 63, in render
    reraise(exc, self.backend)
  File "/home/kawr/.virtualenvs/potfolioenv/lib/python3.10/site-packages/django/template/backends/django.py", line 84, in reraise
    raise new from exc
django.template.exceptions.TemplateDoesNotExist: portfolio/base.html 
ERROR 2023-10-09 00:12:45,263 log 2 140147323524992 Internal Server Error: /portfolio/
Traceback (most recent call last):
  File "/home/kawr/.virtualenvs/potfolioenv/lib/python3.10/site-packages/django/template/backends/django.py", line 61, in render
    return self.template.render(context)
  File "/home/kawr/.virtualenvs/potfolioenv/lib/python3.10/site-packages/django/template/base.py", line 175, in render
    return self._render(context)
  File "/home/kawr/.virtualenvs/potfolioenv/lib/python3.10/site-packages/django/template/base.py", line 167, in _render
    return self.nodelist.render(context)
  File "/home/kawr/.virtualenvs/potfolioenv/lib/python3.10/site-packages/django/template/base.py", line 1005, in render
    return SafeString("".join([node.render_annotated(context) for node in self]))
  File "/home/kawr/.virtualenvs/potfolioenv/lib/python3.10/site-packages/django/template/base.py", line 1005, in <listcomp>
    return SafeString("".join([node.render_annotated(context) for node in self]))
  File "/home/kawr/.virtualenvs/potfolioenv/lib/python3.10/site-packages/django/template/base.py", line 966, in render_annotated
    return self.render(context)
  File "/home/kawr/.virtualenvs/potfolioenv/lib/python3.10/site-packages/django/template/loader_tags.py", line 132, in render
    compiled_parent = self.get_parent(context)
  File "/home/kawr/.virtualenvs/potfolioenv/lib/python3.10/site-packages/django/template/loader_tags.py", line 129, in get_parent
    return self.find_template(parent, context)
  File "/home/kawr/.virtualenvs/potfolioenv/lib/python3.10/site-packages/django/template/loader_tags.py", line 107, in find_template
    template, origin = context.template.engine.find_template(
  File "/home/kawr/.virtualenvs/potfolioenv/lib/python3.10/site-packages/django/template/engine.py", line 161, in find_template
    raise TemplateDoesNotExist(name, tried=tried)
django.template.exceptions.TemplateDoesNotExist: portfolio/base.html 

The above exception was the direct cause of the following exception:

Traceback (most recent call last):
  File "/home/kawr/.virtualenvs/potfolioenv/lib/python3.10/site-packages/django/core/handlers/exception.py", line 55, in inner
    response = get_response(request)
  File "/home/kawr/.virtualenvs/potfolioenv/lib/python3.10/site-packages/django/core/handlers/base.py", line 197, in _get_response
    response = wrapped_callback(request, *callback_args, **callback_kwargs)
  File "/home/kawr/my_testing_project/./portfolio/views.py", line 15, in index
    return render(request, 'portfolio/portfolio.html', context=context)
  File "/home/kawr/.virtualenvs/potfolioenv/lib/python3.10/site-packages/django/shortcuts.py", line 24, in render
    content = loader.render_to_string(template_name, context, request, using=using)
  File "/home/kawr/.virtualenvs/potfolioenv/lib/python3.10/site-packages/django/template/loader.py", line 62, in render_to_string
    return template.render(context, request)
  File "/home/kawr/.virtualenvs/potfolioenv/lib/python3.10/site-packages/django/template/backends/django.py", line 63, in render
    reraise(exc, self.backend)
  File "/home/kawr/.virtualenvs/potfolioenv/lib/python3.10/site-packages/django/template/backends/django.py", line 84, in reraise
    raise new from exc
django.template.exceptions.TemplateDoesNotExist: portfolio/base.html 
WARNING 2023-10-09 00:15:45,723 log 2 140080878581632 Not Found: /media/portfolio/images/15c86da2f2c825cdd86a0752e2g0--kartiny-i-panno-abstraktnaya-kvadratnaya-_qYR41r5.jpg
WARNING 2023-10-09 00:15:45,725 log 2 140080878581632 Not Found: /media/portfolio/images/75927-ksyu.jpg
WARNING 2023-10-09 00:15:45,896 log 2 140080878581632 Not Found: /media/portfolio/images/Без_названия_1.jfif
WARNING 2023-10-09 00:15:46,257 log 2 140080878581632 Not Found: /static/images/logos.png
WARNING 2023-10-09 00:15:46,547 log 2 140080878581632 Not Found: /static/images/logos.png
WARNING 2023-10-09 00:15:51,913 log 2 140080878581632 Not Found: /media/portfolio/images/15c86da2f2c825cdd86a0752e2g0--kartiny-i-panno-abstraktnaya-kvadratnaya-_qYR41r5.jpg
WARNING 2023-10-09 00:15:51,915 log 2 140080878581632 Not Found: /static/images/logos.png
WARNING 2023-10-09 00:15:52,074 log 2 140080878581632 Not Found: /media/portfolio/images/75927-ksyu.jpg
WARNING 2023-10-09 00:15:52,078 log 2 140080878581632 Not Found: /media/portfolio/images/Без_названия_1.jfif
ERROR 2023-10-09 00:15:57,120 log 2 140080878581632 Internal Server Error: /blog/
Traceback (most recent call last):
  File "/home/kawr/.virtualenvs/potfolioenv/lib/python3.10/site-packages/django/template/backends/django.py", line 61, in render
    return self.template.render(context)
  File "/home/kawr/.virtualenvs/potfolioenv/lib/python3.10/site-packages/django/template/base.py", line 175, in render
    return self._render(context)
  File "/home/kawr/.virtualenvs/potfolioenv/lib/python3.10/site-packages/django/template/base.py", line 167, in _render
    return self.nodelist.render(context)
  File "/home/kawr/.virtualenvs/potfolioenv/lib/python3.10/site-packages/django/template/base.py", line 1005, in render
    return SafeString("".join([node.render_annotated(context) for node in self]))
  File "/home/kawr/.virtualenvs/potfolioenv/lib/python3.10/site-packages/django/template/base.py", line 1005, in <listcomp>
    return SafeString("".join([node.render_annotated(context) for node in self]))
  File "/home/kawr/.virtualenvs/potfolioenv/lib/python3.10/site-packages/django/template/base.py", line 966, in render_annotated
    return self.render(context)
  File "/home/kawr/.virtualenvs/potfolioenv/lib/python3.10/site-packages/django/template/loader_tags.py", line 132, in render
    compiled_parent = self.get_parent(context)
  File "/home/kawr/.virtualenvs/potfolioenv/lib/python3.10/site-packages/django/template/loader_tags.py", line 129, in get_parent
    return self.find_template(parent, context)
  File "/home/kawr/.virtualenvs/potfolioenv/lib/python3.10/site-packages/django/template/loader_tags.py", line 107, in find_template
    template, origin = context.template.engine.find_template(
  File "/home/kawr/.virtualenvs/potfolioenv/lib/python3.10/site-packages/django/template/engine.py", line 161, in find_template
    raise TemplateDoesNotExist(name, tried=tried)
django.template.exceptions.TemplateDoesNotExist: portfolio/base.html 

The above exception was the direct cause of the following exception:

Traceback (most recent call last):
  File "/home/kawr/.virtualenvs/potfolioenv/lib/python3.10/site-packages/django/core/handlers/exception.py", line 55, in inner
    response = get_response(request)
  File "/home/kawr/.virtualenvs/potfolioenv/lib/python3.10/site-packages/django/core/handlers/base.py", line 197, in _get_response
    response = wrapped_callback(request, *callback_args, **callback_kwargs)
  File "/home/kawr/my_testing_project/./blog/views.py", line 15, in blog
    return render(request, 'blog/blog.html', context=context)
  File "/home/kawr/.virtualenvs/potfolioenv/lib/python3.10/site-packages/django/shortcuts.py", line 24, in render
    content = loader.render_to_string(template_name, context, request, using=using)
  File "/home/kawr/.virtualenvs/potfolioenv/lib/python3.10/site-packages/django/template/loader.py", line 62, in render_to_string
    return template.render(context, request)
  File "/home/kawr/.virtualenvs/potfolioenv/lib/python3.10/site-packages/django/template/backends/django.py", line 63, in render
    reraise(exc, self.backend)
  File "/home/kawr/.virtualenvs/potfolioenv/lib/python3.10/site-packages/django/template/backends/django.py", line 84, in reraise
    raise new from exc
django.template.exceptions.TemplateDoesNotExist: portfolio/base.html 
ERROR 2023-10-09 00:17:19,462 log 2 140481238321024 Internal Server Error: /blog/
Traceback (most recent call last):
  File "/home/kawr/.virtualenvs/potfolioenv/lib/python3.10/site-packages/django/template/backends/django.py", line 61, in render
    return self.template.render(context)
  File "/home/kawr/.virtualenvs/potfolioenv/lib/python3.10/site-packages/django/template/base.py", line 175, in render
    return self._render(context)
  File "/home/kawr/.virtualenvs/potfolioenv/lib/python3.10/site-packages/django/template/base.py", line 167, in _render
    return self.nodelist.render(context)
  File "/home/kawr/.virtualenvs/potfolioenv/lib/python3.10/site-packages/django/template/base.py", line 1005, in render
    return SafeString("".join([node.render_annotated(context) for node in self]))
  File "/home/kawr/.virtualenvs/potfolioenv/lib/python3.10/site-packages/django/template/base.py", line 1005, in <listcomp>
    return SafeString("".join([node.render_annotated(context) for node in self]))
  File "/home/kawr/.virtualenvs/potfolioenv/lib/python3.10/site-packages/django/template/base.py", line 966, in render_annotated
    return self.render(context)
  File "/home/kawr/.virtualenvs/potfolioenv/lib/python3.10/site-packages/django/template/loader_tags.py", line 132, in render
    compiled_parent = self.get_parent(context)
  File "/home/kawr/.virtualenvs/potfolioenv/lib/python3.10/site-packages/django/template/loader_tags.py", line 129, in get_parent
    return self.find_template(parent, context)
  File "/home/kawr/.virtualenvs/potfolioenv/lib/python3.10/site-packages/django/template/loader_tags.py", line 107, in find_template
    template, origin = context.template.engine.find_template(
  File "/home/kawr/.virtualenvs/potfolioenv/lib/python3.10/site-packages/django/template/engine.py", line 161, in find_template
    raise TemplateDoesNotExist(name, tried=tried)
django.template.exceptions.TemplateDoesNotExist: portfolio/base.html 

The above exception was the direct cause of the following exception:

Traceback (most recent call last):
  File "/home/kawr/.virtualenvs/potfolioenv/lib/python3.10/site-packages/django/core/handlers/exception.py", line 55, in inner
    response = get_response(request)
  File "/home/kawr/.virtualenvs/potfolioenv/lib/python3.10/site-packages/django/core/handlers/base.py", line 197, in _get_response
    response = wrapped_callback(request, *callback_args, **callback_kwargs)
  File "/home/kawr/my_testing_project/./blog/views.py", line 15, in blog
    return render(request, 'blog/blog.html', context=context)
  File "/home/kawr/.virtualenvs/potfolioenv/lib/python3.10/site-packages/django/shortcuts.py", line 24, in render
    content = loader.render_to_string(template_name, context, request, using=using)
  File "/home/kawr/.virtualenvs/potfolioenv/lib/python3.10/site-packages/django/template/loader.py", line 62, in render_to_string
    return template.render(context, request)
  File "/home/kawr/.virtualenvs/potfolioenv/lib/python3.10/site-packages/django/template/backends/django.py", line 63, in render
    reraise(exc, self.backend)
  File "/home/kawr/.virtualenvs/potfolioenv/lib/python3.10/site-packages/django/template/backends/django.py", line 84, in reraise
    raise new from exc
django.template.exceptions.TemplateDoesNotExist: portfolio/base.html 
WARNING 2023-10-09 00:20:54,008 log 2 139719876478848 Not Found: /static/admin/css/base.css
WARNING 2023-10-09 00:20:54,016 log 2 139719876478848 Not Found: /static/admin/css/dark_mode.css
WARNING 2023-10-09 00:20:54,186 log 2 139719876478848 Not Found: /static/admin/css/nav_sidebar.css
WARNING 2023-10-09 00:20:54,207 log 2 139719876478848 Not Found: /static/admin/css/login.css
WARNING 2023-10-09 00:20:54,332 log 2 139719876478848 Not Found: /static/admin/css/responsive.css
WARNING 2023-10-09 00:20:54,341 log 2 139719876478848 Not Found: /static/admin/js/theme.js
WARNING 2023-10-09 00:20:54,363 log 2 139719876478848 Not Found: /static/admin/js/nav_sidebar.js
WARNING 2023-10-09 00:21:10,866 log 2 139719876478848 Not Found: /static/admin/css/base.css
WARNING 2023-10-09 00:21:10,874 log 2 139719876478848 Not Found: /static/admin/css/dark_mode.css
WARNING 2023-10-09 00:21:10,880 log 2 139719876478848 Not Found: /static/admin/css/nav_sidebar.css
WARNING 2023-10-09 00:21:10,887 log 2 139719876478848 Not Found: /static/admin/css/login.css
WARNING 2023-10-09 00:21:10,894 log 2 139719876478848 Not Found: /static/admin/css/responsive.css
WARNING 2023-10-09 00:21:10,900 log 2 139719876478848 Not Found: /static/admin/js/theme.js
WARNING 2023-10-09 00:21:11,056 log 2 139719876478848 Not Found: /static/admin/js/nav_sidebar.js
WARNING 2023-10-09 00:21:18,749 log 2 139719876478848 Not Found: /static/admin/css/nav_sidebar.css
WARNING 2023-10-09 00:21:18,758 log 2 139719876478848 Not Found: /static/admin/css/responsive.css
WARNING 2023-10-09 00:21:18,767 log 2 139719876478848 Not Found: /static/admin/css/dashboard.css
WARNING 2023-10-09 00:21:18,775 log 2 139719876478848 Not Found: /static/admin/css/base.css
WARNING 2023-10-09 00:21:18,783 log 2 139719876478848 Not Found: /static/admin/css/dark_mode.css
WARNING 2023-10-09 00:21:18,790 log 2 139719876478848 Not Found: /static/admin/js/theme.js
WARNING 2023-10-09 00:21:18,913 log 2 139719876478848 Not Found: /static/admin/js/nav_sidebar.js
WARNING 2023-10-09 00:24:21,451 log 2 139703197570944 Not Found: /static/admin/css/dark_mode.css
WARNING 2023-10-09 00:24:21,463 log 2 139703197570944 Not Found: /static/admin/css/base.css
WARNING 2023-10-09 00:24:21,634 log 2 139703197570944 Not Found: /static/admin/css/dashboard.css
WARNING 2023-10-09 00:24:21,650 log 2 139703197570944 Not Found: /static/admin/css/nav_sidebar.css
WARNING 2023-10-09 00:24:21,787 log 2 139703197570944 Not Found: /static/admin/css/responsive.css
WARNING 2023-10-09 00:24:21,802 log 2 139703197570944 Not Found: /static/admin/js/nav_sidebar.js
WARNING 2023-10-09 00:24:21,809 log 2 139703197570944 Not Found: /static/admin/js/theme.js
WARNING 2023-10-09 00:31:14,148 log 2 139660803377024 Not Found: /favicon.ico
WARNING 2023-10-09 00:41:43,770 log 2 140330264995712 Not Found: /portfolio/blog
WARNING 2023-10-09 00:41:44,274 log 2 140330264995712 Not Found: /favicon.ico
WARNING 2023-10-09 07:59:31,354 log 2 140330264995712 Not Found: /favicon.ico
WARNING 2023-10-09 08:07:33,104 log 2 140373563258752 Not Found: /favicon.ico
WARNING 2023-10-09 08:09:20,923 log 2 140373563258752 Not Found: /favicon.ico
ERROR 2023-10-09 08:26:43,503 log 2 139799555319680 Internal Server Error: /portfolio/
Traceback (most recent call last):
  File "/home/kawr/.virtualenvs/potfolioenv/lib/python3.10/site-packages/django/template/base.py", line 505, in parse
    compile_func = self.tags[command]
KeyError: 'URL'

During handling of the above exception, another exception occurred:

Traceback (most recent call last):
  File "/home/kawr/.virtualenvs/potfolioenv/lib/python3.10/site-packages/django/core/handlers/exception.py", line 55, in inner
    response = get_response(request)
  File "/home/kawr/.virtualenvs/potfolioenv/lib/python3.10/site-packages/django/core/handlers/base.py", line 197, in _get_response
    response = wrapped_callback(request, *callback_args, **callback_kwargs)
  File "/home/kawr/my_testing_project/./portfolio/views.py", line 15, in index
    return render(request, 'portfolio/portfolio.html', context=context)
  File "/home/kawr/.virtualenvs/potfolioenv/lib/python3.10/site-packages/django/shortcuts.py", line 24, in render
    content = loader.render_to_string(template_name, context, request, using=using)
  File "/home/kawr/.virtualenvs/potfolioenv/lib/python3.10/site-packages/django/template/loader.py", line 62, in render_to_string
    return template.render(context, request)
  File "/home/kawr/.virtualenvs/potfolioenv/lib/python3.10/site-packages/django/template/backends/django.py", line 61, in render
    return self.template.render(context)
  File "/home/kawr/.virtualenvs/potfolioenv/lib/python3.10/site-packages/django/template/base.py", line 175, in render
    return self._render(context)
  File "/home/kawr/.virtualenvs/potfolioenv/lib/python3.10/site-packages/django/template/base.py", line 167, in _render
    return self.nodelist.render(context)
  File "/home/kawr/.virtualenvs/potfolioenv/lib/python3.10/site-packages/django/template/base.py", line 1005, in render
    return SafeString("".join([node.render_annotated(context) for node in self]))
  File "/home/kawr/.virtualenvs/potfolioenv/lib/python3.10/site-packages/django/template/base.py", line 1005, in <listcomp>
    return SafeString("".join([node.render_annotated(context) for node in self]))
  File "/home/kawr/.virtualenvs/potfolioenv/lib/python3.10/site-packages/django/template/base.py", line 966, in render_annotated
    return self.render(context)
  File "/home/kawr/.virtualenvs/potfolioenv/lib/python3.10/site-packages/django/template/loader_tags.py", line 132, in render
    compiled_parent = self.get_parent(context)
  File "/home/kawr/.virtualenvs/potfolioenv/lib/python3.10/site-packages/django/template/loader_tags.py", line 129, in get_parent
    return self.find_template(parent, context)
  File "/home/kawr/.virtualenvs/potfolioenv/lib/python3.10/site-packages/django/template/loader_tags.py", line 107, in find_template
    template, origin = context.template.engine.find_template(
  File "/home/kawr/.virtualenvs/potfolioenv/lib/python3.10/site-packages/django/template/engine.py", line 157, in find_template
    template = loader.get_template(name, skip=skip)
  File "/home/kawr/.virtualenvs/potfolioenv/lib/python3.10/site-packages/django/template/loaders/cached.py", line 57, in get_template
    template = super().get_template(template_name, skip)
  File "/home/kawr/.virtualenvs/potfolioenv/lib/python3.10/site-packages/django/template/loaders/base.py", line 28, in get_template
    return Template(
  File "/home/kawr/.virtualenvs/potfolioenv/lib/python3.10/site-packages/django/template/base.py", line 154, in __init__
    self.nodelist = self.compile_nodelist()
  File "/home/kawr/.virtualenvs/potfolioenv/lib/python3.10/site-packages/django/template/base.py", line 200, in compile_nodelist
    return parser.parse()
  File "/home/kawr/.virtualenvs/potfolioenv/lib/python3.10/site-packages/django/template/base.py", line 507, in parse
    self.invalid_block_tag(token, command, parse_until)
  File "/home/kawr/.virtualenvs/potfolioenv/lib/python3.10/site-packages/django/template/base.py", line 568, in invalid_block_tag
    raise self.error(
django.template.exceptions.TemplateSyntaxError: Invalid block tag on line 58: 'URL'. Did you forget to register or load this tag?
WARNING 2023-10-09 09:10:20,719 log 2 139936906459008 Not Found: /favicon.ico
